<?xml version="1.0" encoding="UTF-8"?>
<!-- Generated by org.testng.reporters.JUnitXMLReporter -->
<testsuite ignored="0" hostname="n-kv-tych1o-f81" failures="0" tests="13" name="Regression" time="45.365" errors="0" timestamp="2023-07-25T17:42:19 EEST">
  <testcase classname="API.tests.CreateUserTest" name="createUserValid" time="3.513"/>
  <testcase classname="API.tests.DeleteUserTest" name="deleteUserTest" time="0.528"/>
  <testcase classname="API.tests.ProjectTest" name="createProjectValid" time="0.381"/>
  <testcase classname="API.tests.ProjectTest" name="deleteProjectValid" time="0.484"/>
  <testcase classname="API.tests.TaskTest" name="createTaskValid" time="0.668"/>
  <testcase classname="API.tests.TaskTest" name="deleteTaskValid" time="0.434"/>
  <testcase classname="COMBINED.TaskTest" name="AddCommentToTaskValidData" time="5.751"/>
  <testcase classname="COMBINED.TaskTest" name="closeTaskValidData" time="4.316"/>
  <testcase classname="COMBINED.TaskTest" name="createTaskValidData" time="1.667"/>
  <testcase classname="UI.tests.ProjectTest" name="createProjectUI" time="2.153"/>
  <testcase classname="UI.tests.LogInTest" name="loginWithCorrectCredentialAdmin" time="0.604"/>
  <testcase classname="UI.tests.LogInTest" name="loginWithIncorrectPassword" time="0.559"/>
  <testcase classname="UI.tests.LogInTest" name="loginWithIncorrectUsername" time="0.503"/>
</testsuite> <!-- Regression -->
