<?xml version="1.0" encoding="UTF-8"?>
<!-- Generated by org.testng.reporters.JUnitXMLReporter -->
<testsuite ignored="0" hostname="n-kv-tych1o-f81" failures="0" tests="6" name="Regression" time="7.642" errors="0" timestamp="2023-07-26T22:41:21 EEST">
  <testcase classname="API.tests.CreateUserTest" name="createUserValid" time="3.245"/>
  <testcase classname="API.tests.DeleteUserTest" name="deleteUserTest" time="0.306"/>
  <testcase classname="API.tests.ProjectTest" name="createProjectValid" time="0.304"/>
  <testcase classname="API.tests.ProjectTest" name="deleteProjectValid" time="0.236"/>
  <testcase classname="API.tests.TaskTest" name="createTaskValid" time="0.427"/>
  <testcase classname="API.tests.TaskTest" name="deleteTaskValid" time="0.392"/>
</testsuite> <!-- Regression -->
