<?xml version="1.0" encoding="UTF-8"?>
<testsuite xmlns:xsi="http://www.w3.org/2001/XMLSchema-instance" xsi:noNamespaceSchemaLocation="https://maven.apache.org/surefire/maven-surefire-plugin/xsd/surefire-test-report-3.0.xsd" version="3.0" name="TestSuite" time="9.753" tests="6" errors="0" skipped="0" failures="0">
  <properties>
[...]
</properties>
  <testcase name="createUserValid" classname="API.tests.CreateUserTest" time="3.258">
    <system-out><![CDATA[22:41:11.698 [main] DEBUG org.testng.TestNG - suiteXmlPath: "C:\Users\k.shmana\Desktop\r_d\Kanboard\src\test\resources\API_TESTS.xml"
22:41:11.739 [main] WARN org.testng.xml.TestNGContentHandler - It is strongly recommended to add "<!DOCTYPE suite SYSTEM "https://testng.org/testng-1.0.dtd" >" at the top of the suite file [C:\Users\k.shmana\Desktop\r_d\Kanboard\src\test\resources\API_TESTS.XML] otherwise TestNG may fail or not work as expected.
22:41:13.304 [main] WARN org.testng.internal.Configuration - Detected a static method [API.tests.BaseTest.createUser()]. Static configuration methods can cause  unexpected behavior.
22:41:13.310 [main] WARN org.testng.internal.Configuration - Detected a static method [API.tests.BaseTest.createUser()]. Static configuration methods can cause  unexpected behavior.
Request method:	POST
Request URI:	http://localhost:81/jsonrpc.php
Proxy:			<none>
Request params:	<none>
Query params:	<none>
Form params:	<none>
Path params:	<none>
Headers:		Accept=*/*
				Content-Type=text/plain; charset=ISO-8859-1
Cookies:		<none>
Multiparts:		<none>
Body:
{"jsonrpc":"2.0","method":"createUser","id":123123,"params":{"username":"kyryloAPITestLogin","password":"kyryloAPITestPassword","name":"kyrylo","email":"kyryloAPITest@mail.com","role":"app-manager"}}
22:41:16.976 [main] DEBUG org.apache.http.impl.conn.BasicClientConnectionManager - Get connection for route {}->http://localhost:81
22:41:16.999 [main] DEBUG org.apache.http.impl.conn.DefaultClientConnectionOperator - Connecting to localhost:81
22:41:17.038 [main] DEBUG org.apache.http.client.protocol.RequestAddCookies - CookieSpec selected: ignoreCookies
22:41:17.041 [main] DEBUG org.apache.http.client.protocol.RequestAuthCache - Auth cache not set in the context
22:41:17.042 [main] DEBUG org.apache.http.client.protocol.RequestTargetAuthentication - Target auth state: UNCHALLENGED
22:41:17.042 [main] DEBUG org.apache.http.client.protocol.RequestProxyAuthentication - Proxy auth state: UNCHALLENGED
22:41:17.044 [main] DEBUG org.apache.http.impl.client.DefaultHttpClient - Attempt 1 to execute request
22:41:17.044 [main] DEBUG org.apache.http.impl.conn.DefaultClientConnection - Sending request: POST /jsonrpc.php HTTP/1.1
22:41:17.044 [main] DEBUG org.apache.http.wire -  >> "POST /jsonrpc.php HTTP/1.1[\r][\n]"
22:41:17.046 [main] DEBUG org.apache.http.wire -  >> "Accept: */*[\r][\n]"
22:41:17.046 [main] DEBUG org.apache.http.wire -  >> "Content-Type: text/plain; charset=ISO-8859-1[\r][\n]"
22:41:17.047 [main] DEBUG org.apache.http.wire -  >> "Content-Length: 199[\r][\n]"
22:41:17.047 [main] DEBUG org.apache.http.wire -  >> "Host: localhost:81[\r][\n]"
22:41:17.047 [main] DEBUG org.apache.http.wire -  >> "Connection: Keep-Alive[\r][\n]"
22:41:17.047 [main] DEBUG org.apache.http.wire -  >> "User-Agent: Apache-HttpClient/4.5.13 (Java/17)[\r][\n]"
22:41:17.047 [main] DEBUG org.apache.http.wire -  >> "Accept-Encoding: gzip,deflate[\r][\n]"
22:41:17.047 [main] DEBUG org.apache.http.wire -  >> "[\r][\n]"
22:41:17.047 [main] DEBUG org.apache.http.headers - >> POST /jsonrpc.php HTTP/1.1
22:41:17.047 [main] DEBUG org.apache.http.headers - >> Accept: */*
22:41:17.047 [main] DEBUG org.apache.http.headers - >> Content-Type: text/plain; charset=ISO-8859-1
22:41:17.047 [main] DEBUG org.apache.http.headers - >> Content-Length: 199
22:41:17.047 [main] DEBUG org.apache.http.headers - >> Host: localhost:81
22:41:17.047 [main] DEBUG org.apache.http.headers - >> Connection: Keep-Alive
22:41:17.047 [main] DEBUG org.apache.http.headers - >> User-Agent: Apache-HttpClient/4.5.13 (Java/17)
22:41:17.048 [main] DEBUG org.apache.http.headers - >> Accept-Encoding: gzip,deflate
22:41:17.048 [main] DEBUG org.apache.http.wire -  >> "{"jsonrpc":"2.0","method":"createUser","id":123123,"params":{"username":"kyryloAPITestLogin","password":"kyryloAPITestPassword","name":"kyrylo","email":"kyryloAPITest@mail.com","role":"app-manager"}}"
22:41:17.062 [main] DEBUG org.apache.http.wire -  << "HTTP/1.1 401 Unauthorized[\r][\n]"
22:41:17.066 [main] DEBUG org.apache.http.wire -  << "Server: nginx[\r][\n]"
22:41:17.066 [main] DEBUG org.apache.http.wire -  << "Date: Wed, 26 Jul 2023 19:41:17 GMT[\r][\n]"
22:41:17.066 [main] DEBUG org.apache.http.wire -  << "Content-Type: application/json[\r][\n]"
22:41:17.066 [main] DEBUG org.apache.http.wire -  << "Transfer-Encoding: chunked[\r][\n]"
22:41:17.066 [main] DEBUG org.apache.http.wire -  << "Connection: keep-alive[\r][\n]"
22:41:17.066 [main] DEBUG org.apache.http.wire -  << "WWW-Authenticate: Basic realm="JsonRPC"[\r][\n]"
22:41:17.066 [main] DEBUG org.apache.http.wire -  << "[\r][\n]"
22:41:17.067 [main] DEBUG org.apache.http.impl.conn.DefaultClientConnection - Receiving response: HTTP/1.1 401 Unauthorized
22:41:17.067 [main] DEBUG org.apache.http.headers - << HTTP/1.1 401 Unauthorized
22:41:17.068 [main] DEBUG org.apache.http.headers - << Server: nginx
22:41:17.068 [main] DEBUG org.apache.http.headers - << Date: Wed, 26 Jul 2023 19:41:17 GMT
22:41:17.068 [main] DEBUG org.apache.http.headers - << Content-Type: application/json
22:41:17.068 [main] DEBUG org.apache.http.headers - << Transfer-Encoding: chunked
22:41:17.068 [main] DEBUG org.apache.http.headers - << Connection: keep-alive
22:41:17.068 [main] DEBUG org.apache.http.headers - << WWW-Authenticate: Basic realm="JsonRPC"
22:41:17.080 [main] DEBUG org.apache.http.impl.client.DefaultHttpClient - Connection can be kept alive indefinitely
22:41:17.081 [main] DEBUG org.apache.http.impl.client.DefaultHttpClient - Authentication required
22:41:17.083 [main] DEBUG org.apache.http.impl.client.DefaultHttpClient - localhost:81 requested authentication
22:41:17.083 [main] DEBUG org.apache.http.impl.client.TargetAuthenticationStrategy - Authentication schemes in the order of preference: [Negotiate, Kerberos, NTLM, CredSSP, Digest, Basic]
22:41:17.083 [main] DEBUG org.apache.http.impl.client.TargetAuthenticationStrategy - Challenge for Negotiate authentication scheme not available
22:41:17.083 [main] DEBUG org.apache.http.impl.client.TargetAuthenticationStrategy - Challenge for Kerberos authentication scheme not available
22:41:17.083 [main] DEBUG org.apache.http.impl.client.TargetAuthenticationStrategy - Challenge for NTLM authentication scheme not available
22:41:17.083 [main] DEBUG org.apache.http.impl.client.TargetAuthenticationStrategy - Challenge for CredSSP authentication scheme not available
22:41:17.083 [main] DEBUG org.apache.http.impl.client.TargetAuthenticationStrategy - Challenge for Digest authentication scheme not available
22:41:17.089 [main] DEBUG org.apache.http.impl.client.DefaultHttpClient - Selected authentication options: [BASIC [complete=true]]
22:41:17.090 [main] DEBUG org.apache.http.wire -  << "49[\r][\n]"
22:41:17.090 [main] DEBUG org.apache.http.wire -  << "{"jsonrpc":"2.0","error":{"code":401,"message":"Unauthorized"},"id":null}"
22:41:17.091 [main] DEBUG org.apache.http.wire -  << "[\r][\n]"
22:41:17.091 [main] DEBUG org.apache.http.wire -  << "0[\r][\n]"
22:41:17.091 [main] DEBUG org.apache.http.wire -  << "[\r][\n]"
22:41:17.091 [main] DEBUG org.apache.http.client.protocol.RequestAddCookies - CookieSpec selected: ignoreCookies
22:41:17.091 [main] DEBUG org.apache.http.client.protocol.RequestAuthCache - Auth cache not set in the context
22:41:17.091 [main] DEBUG org.apache.http.client.protocol.RequestTargetAuthentication - Target auth state: CHALLENGED
22:41:17.092 [main] DEBUG org.apache.http.client.protocol.RequestTargetAuthentication - Generating response to an authentication challenge using basic scheme
22:41:17.103 [main] DEBUG org.apache.http.client.protocol.RequestProxyAuthentication - Proxy auth state: UNCHALLENGED
22:41:17.103 [main] DEBUG org.apache.http.impl.client.DefaultHttpClient - Attempt 2 to execute request
22:41:17.103 [main] DEBUG org.apache.http.impl.conn.DefaultClientConnection - Sending request: POST /jsonrpc.php HTTP/1.1
22:41:17.103 [main] DEBUG org.apache.http.wire -  >> "POST /jsonrpc.php HTTP/1.1[\r][\n]"
22:41:17.103 [main] DEBUG org.apache.http.wire -  >> "Accept: */*[\r][\n]"
22:41:17.103 [main] DEBUG org.apache.http.wire -  >> "Content-Type: text/plain; charset=ISO-8859-1[\r][\n]"
22:41:17.103 [main] DEBUG org.apache.http.wire -  >> "Content-Length: 199[\r][\n]"
22:41:17.103 [main] DEBUG org.apache.http.wire -  >> "Host: localhost:81[\r][\n]"
22:41:17.103 [main] DEBUG org.apache.http.wire -  >> "Connection: Keep-Alive[\r][\n]"
22:41:17.103 [main] DEBUG org.apache.http.wire -  >> "User-Agent: Apache-HttpClient/4.5.13 (Java/17)[\r][\n]"
22:41:17.104 [main] DEBUG org.apache.http.wire -  >> "Authorization: Basic YWRtaW46YWRtaW4=[\r][\n]"
22:41:17.104 [main] DEBUG org.apache.http.wire -  >> "Accept-Encoding: gzip,deflate[\r][\n]"
22:41:17.104 [main] DEBUG org.apache.http.wire -  >> "[\r][\n]"
22:41:17.104 [main] DEBUG org.apache.http.headers - >> POST /jsonrpc.php HTTP/1.1
22:41:17.104 [main] DEBUG org.apache.http.headers - >> Accept: */*
22:41:17.104 [main] DEBUG org.apache.http.headers - >> Content-Type: text/plain; charset=ISO-8859-1
22:41:17.104 [main] DEBUG org.apache.http.headers - >> Content-Length: 199
22:41:17.104 [main] DEBUG org.apache.http.headers - >> Host: localhost:81
22:41:17.105 [main] DEBUG org.apache.http.headers - >> Connection: Keep-Alive
22:41:17.105 [main] DEBUG org.apache.http.headers - >> User-Agent: Apache-HttpClient/4.5.13 (Java/17)
22:41:17.105 [main] DEBUG org.apache.http.headers - >> Authorization: Basic YWRtaW46YWRtaW4=
22:41:17.105 [main] DEBUG org.apache.http.headers - >> Accept-Encoding: gzip,deflate
22:41:17.105 [main] DEBUG org.apache.http.wire -  >> "{"jsonrpc":"2.0","method":"createUser","id":123123,"params":{"username":"kyryloAPITestLogin","password":"kyryloAPITestPassword","name":"kyrylo","email":"kyryloAPITest@mail.com","role":"app-manager"}}"
22:41:17.338 [main] DEBUG org.apache.http.wire -  << "HTTP/1.1 200 OK[\r][\n]"
22:41:17.339 [main] DEBUG org.apache.http.wire -  << "Server: nginx[\r][\n]"
22:41:17.339 [main] DEBUG org.apache.http.wire -  << "Date: Wed, 26 Jul 2023 19:41:17 GMT[\r][\n]"
22:41:17.339 [main] DEBUG org.apache.http.wire -  << "Content-Type: application/json[\r][\n]"
22:41:17.339 [main] DEBUG org.apache.http.wire -  << "Transfer-Encoding: chunked[\r][\n]"
22:41:17.339 [main] DEBUG org.apache.http.wire -  << "Connection: keep-alive[\r][\n]"
22:41:17.339 [main] DEBUG org.apache.http.wire -  << "Vary: Accept-Encoding[\r][\n]"
22:41:17.339 [main] DEBUG org.apache.http.wire -  << "Content-Encoding: gzip[\r][\n]"
22:41:17.339 [main] DEBUG org.apache.http.wire -  << "[\r][\n]"
22:41:17.339 [main] DEBUG org.apache.http.impl.conn.DefaultClientConnection - Receiving response: HTTP/1.1 200 OK
22:41:17.339 [main] DEBUG org.apache.http.headers - << HTTP/1.1 200 OK
22:41:17.339 [main] DEBUG org.apache.http.headers - << Server: nginx
22:41:17.339 [main] DEBUG org.apache.http.headers - << Date: Wed, 26 Jul 2023 19:41:17 GMT
22:41:17.339 [main] DEBUG org.apache.http.headers - << Content-Type: application/json
22:41:17.339 [main] DEBUG org.apache.http.headers - << Transfer-Encoding: chunked
22:41:17.339 [main] DEBUG org.apache.http.headers - << Connection: keep-alive
22:41:17.339 [main] DEBUG org.apache.http.headers - << Vary: Accept-Encoding
22:41:17.339 [main] DEBUG org.apache.http.headers - << Content-Encoding: gzip
22:41:17.340 [main] DEBUG org.apache.http.impl.client.DefaultHttpClient - Connection can be kept alive indefinitely
22:41:17.340 [main] DEBUG org.apache.http.impl.client.DefaultHttpClient - Authentication succeeded
22:41:17.342 [main] DEBUG org.apache.http.impl.client.TargetAuthenticationStrategy - Caching 'basic' auth scheme for http://localhost:81
22:41:17.356 [main] DEBUG io.restassured.internal.RestAssuredHttpBuilder - Parsing response as: application/json
22:41:17.357 [main] DEBUG org.apache.http.wire -  << "3c[\r][\n]"
22:41:17.357 [main] DEBUG org.apache.http.wire -  << "[0x1f][0x8b][0x8][0x0][0x0][0x0][0x0][0x0][0x0][0x3][0xab]V[0xca]*[0xce][0xcf]+*HV[0xb2]R2[0xd2]3P[0xd2]Q*J-.[0xcd])Q[0xb2]2[0xb5]0[0xd4]Q[0xca]LQ[0xb2]242[0x6][0xa2]Z[0x0]O[0xfc][0x1f][0xf0]*[0x0][0x0][0x0]"
22:41:17.357 [main] DEBUG org.apache.http.wire -  << "[\r][\n]"
22:41:17.357 [main] DEBUG org.apache.http.wire -  << "0[\r][\n]"
22:41:17.358 [main] DEBUG org.apache.http.wire -  << "[\r][\n]"
22:41:17.358 [main] DEBUG io.restassured.internal.RestAssuredHttpBuilder - Parsed data to instance of: class org.apache.http.conn.EofSensorInputStream
22:41:17.489 [main] DEBUG org.apache.http.impl.conn.BasicClientConnectionManager - Releasing connection org.apache.http.impl.conn.ManagedClientConnectionImpl@1755aee6
22:41:17.489 [main] DEBUG org.apache.http.impl.conn.BasicClientConnectionManager - Connection can be kept alive indefinitely
{
    "jsonrpc": "2.0",
    "result": 581,
    "id": 123123
}
{
    "jsonrpc": "2.0",
    "result": 581,
    "id": 123123
}
Request method:	GET
Request URI:	http://localhost:81/jsonrpc.php
Proxy:			<none>
Request params:	<none>
Query params:	<none>
Form params:	<none>
Path params:	<none>
Headers:		Accept=*/*
				Content-Type=text/plain; charset=ISO-8859-1
Cookies:		<none>
Multiparts:		<none>
Body:
{"jsonrpc":"2.0","method":"getUser","id":123,"params":{"user_id":581}}
22:41:17.690 [main] DEBUG org.apache.http.impl.conn.BasicClientConnectionManager - Get connection for route {}->http://localhost:81
22:41:17.690 [main] DEBUG org.apache.http.impl.conn.DefaultClientConnectionOperator - Connecting to localhost:81
22:41:17.692 [main] DEBUG org.apache.http.client.protocol.RequestAddCookies - CookieSpec selected: ignoreCookies
22:41:17.692 [main] DEBUG org.apache.http.client.protocol.RequestAuthCache - Auth cache not set in the context
22:41:17.692 [main] DEBUG org.apache.http.client.protocol.RequestTargetAuthentication - Target auth state: UNCHALLENGED
22:41:17.692 [main] DEBUG org.apache.http.client.protocol.RequestProxyAuthentication - Proxy auth state: UNCHALLENGED
22:41:17.692 [main] DEBUG org.apache.http.impl.client.DefaultHttpClient - Attempt 1 to execute request
22:41:17.692 [main] DEBUG org.apache.http.impl.conn.DefaultClientConnection - Sending request: GET /jsonrpc.php HTTP/1.1
22:41:17.692 [main] DEBUG org.apache.http.wire -  >> "GET /jsonrpc.php HTTP/1.1[\r][\n]"
22:41:17.693 [main] DEBUG org.apache.http.wire -  >> "Accept: */*[\r][\n]"
22:41:17.693 [main] DEBUG org.apache.http.wire -  >> "Content-Type: text/plain; charset=ISO-8859-1[\r][\n]"
22:41:17.693 [main] DEBUG org.apache.http.wire -  >> "Content-Length: 70[\r][\n]"
22:41:17.693 [main] DEBUG org.apache.http.wire -  >> "Host: localhost:81[\r][\n]"
22:41:17.693 [main] DEBUG org.apache.http.wire -  >> "Connection: Keep-Alive[\r][\n]"
22:41:17.693 [main] DEBUG org.apache.http.wire -  >> "User-Agent: Apache-HttpClient/4.5.13 (Java/17)[\r][\n]"
22:41:17.693 [main] DEBUG org.apache.http.wire -  >> "Accept-Encoding: gzip,deflate[\r][\n]"
22:41:17.693 [main] DEBUG org.apache.http.wire -  >> "[\r][\n]"
22:41:17.693 [main] DEBUG org.apache.http.headers - >> GET /jsonrpc.php HTTP/1.1
22:41:17.693 [main] DEBUG org.apache.http.headers - >> Accept: */*
22:41:17.693 [main] DEBUG org.apache.http.headers - >> Content-Type: text/plain; charset=ISO-8859-1
22:41:17.693 [main] DEBUG org.apache.http.headers - >> Content-Length: 70
22:41:17.693 [main] DEBUG org.apache.http.headers - >> Host: localhost:81
22:41:17.693 [main] DEBUG org.apache.http.headers - >> Connection: Keep-Alive
22:41:17.693 [main] DEBUG org.apache.http.headers - >> User-Agent: Apache-HttpClient/4.5.13 (Java/17)
22:41:17.693 [main] DEBUG org.apache.http.headers - >> Accept-Encoding: gzip,deflate
22:41:17.694 [main] DEBUG org.apache.http.wire -  >> "{"jsonrpc":"2.0","method":"getUser","id":123,"params":{"user_id":581}}"
22:41:17.702 [main] DEBUG org.apache.http.wire -  << "HTTP/1.1 401 Unauthorized[\r][\n]"
22:41:17.702 [main] DEBUG org.apache.http.wire -  << "Server: nginx[\r][\n]"
22:41:17.702 [main] DEBUG org.apache.http.wire -  << "Date: Wed, 26 Jul 2023 19:41:17 GMT[\r][\n]"
22:41:17.703 [main] DEBUG org.apache.http.wire -  << "Content-Type: application/json[\r][\n]"
22:41:17.703 [main] DEBUG org.apache.http.wire -  << "Transfer-Encoding: chunked[\r][\n]"
22:41:17.703 [main] DEBUG org.apache.http.wire -  << "Connection: keep-alive[\r][\n]"
22:41:17.703 [main] DEBUG org.apache.http.wire -  << "WWW-Authenticate: Basic realm="JsonRPC"[\r][\n]"
22:41:17.703 [main] DEBUG org.apache.http.wire -  << "[\r][\n]"
22:41:17.703 [main] DEBUG org.apache.http.impl.conn.DefaultClientConnection - Receiving response: HTTP/1.1 401 Unauthorized
22:41:17.703 [main] DEBUG org.apache.http.headers - << HTTP/1.1 401 Unauthorized
22:41:17.703 [main] DEBUG org.apache.http.headers - << Server: nginx
22:41:17.703 [main] DEBUG org.apache.http.headers - << Date: Wed, 26 Jul 2023 19:41:17 GMT
22:41:17.703 [main] DEBUG org.apache.http.headers - << Content-Type: application/json
22:41:17.703 [main] DEBUG org.apache.http.headers - << Transfer-Encoding: chunked
22:41:17.703 [main] DEBUG org.apache.http.headers - << Connection: keep-alive
22:41:17.703 [main] DEBUG org.apache.http.headers - << WWW-Authenticate: Basic realm="JsonRPC"
22:41:17.704 [main] DEBUG org.apache.http.impl.client.DefaultHttpClient - Connection can be kept alive indefinitely
22:41:17.704 [main] DEBUG org.apache.http.impl.client.DefaultHttpClient - Authentication required
22:41:17.704 [main] DEBUG org.apache.http.impl.client.DefaultHttpClient - localhost:81 requested authentication
22:41:17.704 [main] DEBUG org.apache.http.impl.client.TargetAuthenticationStrategy - Authentication schemes in the order of preference: [Negotiate, Kerberos, NTLM, CredSSP, Digest, Basic]
22:41:17.704 [main] DEBUG org.apache.http.impl.client.TargetAuthenticationStrategy - Challenge for Negotiate authentication scheme not available
22:41:17.704 [main] DEBUG org.apache.http.impl.client.TargetAuthenticationStrategy - Challenge for Kerberos authentication scheme not available
22:41:17.704 [main] DEBUG org.apache.http.impl.client.TargetAuthenticationStrategy - Challenge for NTLM authentication scheme not available
22:41:17.704 [main] DEBUG org.apache.http.impl.client.TargetAuthenticationStrategy - Challenge for CredSSP authentication scheme not available
22:41:17.704 [main] DEBUG org.apache.http.impl.client.TargetAuthenticationStrategy - Challenge for Digest authentication scheme not available
22:41:17.704 [main] DEBUG org.apache.http.impl.client.DefaultHttpClient - Selected authentication options: [BASIC [complete=true]]
22:41:17.704 [main] DEBUG org.apache.http.wire -  << "49[\r][\n]"
22:41:17.704 [main] DEBUG org.apache.http.wire -  << "{"jsonrpc":"2.0","error":{"code":401,"message":"Unauthorized"},"id":null}"
22:41:17.704 [main] DEBUG org.apache.http.wire -  << "[\r][\n]"
22:41:17.704 [main] DEBUG org.apache.http.wire -  << "0[\r][\n]"
22:41:17.704 [main] DEBUG org.apache.http.wire -  << "[\r][\n]"
22:41:17.704 [main] DEBUG org.apache.http.client.protocol.RequestAddCookies - CookieSpec selected: ignoreCookies
22:41:17.705 [main] DEBUG org.apache.http.client.protocol.RequestAuthCache - Auth cache not set in the context
22:41:17.705 [main] DEBUG org.apache.http.client.protocol.RequestTargetAuthentication - Target auth state: CHALLENGED
22:41:17.705 [main] DEBUG org.apache.http.client.protocol.RequestTargetAuthentication - Generating response to an authentication challenge using basic scheme
22:41:17.705 [main] DEBUG org.apache.http.client.protocol.RequestProxyAuthentication - Proxy auth state: UNCHALLENGED
22:41:17.705 [main] DEBUG org.apache.http.impl.client.DefaultHttpClient - Attempt 2 to execute request
22:41:17.705 [main] DEBUG org.apache.http.impl.conn.DefaultClientConnection - Sending request: GET /jsonrpc.php HTTP/1.1
22:41:17.705 [main] DEBUG org.apache.http.wire -  >> "GET /jsonrpc.php HTTP/1.1[\r][\n]"
22:41:17.705 [main] DEBUG org.apache.http.wire -  >> "Accept: */*[\r][\n]"
22:41:17.705 [main] DEBUG org.apache.http.wire -  >> "Content-Type: text/plain; charset=ISO-8859-1[\r][\n]"
22:41:17.705 [main] DEBUG org.apache.http.wire -  >> "Content-Length: 70[\r][\n]"
22:41:17.705 [main] DEBUG org.apache.http.wire -  >> "Host: localhost:81[\r][\n]"
22:41:17.705 [main] DEBUG org.apache.http.wire -  >> "Connection: Keep-Alive[\r][\n]"
22:41:17.705 [main] DEBUG org.apache.http.wire -  >> "User-Agent: Apache-HttpClient/4.5.13 (Java/17)[\r][\n]"
22:41:17.705 [main] DEBUG org.apache.http.wire -  >> "Authorization: Basic YWRtaW46YWRtaW4=[\r][\n]"
22:41:17.705 [main] DEBUG org.apache.http.wire -  >> "Accept-Encoding: gzip,deflate[\r][\n]"
22:41:17.705 [main] DEBUG org.apache.http.wire -  >> "[\r][\n]"
22:41:17.705 [main] DEBUG org.apache.http.headers - >> GET /jsonrpc.php HTTP/1.1
22:41:17.705 [main] DEBUG org.apache.http.headers - >> Accept: */*
22:41:17.705 [main] DEBUG org.apache.http.headers - >> Content-Type: text/plain; charset=ISO-8859-1
22:41:17.705 [main] DEBUG org.apache.http.headers - >> Content-Length: 70
22:41:17.705 [main] DEBUG org.apache.http.headers - >> Host: localhost:81
22:41:17.705 [main] DEBUG org.apache.http.headers - >> Connection: Keep-Alive
22:41:17.706 [main] DEBUG org.apache.http.headers - >> User-Agent: Apache-HttpClient/4.5.13 (Java/17)
22:41:17.706 [main] DEBUG org.apache.http.headers - >> Authorization: Basic YWRtaW46YWRtaW4=
22:41:17.706 [main] DEBUG org.apache.http.headers - >> Accept-Encoding: gzip,deflate
22:41:17.706 [main] DEBUG org.apache.http.wire -  >> "{"jsonrpc":"2.0","method":"getUser","id":123,"params":{"user_id":581}}"
22:41:17.814 [main] DEBUG org.apache.http.wire -  << "HTTP/1.1 200 OK[\r][\n]"
22:41:17.814 [main] DEBUG org.apache.http.wire -  << "Server: nginx[\r][\n]"
22:41:17.814 [main] DEBUG org.apache.http.wire -  << "Date: Wed, 26 Jul 2023 19:41:17 GMT[\r][\n]"
22:41:17.815 [main] DEBUG org.apache.http.wire -  << "Content-Type: application/json[\r][\n]"
22:41:17.815 [main] DEBUG org.apache.http.wire -  << "Transfer-Encoding: chunked[\r][\n]"
22:41:17.815 [main] DEBUG org.apache.http.wire -  << "Connection: keep-alive[\r][\n]"
22:41:17.815 [main] DEBUG org.apache.http.wire -  << "Vary: Accept-Encoding[\r][\n]"
22:41:17.815 [main] DEBUG org.apache.http.wire -  << "Content-Encoding: gzip[\r][\n]"
22:41:17.815 [main] DEBUG org.apache.http.wire -  << "[\r][\n]"
22:41:17.815 [main] DEBUG org.apache.http.impl.conn.DefaultClientConnection - Receiving response: HTTP/1.1 200 OK
22:41:17.815 [main] DEBUG org.apache.http.headers - << HTTP/1.1 200 OK
22:41:17.815 [main] DEBUG org.apache.http.headers - << Server: nginx
22:41:17.815 [main] DEBUG org.apache.http.headers - << Date: Wed, 26 Jul 2023 19:41:17 GMT
22:41:17.815 [main] DEBUG org.apache.http.headers - << Content-Type: application/json
22:41:17.815 [main] DEBUG org.apache.http.headers - << Transfer-Encoding: chunked
22:41:17.815 [main] DEBUG org.apache.http.headers - << Connection: keep-alive
22:41:17.815 [main] DEBUG org.apache.http.headers - << Vary: Accept-Encoding
22:41:17.815 [main] DEBUG org.apache.http.headers - << Content-Encoding: gzip
22:41:17.815 [main] DEBUG org.apache.http.impl.client.DefaultHttpClient - Connection can be kept alive indefinitely
22:41:17.815 [main] DEBUG org.apache.http.impl.client.DefaultHttpClient - Authentication succeeded
22:41:17.815 [main] DEBUG org.apache.http.impl.client.TargetAuthenticationStrategy - Caching 'basic' auth scheme for http://localhost:81
22:41:17.815 [main] DEBUG io.restassured.internal.RestAssuredHttpBuilder - Parsing response as: application/json
22:41:17.816 [main] DEBUG org.apache.http.wire -  << "16c[\r][\n]"
22:41:17.816 [main] DEBUG org.apache.http.wire -  << "[0x1f][0x8b][0x8][0x0][0x0][0x0][0x0][0x0][0x0][0x3]][0x91]OO[0x2]1[0x10][0xc5][0xbf]K[0xc3][0x11]Wv[0x5]5[0x9c]$&[0x1a][0x83][0x6][0xe][0xe8][0xb5][0x19][0xba][0xdd][0xa5][0xec]l[0xa7]i[0xbb][0xfc][0x91][0xf8][0xdd][0x9d]e[0x85][0x80][0x97]&[0x9d][0xbe][0x99][0xf7]{[0xd3][0x83]X[0x7][0xb2][0xde])1[0x16]Y2[0x10]}[0xe1]uh0[0x8a][0xf1]A[0x98]\[0x8c]G[0x8f]i_4A{[0xb][0xb5]fM[0xb5][0xf7]{[0xa4][0xc9][0xfc]m[0xa1]C|[0xa7][0xd2]Xnq[0x10][0xc2][0x96]<[0xcb]E/[0xdb][0xf7][0xd2]A[0xef]#[0x1d][0xed]l5[0xbd]O[0xa6][0x9b][[0x9c][0xe]S[0xa3][0xd2][0xcd]<[0x89][0xf3]|=[0xfd][0x1c][0xa6]8[0xf8]Z[0xd9][0x85]R[0xf][0x13][0x97][0xe1][0xec][0x85][0x96]#=y[0x9e][0xbd][0xf2]$[0x13]$[0xe6][0xe0]d[0xeb]([0xc6][0x83][0xbe][0xb8][0xb2]e[0x81][0xae][0xc1][0xe0][0x8e][0xa7][0xb6][0x98]([0xaa]YP[0x12][0x95][0xa8]e[0xcb]n[0x1b]D.[0x98][0xb8]j[0x96][0x17][0x5]K[0xd1][0x14]FA4d[0x83][0xd4][0x16][0x96][0xa8]Y[0xcd]f[0xd1][0xd4][0xfa][0x9b],[0xe7][0xec]Z[0x11]l[0xd9]@y[0xbe][0xe7]&[0xb4]b[0x89]mnY[0x90][0xaf][0xbb][0xb6]-[0x15][0xa0]"y[0xc9][0xa7][0xd9]@<[0x8d];[0xd7][0x83]V^[0xf3]N[0xbb][0xb1][0x91]*m9[0x3][0xd3]^[0xb3][0x14][0x6]c[0x9b]{[0xc8][0xf]KYp([0x9d]wfG[0x1f]$UI[0xbd]s[0xc6][0x1f][0xd9]e[0xce]N[0x17])[0x11].Sz[0xc2][0xf6][0xbf][0xc0][0xb9][0x9b][0x1a],[0x87][0xf0][0xdd]z[0x8f][0x88][0xfc][0xc2][0xdf][\n]"
22:41:17.816 [main] DEBUG org.apache.http.wire -  << "[0x8c][\n]"
22:41:17.816 [main] DEBUG org.apache.http.wire -  << "^:[0x88][0xab][0xd3][0x18]p[0x86][0x15]J[0x87] [0xff](;[0xe4][0x13]Y{[0xfb][0xe1]9[0xbc][0xaf]4[0xbb][0xfb][0xf9][0x5][0xa5][0xb3]M[0x8]>[0x2][0x0][0x0]"
22:41:17.816 [main] DEBUG org.apache.http.wire -  << "[\r][\n]"
22:41:17.816 [main] DEBUG org.apache.http.wire -  << "0[\r][\n]"
22:41:17.816 [main] DEBUG org.apache.http.wire -  << "[\r][\n]"
22:41:17.816 [main] DEBUG io.restassured.internal.RestAssuredHttpBuilder - Parsed data to instance of: class org.apache.http.conn.EofSensorInputStream
22:41:17.817 [main] DEBUG org.apache.http.impl.conn.BasicClientConnectionManager - Releasing connection org.apache.http.impl.conn.ManagedClientConnectionImpl@501b296a
22:41:17.817 [main] DEBUG org.apache.http.impl.conn.BasicClientConnectionManager - Connection can be kept alive indefinitely
{
    "jsonrpc": "2.0",
    "result": {
        "id": 581,
        "username": "kyryloAPITestLogin",
        "password": "$2y$10$M15xnkK6.Kv/lK41ic1vP.tPdjKU41l0VhnTcc7Ap2lOFob5eACOG",
        "is_ldap_user": 0,
        "name": "kyrylo",
        "email": "kyryloAPITest@mail.com",
        "google_id": null,
        "github_id": null,
        "notifications_enabled": 0,
        "timezone": null,
        "language": null,
        "disable_login_form": 0,
        "twofactor_activated": 0,
        "twofactor_secret": null,
        "token": "",
        "notifications_filter": 4,
        "nb_failed_login": 0,
        "lock_expiration_date": null,
        "gitlab_id": null,
        "role": "app-manager",
        "is_active": 1,
        "avatar_path": null,
        "api_access_token": null,
        "filter": null
    },
    "id": 123
}
{
    "jsonrpc": "2.0",
    "result": {
        "id": 581,
        "username": "kyryloAPITestLogin",
        "password": "$2y$10$M15xnkK6.Kv/lK41ic1vP.tPdjKU41l0VhnTcc7Ap2lOFob5eACOG",
        "is_ldap_user": 0,
        "name": "kyrylo",
        "email": "kyryloAPITest@mail.com",
        "google_id": null,
        "github_id": null,
        "notifications_enabled": 0,
        "timezone": null,
        "language": null,
        "disable_login_form": 0,
        "twofactor_activated": 0,
        "twofactor_secret": null,
        "token": "",
        "notifications_filter": 4,
        "nb_failed_login": 0,
        "lock_expiration_date": null,
        "gitlab_id": null,
        "role": "app-manager",
        "is_active": 1,
        "avatar_path": null,
        "api_access_token": null,
        "filter": null
    },
    "id": 123
}
]]></system-out>
  </testcase>
  <testcase name="deleteUserTest" classname="API.tests.DeleteUserTest" time="0.31">
    <system-out><![CDATA[Request method:	DELETE
Request URI:	http://localhost:81/jsonrpc.php
Proxy:			<none>
Request params:	<none>
Query params:	<none>
Form params:	<none>
Path params:	<none>
Headers:		Accept=*/*
				Content-Type=text/plain; charset=ISO-8859-1
Cookies:		<none>
Multiparts:		<none>
Body:
{"jsonrpc":"2.0","method":"removeUser","id":234,"params":{"user_id":581}}
22:41:17.875 [main] DEBUG org.apache.http.impl.conn.BasicClientConnectionManager - Get connection for route {}->http://localhost:81
22:41:17.875 [main] DEBUG org.apache.http.impl.conn.DefaultClientConnectionOperator - Connecting to localhost:81
22:41:17.877 [main] DEBUG org.apache.http.client.protocol.RequestAddCookies - CookieSpec selected: ignoreCookies
22:41:17.877 [main] DEBUG org.apache.http.client.protocol.RequestAuthCache - Auth cache not set in the context
22:41:17.877 [main] DEBUG org.apache.http.client.protocol.RequestTargetAuthentication - Target auth state: UNCHALLENGED
22:41:17.877 [main] DEBUG org.apache.http.client.protocol.RequestProxyAuthentication - Proxy auth state: UNCHALLENGED
22:41:17.877 [main] DEBUG org.apache.http.impl.client.DefaultHttpClient - Attempt 1 to execute request
22:41:17.877 [main] DEBUG org.apache.http.impl.conn.DefaultClientConnection - Sending request: DELETE /jsonrpc.php HTTP/1.1
22:41:17.878 [main] DEBUG org.apache.http.wire -  >> "DELETE /jsonrpc.php HTTP/1.1[\r][\n]"
22:41:17.878 [main] DEBUG org.apache.http.wire -  >> "Accept: */*[\r][\n]"
22:41:17.878 [main] DEBUG org.apache.http.wire -  >> "Content-Type: text/plain; charset=ISO-8859-1[\r][\n]"
22:41:17.878 [main] DEBUG org.apache.http.wire -  >> "Content-Length: 73[\r][\n]"
22:41:17.878 [main] DEBUG org.apache.http.wire -  >> "Host: localhost:81[\r][\n]"
22:41:17.878 [main] DEBUG org.apache.http.wire -  >> "Connection: Keep-Alive[\r][\n]"
22:41:17.878 [main] DEBUG org.apache.http.wire -  >> "User-Agent: Apache-HttpClient/4.5.13 (Java/17)[\r][\n]"
22:41:17.878 [main] DEBUG org.apache.http.wire -  >> "Accept-Encoding: gzip,deflate[\r][\n]"
22:41:17.878 [main] DEBUG org.apache.http.wire -  >> "[\r][\n]"
22:41:17.878 [main] DEBUG org.apache.http.headers - >> DELETE /jsonrpc.php HTTP/1.1
22:41:17.878 [main] DEBUG org.apache.http.headers - >> Accept: */*
22:41:17.878 [main] DEBUG org.apache.http.headers - >> Content-Type: text/plain; charset=ISO-8859-1
22:41:17.878 [main] DEBUG org.apache.http.headers - >> Content-Length: 73
22:41:17.878 [main] DEBUG org.apache.http.headers - >> Host: localhost:81
22:41:17.878 [main] DEBUG org.apache.http.headers - >> Connection: Keep-Alive
22:41:17.879 [main] DEBUG org.apache.http.headers - >> User-Agent: Apache-HttpClient/4.5.13 (Java/17)
22:41:17.879 [main] DEBUG org.apache.http.headers - >> Accept-Encoding: gzip,deflate
22:41:17.879 [main] DEBUG org.apache.http.wire -  >> "{"jsonrpc":"2.0","method":"removeUser","id":234,"params":{"user_id":581}}"
22:41:17.887 [main] DEBUG org.apache.http.wire -  << "HTTP/1.1 401 Unauthorized[\r][\n]"
22:41:17.887 [main] DEBUG org.apache.http.wire -  << "Server: nginx[\r][\n]"
22:41:17.887 [main] DEBUG org.apache.http.wire -  << "Date: Wed, 26 Jul 2023 19:41:17 GMT[\r][\n]"
22:41:17.887 [main] DEBUG org.apache.http.wire -  << "Content-Type: application/json[\r][\n]"
22:41:17.887 [main] DEBUG org.apache.http.wire -  << "Transfer-Encoding: chunked[\r][\n]"
22:41:17.888 [main] DEBUG org.apache.http.wire -  << "Connection: keep-alive[\r][\n]"
22:41:17.888 [main] DEBUG org.apache.http.wire -  << "WWW-Authenticate: Basic realm="JsonRPC"[\r][\n]"
22:41:17.888 [main] DEBUG org.apache.http.wire -  << "[\r][\n]"
22:41:17.888 [main] DEBUG org.apache.http.impl.conn.DefaultClientConnection - Receiving response: HTTP/1.1 401 Unauthorized
22:41:17.888 [main] DEBUG org.apache.http.headers - << HTTP/1.1 401 Unauthorized
22:41:17.888 [main] DEBUG org.apache.http.headers - << Server: nginx
22:41:17.888 [main] DEBUG org.apache.http.headers - << Date: Wed, 26 Jul 2023 19:41:17 GMT
22:41:17.888 [main] DEBUG org.apache.http.headers - << Content-Type: application/json
22:41:17.888 [main] DEBUG org.apache.http.headers - << Transfer-Encoding: chunked
22:41:17.888 [main] DEBUG org.apache.http.headers - << Connection: keep-alive
22:41:17.888 [main] DEBUG org.apache.http.headers - << WWW-Authenticate: Basic realm="JsonRPC"
22:41:17.888 [main] DEBUG org.apache.http.impl.client.DefaultHttpClient - Connection can be kept alive indefinitely
22:41:17.888 [main] DEBUG org.apache.http.impl.client.DefaultHttpClient - Authentication required
22:41:17.888 [main] DEBUG org.apache.http.impl.client.DefaultHttpClient - localhost:81 requested authentication
22:41:17.888 [main] DEBUG org.apache.http.impl.client.TargetAuthenticationStrategy - Authentication schemes in the order of preference: [Negotiate, Kerberos, NTLM, CredSSP, Digest, Basic]
22:41:17.888 [main] DEBUG org.apache.http.impl.client.TargetAuthenticationStrategy - Challenge for Negotiate authentication scheme not available
22:41:17.888 [main] DEBUG org.apache.http.impl.client.TargetAuthenticationStrategy - Challenge for Kerberos authentication scheme not available
22:41:17.888 [main] DEBUG org.apache.http.impl.client.TargetAuthenticationStrategy - Challenge for NTLM authentication scheme not available
22:41:17.888 [main] DEBUG org.apache.http.impl.client.TargetAuthenticationStrategy - Challenge for CredSSP authentication scheme not available
22:41:17.888 [main] DEBUG org.apache.http.impl.client.TargetAuthenticationStrategy - Challenge for Digest authentication scheme not available
22:41:17.889 [main] DEBUG org.apache.http.impl.client.DefaultHttpClient - Selected authentication options: [BASIC [complete=true]]
22:41:17.889 [main] DEBUG org.apache.http.wire -  << "49[\r][\n]"
22:41:17.889 [main] DEBUG org.apache.http.wire -  << "{"jsonrpc":"2.0","error":{"code":401,"message":"Unauthorized"},"id":null}"
22:41:17.889 [main] DEBUG org.apache.http.wire -  << "[\r][\n]"
22:41:17.889 [main] DEBUG org.apache.http.wire -  << "0[\r][\n]"
22:41:17.889 [main] DEBUG org.apache.http.wire -  << "[\r][\n]"
22:41:17.889 [main] DEBUG org.apache.http.client.protocol.RequestAddCookies - CookieSpec selected: ignoreCookies
22:41:17.890 [main] DEBUG org.apache.http.client.protocol.RequestAuthCache - Auth cache not set in the context
22:41:17.890 [main] DEBUG org.apache.http.client.protocol.RequestTargetAuthentication - Target auth state: CHALLENGED
22:41:17.890 [main] DEBUG org.apache.http.client.protocol.RequestTargetAuthentication - Generating response to an authentication challenge using basic scheme
22:41:17.890 [main] DEBUG org.apache.http.client.protocol.RequestProxyAuthentication - Proxy auth state: UNCHALLENGED
22:41:17.890 [main] DEBUG org.apache.http.impl.client.DefaultHttpClient - Attempt 2 to execute request
22:41:17.890 [main] DEBUG org.apache.http.impl.conn.DefaultClientConnection - Sending request: DELETE /jsonrpc.php HTTP/1.1
22:41:17.890 [main] DEBUG org.apache.http.wire -  >> "DELETE /jsonrpc.php HTTP/1.1[\r][\n]"
22:41:17.890 [main] DEBUG org.apache.http.wire -  >> "Accept: */*[\r][\n]"
22:41:17.890 [main] DEBUG org.apache.http.wire -  >> "Content-Type: text/plain; charset=ISO-8859-1[\r][\n]"
22:41:17.890 [main] DEBUG org.apache.http.wire -  >> "Content-Length: 73[\r][\n]"
22:41:17.890 [main] DEBUG org.apache.http.wire -  >> "Host: localhost:81[\r][\n]"
22:41:17.890 [main] DEBUG org.apache.http.wire -  >> "Connection: Keep-Alive[\r][\n]"
22:41:17.890 [main] DEBUG org.apache.http.wire -  >> "User-Agent: Apache-HttpClient/4.5.13 (Java/17)[\r][\n]"
22:41:17.890 [main] DEBUG org.apache.http.wire -  >> "Authorization: Basic YWRtaW46YWRtaW4=[\r][\n]"
22:41:17.890 [main] DEBUG org.apache.http.wire -  >> "Accept-Encoding: gzip,deflate[\r][\n]"
22:41:17.890 [main] DEBUG org.apache.http.wire -  >> "[\r][\n]"
22:41:17.890 [main] DEBUG org.apache.http.headers - >> DELETE /jsonrpc.php HTTP/1.1
22:41:17.890 [main] DEBUG org.apache.http.headers - >> Accept: */*
22:41:17.890 [main] DEBUG org.apache.http.headers - >> Content-Type: text/plain; charset=ISO-8859-1
22:41:17.890 [main] DEBUG org.apache.http.headers - >> Content-Length: 73
22:41:17.890 [main] DEBUG org.apache.http.headers - >> Host: localhost:81
22:41:17.890 [main] DEBUG org.apache.http.headers - >> Connection: Keep-Alive
22:41:17.891 [main] DEBUG org.apache.http.headers - >> User-Agent: Apache-HttpClient/4.5.13 (Java/17)
22:41:17.891 [main] DEBUG org.apache.http.headers - >> Authorization: Basic YWRtaW46YWRtaW4=
22:41:17.891 [main] DEBUG org.apache.http.headers - >> Accept-Encoding: gzip,deflate
22:41:17.891 [main] DEBUG org.apache.http.wire -  >> "{"jsonrpc":"2.0","method":"removeUser","id":234,"params":{"user_id":581}}"
22:41:17.982 [main] DEBUG org.apache.http.wire -  << "HTTP/1.1 200 OK[\r][\n]"
22:41:17.983 [main] DEBUG org.apache.http.wire -  << "Server: nginx[\r][\n]"
22:41:17.983 [main] DEBUG org.apache.http.wire -  << "Date: Wed, 26 Jul 2023 19:41:17 GMT[\r][\n]"
22:41:17.983 [main] DEBUG org.apache.http.wire -  << "Content-Type: application/json[\r][\n]"
22:41:17.983 [main] DEBUG org.apache.http.wire -  << "Transfer-Encoding: chunked[\r][\n]"
22:41:17.983 [main] DEBUG org.apache.http.wire -  << "Connection: keep-alive[\r][\n]"
22:41:17.983 [main] DEBUG org.apache.http.wire -  << "Vary: Accept-Encoding[\r][\n]"
22:41:17.983 [main] DEBUG org.apache.http.wire -  << "Content-Encoding: gzip[\r][\n]"
22:41:17.983 [main] DEBUG org.apache.http.wire -  << "[\r][\n]"
22:41:17.983 [main] DEBUG org.apache.http.impl.conn.DefaultClientConnection - Receiving response: HTTP/1.1 200 OK
22:41:17.983 [main] DEBUG org.apache.http.headers - << HTTP/1.1 200 OK
22:41:17.983 [main] DEBUG org.apache.http.headers - << Server: nginx
22:41:17.983 [main] DEBUG org.apache.http.headers - << Date: Wed, 26 Jul 2023 19:41:17 GMT
22:41:17.983 [main] DEBUG org.apache.http.headers - << Content-Type: application/json
22:41:17.983 [main] DEBUG org.apache.http.headers - << Transfer-Encoding: chunked
22:41:17.983 [main] DEBUG org.apache.http.headers - << Connection: keep-alive
22:41:17.983 [main] DEBUG org.apache.http.headers - << Vary: Accept-Encoding
22:41:17.983 [main] DEBUG org.apache.http.headers - << Content-Encoding: gzip
22:41:17.983 [main] DEBUG org.apache.http.impl.client.DefaultHttpClient - Connection can be kept alive indefinitely
22:41:17.983 [main] DEBUG org.apache.http.impl.client.DefaultHttpClient - Authentication succeeded
22:41:17.983 [main] DEBUG org.apache.http.impl.client.TargetAuthenticationStrategy - Caching 'basic' auth scheme for http://localhost:81
22:41:17.983 [main] DEBUG io.restassured.internal.RestAssuredHttpBuilder - Parsing response as: application/json
22:41:17.983 [main] DEBUG org.apache.http.wire -  << "3c[\r][\n]"
22:41:17.983 [main] DEBUG org.apache.http.wire -  << "[0x1f][0x8b][0x8][0x0][0x0][0x0][0x0][0x0][0x0][0x3][0xab]V[0xca]*[0xce][0xcf]+*HV[0xb2]R2[0xd2]3P[0xd2]Q*J-.[0xcd])Q[0xb2]*)*M[0xd5]Q[0xca]LQ[0xb2]226[0xa9][0x5][0x0]q~[0x7][0xe8]([0x0][0x0][0x0]"
22:41:17.983 [main] DEBUG org.apache.http.wire -  << "[\r][\n]"
22:41:17.983 [main] DEBUG org.apache.http.wire -  << "0[\r][\n]"
22:41:17.983 [main] DEBUG org.apache.http.wire -  << "[\r][\n]"
22:41:17.983 [main] DEBUG io.restassured.internal.RestAssuredHttpBuilder - Parsed data to instance of: class org.apache.http.conn.EofSensorInputStream
22:41:17.984 [main] DEBUG org.apache.http.impl.conn.BasicClientConnectionManager - Releasing connection org.apache.http.impl.conn.ManagedClientConnectionImpl@34114276
22:41:17.985 [main] DEBUG org.apache.http.impl.conn.BasicClientConnectionManager - Connection can be kept alive indefinitely
{
    "jsonrpc": "2.0",
    "result": true,
    "id": 234
}
{
    "jsonrpc": "2.0",
    "result": true,
    "id": 234
}
Request method:	POST
Request URI:	http://localhost:81/jsonrpc.php
Proxy:			<none>
Request params:	<none>
Query params:	<none>
Form params:	<none>
Path params:	<none>
Headers:		Accept=*/*
				Content-Type=text/plain; charset=ISO-8859-1
Cookies:		<none>
Multiparts:		<none>
Body:
{"jsonrpc":"2.0","method":"createUser","id":123123,"params":{"username":"kyryloAPITestLogin","password":"kyryloAPITestPassword","name":"kyrylo","email":"kyryloAPITest@mail.com","role":"app-manager"}}
22:41:18.010 [main] DEBUG org.apache.http.impl.conn.BasicClientConnectionManager - Get connection for route {}->http://localhost:81
22:41:18.010 [main] DEBUG org.apache.http.impl.conn.DefaultClientConnectionOperator - Connecting to localhost:81
22:41:18.012 [main] DEBUG org.apache.http.client.protocol.RequestAddCookies - CookieSpec selected: ignoreCookies
22:41:18.012 [main] DEBUG org.apache.http.client.protocol.RequestAuthCache - Auth cache not set in the context
22:41:18.012 [main] DEBUG org.apache.http.client.protocol.RequestTargetAuthentication - Target auth state: UNCHALLENGED
22:41:18.012 [main] DEBUG org.apache.http.client.protocol.RequestProxyAuthentication - Proxy auth state: UNCHALLENGED
22:41:18.012 [main] DEBUG org.apache.http.impl.client.DefaultHttpClient - Attempt 1 to execute request
22:41:18.012 [main] DEBUG org.apache.http.impl.conn.DefaultClientConnection - Sending request: POST /jsonrpc.php HTTP/1.1
22:41:18.013 [main] DEBUG org.apache.http.wire -  >> "POST /jsonrpc.php HTTP/1.1[\r][\n]"
22:41:18.013 [main] DEBUG org.apache.http.wire -  >> "Accept: */*[\r][\n]"
22:41:18.013 [main] DEBUG org.apache.http.wire -  >> "Content-Type: text/plain; charset=ISO-8859-1[\r][\n]"
22:41:18.013 [main] DEBUG org.apache.http.wire -  >> "Content-Length: 199[\r][\n]"
22:41:18.013 [main] DEBUG org.apache.http.wire -  >> "Host: localhost:81[\r][\n]"
22:41:18.013 [main] DEBUG org.apache.http.wire -  >> "Connection: Keep-Alive[\r][\n]"
22:41:18.013 [main] DEBUG org.apache.http.wire -  >> "User-Agent: Apache-HttpClient/4.5.13 (Java/17)[\r][\n]"
22:41:18.013 [main] DEBUG org.apache.http.wire -  >> "Accept-Encoding: gzip,deflate[\r][\n]"
22:41:18.013 [main] DEBUG org.apache.http.wire -  >> "[\r][\n]"
22:41:18.013 [main] DEBUG org.apache.http.headers - >> POST /jsonrpc.php HTTP/1.1
22:41:18.013 [main] DEBUG org.apache.http.headers - >> Accept: */*
22:41:18.013 [main] DEBUG org.apache.http.headers - >> Content-Type: text/plain; charset=ISO-8859-1
22:41:18.013 [main] DEBUG org.apache.http.headers - >> Content-Length: 199
22:41:18.013 [main] DEBUG org.apache.http.headers - >> Host: localhost:81
22:41:18.013 [main] DEBUG org.apache.http.headers - >> Connection: Keep-Alive
22:41:18.013 [main] DEBUG org.apache.http.headers - >> User-Agent: Apache-HttpClient/4.5.13 (Java/17)
22:41:18.013 [main] DEBUG org.apache.http.headers - >> Accept-Encoding: gzip,deflate
22:41:18.013 [main] DEBUG org.apache.http.wire -  >> "{"jsonrpc":"2.0","method":"createUser","id":123123,"params":{"username":"kyryloAPITestLogin","password":"kyryloAPITestPassword","name":"kyrylo","email":"kyryloAPITest@mail.com","role":"app-manager"}}"
22:41:18.022 [main] DEBUG org.apache.http.wire -  << "HTTP/1.1 401 Unauthorized[\r][\n]"
22:41:18.022 [main] DEBUG org.apache.http.wire -  << "Server: nginx[\r][\n]"
22:41:18.022 [main] DEBUG org.apache.http.wire -  << "Date: Wed, 26 Jul 2023 19:41:18 GMT[\r][\n]"
22:41:18.022 [main] DEBUG org.apache.http.wire -  << "Content-Type: application/json[\r][\n]"
22:41:18.022 [main] DEBUG org.apache.http.wire -  << "Transfer-Encoding: chunked[\r][\n]"
22:41:18.022 [main] DEBUG org.apache.http.wire -  << "Connection: keep-alive[\r][\n]"
22:41:18.022 [main] DEBUG org.apache.http.wire -  << "WWW-Authenticate: Basic realm="JsonRPC"[\r][\n]"
22:41:18.022 [main] DEBUG org.apache.http.wire -  << "[\r][\n]"
22:41:18.022 [main] DEBUG org.apache.http.impl.conn.DefaultClientConnection - Receiving response: HTTP/1.1 401 Unauthorized
22:41:18.022 [main] DEBUG org.apache.http.headers - << HTTP/1.1 401 Unauthorized
22:41:18.022 [main] DEBUG org.apache.http.headers - << Server: nginx
22:41:18.022 [main] DEBUG org.apache.http.headers - << Date: Wed, 26 Jul 2023 19:41:18 GMT
22:41:18.022 [main] DEBUG org.apache.http.headers - << Content-Type: application/json
22:41:18.022 [main] DEBUG org.apache.http.headers - << Transfer-Encoding: chunked
22:41:18.022 [main] DEBUG org.apache.http.headers - << Connection: keep-alive
22:41:18.022 [main] DEBUG org.apache.http.headers - << WWW-Authenticate: Basic realm="JsonRPC"
22:41:18.022 [main] DEBUG org.apache.http.impl.client.DefaultHttpClient - Connection can be kept alive indefinitely
22:41:18.023 [main] DEBUG org.apache.http.impl.client.DefaultHttpClient - Authentication required
22:41:18.023 [main] DEBUG org.apache.http.impl.client.DefaultHttpClient - localhost:81 requested authentication
22:41:18.023 [main] DEBUG org.apache.http.impl.client.TargetAuthenticationStrategy - Authentication schemes in the order of preference: [Negotiate, Kerberos, NTLM, CredSSP, Digest, Basic]
22:41:18.023 [main] DEBUG org.apache.http.impl.client.TargetAuthenticationStrategy - Challenge for Negotiate authentication scheme not available
22:41:18.023 [main] DEBUG org.apache.http.impl.client.TargetAuthenticationStrategy - Challenge for Kerberos authentication scheme not available
22:41:18.023 [main] DEBUG org.apache.http.impl.client.TargetAuthenticationStrategy - Challenge for NTLM authentication scheme not available
22:41:18.023 [main] DEBUG org.apache.http.impl.client.TargetAuthenticationStrategy - Challenge for CredSSP authentication scheme not available
22:41:18.023 [main] DEBUG org.apache.http.impl.client.TargetAuthenticationStrategy - Challenge for Digest authentication scheme not available
22:41:18.023 [main] DEBUG org.apache.http.impl.client.DefaultHttpClient - Selected authentication options: [BASIC [complete=true]]
22:41:18.023 [main] DEBUG org.apache.http.wire -  << "49[\r][\n]"
22:41:18.023 [main] DEBUG org.apache.http.wire -  << "{"jsonrpc":"2.0","error":{"code":401,"message":"Unauthorized"},"id":null}"
22:41:18.023 [main] DEBUG org.apache.http.wire -  << "[\r][\n]"
22:41:18.023 [main] DEBUG org.apache.http.wire -  << "0[\r][\n]"
22:41:18.023 [main] DEBUG org.apache.http.wire -  << "[\r][\n]"
22:41:18.023 [main] DEBUG org.apache.http.client.protocol.RequestAddCookies - CookieSpec selected: ignoreCookies
22:41:18.023 [main] DEBUG org.apache.http.client.protocol.RequestAuthCache - Auth cache not set in the context
22:41:18.023 [main] DEBUG org.apache.http.client.protocol.RequestTargetAuthentication - Target auth state: CHALLENGED
22:41:18.023 [main] DEBUG org.apache.http.client.protocol.RequestTargetAuthentication - Generating response to an authentication challenge using basic scheme
22:41:18.023 [main] DEBUG org.apache.http.client.protocol.RequestProxyAuthentication - Proxy auth state: UNCHALLENGED
22:41:18.023 [main] DEBUG org.apache.http.impl.client.DefaultHttpClient - Attempt 2 to execute request
22:41:18.023 [main] DEBUG org.apache.http.impl.conn.DefaultClientConnection - Sending request: POST /jsonrpc.php HTTP/1.1
22:41:18.023 [main] DEBUG org.apache.http.wire -  >> "POST /jsonrpc.php HTTP/1.1[\r][\n]"
22:41:18.023 [main] DEBUG org.apache.http.wire -  >> "Accept: */*[\r][\n]"
22:41:18.023 [main] DEBUG org.apache.http.wire -  >> "Content-Type: text/plain; charset=ISO-8859-1[\r][\n]"
22:41:18.023 [main] DEBUG org.apache.http.wire -  >> "Content-Length: 199[\r][\n]"
22:41:18.023 [main] DEBUG org.apache.http.wire -  >> "Host: localhost:81[\r][\n]"
22:41:18.023 [main] DEBUG org.apache.http.wire -  >> "Connection: Keep-Alive[\r][\n]"
22:41:18.024 [main] DEBUG org.apache.http.wire -  >> "User-Agent: Apache-HttpClient/4.5.13 (Java/17)[\r][\n]"
22:41:18.024 [main] DEBUG org.apache.http.wire -  >> "Authorization: Basic YWRtaW46YWRtaW4=[\r][\n]"
22:41:18.024 [main] DEBUG org.apache.http.wire -  >> "Accept-Encoding: gzip,deflate[\r][\n]"
22:41:18.024 [main] DEBUG org.apache.http.wire -  >> "[\r][\n]"
22:41:18.024 [main] DEBUG org.apache.http.headers - >> POST /jsonrpc.php HTTP/1.1
22:41:18.024 [main] DEBUG org.apache.http.headers - >> Accept: */*
22:41:18.024 [main] DEBUG org.apache.http.headers - >> Content-Type: text/plain; charset=ISO-8859-1
22:41:18.024 [main] DEBUG org.apache.http.headers - >> Content-Length: 199
22:41:18.024 [main] DEBUG org.apache.http.headers - >> Host: localhost:81
22:41:18.024 [main] DEBUG org.apache.http.headers - >> Connection: Keep-Alive
22:41:18.024 [main] DEBUG org.apache.http.headers - >> User-Agent: Apache-HttpClient/4.5.13 (Java/17)
22:41:18.024 [main] DEBUG org.apache.http.headers - >> Authorization: Basic YWRtaW46YWRtaW4=
22:41:18.024 [main] DEBUG org.apache.http.headers - >> Accept-Encoding: gzip,deflate
22:41:18.024 [main] DEBUG org.apache.http.wire -  >> "{"jsonrpc":"2.0","method":"createUser","id":123123,"params":{"username":"kyryloAPITestLogin","password":"kyryloAPITestPassword","name":"kyrylo","email":"kyryloAPITest@mail.com","role":"app-manager"}}"
22:41:18.171 [main] DEBUG org.apache.http.wire -  << "HTTP/1.1 200 OK[\r][\n]"
22:41:18.171 [main] DEBUG org.apache.http.wire -  << "Server: nginx[\r][\n]"
22:41:18.171 [main] DEBUG org.apache.http.wire -  << "Date: Wed, 26 Jul 2023 19:41:18 GMT[\r][\n]"
22:41:18.171 [main] DEBUG org.apache.http.wire -  << "Content-Type: application/json[\r][\n]"
22:41:18.172 [main] DEBUG org.apache.http.wire -  << "Transfer-Encoding: chunked[\r][\n]"
22:41:18.172 [main] DEBUG org.apache.http.wire -  << "Connection: keep-alive[\r][\n]"
22:41:18.172 [main] DEBUG org.apache.http.wire -  << "Vary: Accept-Encoding[\r][\n]"
22:41:18.172 [main] DEBUG org.apache.http.wire -  << "Content-Encoding: gzip[\r][\n]"
22:41:18.172 [main] DEBUG org.apache.http.wire -  << "[\r][\n]"
22:41:18.172 [main] DEBUG org.apache.http.impl.conn.DefaultClientConnection - Receiving response: HTTP/1.1 200 OK
22:41:18.172 [main] DEBUG org.apache.http.headers - << HTTP/1.1 200 OK
22:41:18.172 [main] DEBUG org.apache.http.headers - << Server: nginx
22:41:18.172 [main] DEBUG org.apache.http.headers - << Date: Wed, 26 Jul 2023 19:41:18 GMT
22:41:18.172 [main] DEBUG org.apache.http.headers - << Content-Type: application/json
22:41:18.172 [main] DEBUG org.apache.http.headers - << Transfer-Encoding: chunked
22:41:18.172 [main] DEBUG org.apache.http.headers - << Connection: keep-alive
22:41:18.172 [main] DEBUG org.apache.http.headers - << Vary: Accept-Encoding
22:41:18.172 [main] DEBUG org.apache.http.headers - << Content-Encoding: gzip
22:41:18.172 [main] DEBUG org.apache.http.impl.client.DefaultHttpClient - Connection can be kept alive indefinitely
22:41:18.172 [main] DEBUG org.apache.http.impl.client.DefaultHttpClient - Authentication succeeded
22:41:18.172 [main] DEBUG org.apache.http.impl.client.TargetAuthenticationStrategy - Caching 'basic' auth scheme for http://localhost:81
22:41:18.172 [main] DEBUG io.restassured.internal.RestAssuredHttpBuilder - Parsing response as: application/json
22:41:18.172 [main] DEBUG org.apache.http.wire -  << "3c[\r][\n]"
22:41:18.172 [main] DEBUG org.apache.http.wire -  << "[0x1f][0x8b][0x8][0x0][0x0][0x0][0x0][0x0][0x0][0x3][0xab]V[0xca]*[0xce][0xcf]+*HV[0xb2]R2[0xd2]3P[0xd2]Q*J-.[0xcd])Q[0xb2]2[0xb5]0[0xd2]Q[0xca]LQ[0xb2]242[0x6][0xa2]Z[0x0][0x94][0xd9]~[0x8c]*[0x0][0x0][0x0]"
22:41:18.172 [main] DEBUG org.apache.http.wire -  << "[\r][\n]"
22:41:18.172 [main] DEBUG org.apache.http.wire -  << "0[\r][\n]"
22:41:18.172 [main] DEBUG org.apache.http.wire -  << "[\r][\n]"
22:41:18.172 [main] DEBUG io.restassured.internal.RestAssuredHttpBuilder - Parsed data to instance of: class org.apache.http.conn.EofSensorInputStream
22:41:18.173 [main] DEBUG org.apache.http.impl.conn.BasicClientConnectionManager - Releasing connection org.apache.http.impl.conn.ManagedClientConnectionImpl@63c88994
22:41:18.173 [main] DEBUG org.apache.http.impl.conn.BasicClientConnectionManager - Connection can be kept alive indefinitely
{
    "jsonrpc": "2.0",
    "result": 582,
    "id": 123123
}
{
    "jsonrpc": "2.0",
    "result": 582,
    "id": 123123
}
Request method:	DELETE
Request URI:	http://localhost:81/jsonrpc.php
Proxy:			<none>
Request params:	<none>
Query params:	<none>
Form params:	<none>
Path params:	<none>
Headers:		Accept=*/*
				Content-Type=text/plain; charset=ISO-8859-1
Cookies:		<none>
Multiparts:		<none>
Body:
{"jsonrpc":"2.0","method":"removeUser","id":234,"params":{"user_id":582}}
22:41:18.190 [main] DEBUG org.apache.http.impl.conn.BasicClientConnectionManager - Get connection for route {}->http://localhost:81
22:41:18.190 [main] DEBUG org.apache.http.impl.conn.DefaultClientConnectionOperator - Connecting to localhost:81
22:41:18.191 [main] DEBUG org.apache.http.client.protocol.RequestAddCookies - CookieSpec selected: ignoreCookies
22:41:18.191 [main] DEBUG org.apache.http.client.protocol.RequestAuthCache - Auth cache not set in the context
22:41:18.191 [main] DEBUG org.apache.http.client.protocol.RequestTargetAuthentication - Target auth state: UNCHALLENGED
22:41:18.191 [main] DEBUG org.apache.http.client.protocol.RequestProxyAuthentication - Proxy auth state: UNCHALLENGED
22:41:18.191 [main] DEBUG org.apache.http.impl.client.DefaultHttpClient - Attempt 1 to execute request
22:41:18.191 [main] DEBUG org.apache.http.impl.conn.DefaultClientConnection - Sending request: DELETE /jsonrpc.php HTTP/1.1
22:41:18.192 [main] DEBUG org.apache.http.wire -  >> "DELETE /jsonrpc.php HTTP/1.1[\r][\n]"
22:41:18.192 [main] DEBUG org.apache.http.wire -  >> "Accept: */*[\r][\n]"
22:41:18.192 [main] DEBUG org.apache.http.wire -  >> "Content-Type: text/plain; charset=ISO-8859-1[\r][\n]"
22:41:18.192 [main] DEBUG org.apache.http.wire -  >> "Content-Length: 73[\r][\n]"
22:41:18.192 [main] DEBUG org.apache.http.wire -  >> "Host: localhost:81[\r][\n]"
22:41:18.192 [main] DEBUG org.apache.http.wire -  >> "Connection: Keep-Alive[\r][\n]"
22:41:18.192 [main] DEBUG org.apache.http.wire -  >> "User-Agent: Apache-HttpClient/4.5.13 (Java/17)[\r][\n]"
22:41:18.192 [main] DEBUG org.apache.http.wire -  >> "Accept-Encoding: gzip,deflate[\r][\n]"
22:41:18.192 [main] DEBUG org.apache.http.wire -  >> "[\r][\n]"
22:41:18.192 [main] DEBUG org.apache.http.headers - >> DELETE /jsonrpc.php HTTP/1.1
22:41:18.192 [main] DEBUG org.apache.http.headers - >> Accept: */*
22:41:18.192 [main] DEBUG org.apache.http.headers - >> Content-Type: text/plain; charset=ISO-8859-1
22:41:18.192 [main] DEBUG org.apache.http.headers - >> Content-Length: 73
22:41:18.192 [main] DEBUG org.apache.http.headers - >> Host: localhost:81
22:41:18.192 [main] DEBUG org.apache.http.headers - >> Connection: Keep-Alive
22:41:18.192 [main] DEBUG org.apache.http.headers - >> User-Agent: Apache-HttpClient/4.5.13 (Java/17)
22:41:18.192 [main] DEBUG org.apache.http.headers - >> Accept-Encoding: gzip,deflate
22:41:18.192 [main] DEBUG org.apache.http.wire -  >> "{"jsonrpc":"2.0","method":"removeUser","id":234,"params":{"user_id":582}}"
22:41:18.199 [main] DEBUG org.apache.http.wire -  << "HTTP/1.1 401 Unauthorized[\r][\n]"
22:41:18.199 [main] DEBUG org.apache.http.wire -  << "Server: nginx[\r][\n]"
22:41:18.199 [main] DEBUG org.apache.http.wire -  << "Date: Wed, 26 Jul 2023 19:41:18 GMT[\r][\n]"
22:41:18.199 [main] DEBUG org.apache.http.wire -  << "Content-Type: application/json[\r][\n]"
22:41:18.199 [main] DEBUG org.apache.http.wire -  << "Transfer-Encoding: chunked[\r][\n]"
22:41:18.199 [main] DEBUG org.apache.http.wire -  << "Connection: keep-alive[\r][\n]"
22:41:18.199 [main] DEBUG org.apache.http.wire -  << "WWW-Authenticate: Basic realm="JsonRPC"[\r][\n]"
22:41:18.199 [main] DEBUG org.apache.http.wire -  << "[\r][\n]"
22:41:18.199 [main] DEBUG org.apache.http.impl.conn.DefaultClientConnection - Receiving response: HTTP/1.1 401 Unauthorized
22:41:18.199 [main] DEBUG org.apache.http.headers - << HTTP/1.1 401 Unauthorized
22:41:18.199 [main] DEBUG org.apache.http.headers - << Server: nginx
22:41:18.199 [main] DEBUG org.apache.http.headers - << Date: Wed, 26 Jul 2023 19:41:18 GMT
22:41:18.199 [main] DEBUG org.apache.http.headers - << Content-Type: application/json
22:41:18.199 [main] DEBUG org.apache.http.headers - << Transfer-Encoding: chunked
22:41:18.199 [main] DEBUG org.apache.http.headers - << Connection: keep-alive
22:41:18.199 [main] DEBUG org.apache.http.headers - << WWW-Authenticate: Basic realm="JsonRPC"
22:41:18.200 [main] DEBUG org.apache.http.impl.client.DefaultHttpClient - Connection can be kept alive indefinitely
22:41:18.200 [main] DEBUG org.apache.http.impl.client.DefaultHttpClient - Authentication required
22:41:18.200 [main] DEBUG org.apache.http.impl.client.DefaultHttpClient - localhost:81 requested authentication
22:41:18.200 [main] DEBUG org.apache.http.impl.client.TargetAuthenticationStrategy - Authentication schemes in the order of preference: [Negotiate, Kerberos, NTLM, CredSSP, Digest, Basic]
22:41:18.200 [main] DEBUG org.apache.http.impl.client.TargetAuthenticationStrategy - Challenge for Negotiate authentication scheme not available
22:41:18.200 [main] DEBUG org.apache.http.impl.client.TargetAuthenticationStrategy - Challenge for Kerberos authentication scheme not available
22:41:18.200 [main] DEBUG org.apache.http.impl.client.TargetAuthenticationStrategy - Challenge for NTLM authentication scheme not available
22:41:18.200 [main] DEBUG org.apache.http.impl.client.TargetAuthenticationStrategy - Challenge for CredSSP authentication scheme not available
22:41:18.200 [main] DEBUG org.apache.http.impl.client.TargetAuthenticationStrategy - Challenge for Digest authentication scheme not available
22:41:18.200 [main] DEBUG org.apache.http.impl.client.DefaultHttpClient - Selected authentication options: [BASIC [complete=true]]
22:41:18.200 [main] DEBUG org.apache.http.wire -  << "49[\r][\n]"
22:41:18.200 [main] DEBUG org.apache.http.wire -  << "{"jsonrpc":"2.0","error":{"code":401,"message":"Unauthorized"},"id":null}"
22:41:18.200 [main] DEBUG org.apache.http.wire -  << "[\r][\n]"
22:41:18.200 [main] DEBUG org.apache.http.wire -  << "0[\r][\n]"
22:41:18.200 [main] DEBUG org.apache.http.wire -  << "[\r][\n]"
22:41:18.200 [main] DEBUG org.apache.http.client.protocol.RequestAddCookies - CookieSpec selected: ignoreCookies
22:41:18.200 [main] DEBUG org.apache.http.client.protocol.RequestAuthCache - Auth cache not set in the context
22:41:18.200 [main] DEBUG org.apache.http.client.protocol.RequestTargetAuthentication - Target auth state: CHALLENGED
22:41:18.200 [main] DEBUG org.apache.http.client.protocol.RequestTargetAuthentication - Generating response to an authentication challenge using basic scheme
22:41:18.201 [main] DEBUG org.apache.http.client.protocol.RequestProxyAuthentication - Proxy auth state: UNCHALLENGED
22:41:18.201 [main] DEBUG org.apache.http.impl.client.DefaultHttpClient - Attempt 2 to execute request
22:41:18.201 [main] DEBUG org.apache.http.impl.conn.DefaultClientConnection - Sending request: DELETE /jsonrpc.php HTTP/1.1
22:41:18.201 [main] DEBUG org.apache.http.wire -  >> "DELETE /jsonrpc.php HTTP/1.1[\r][\n]"
22:41:18.201 [main] DEBUG org.apache.http.wire -  >> "Accept: */*[\r][\n]"
22:41:18.201 [main] DEBUG org.apache.http.wire -  >> "Content-Type: text/plain; charset=ISO-8859-1[\r][\n]"
22:41:18.201 [main] DEBUG org.apache.http.wire -  >> "Content-Length: 73[\r][\n]"
22:41:18.201 [main] DEBUG org.apache.http.wire -  >> "Host: localhost:81[\r][\n]"
22:41:18.201 [main] DEBUG org.apache.http.wire -  >> "Connection: Keep-Alive[\r][\n]"
22:41:18.201 [main] DEBUG org.apache.http.wire -  >> "User-Agent: Apache-HttpClient/4.5.13 (Java/17)[\r][\n]"
22:41:18.201 [main] DEBUG org.apache.http.wire -  >> "Authorization: Basic YWRtaW46YWRtaW4=[\r][\n]"
22:41:18.201 [main] DEBUG org.apache.http.wire -  >> "Accept-Encoding: gzip,deflate[\r][\n]"
22:41:18.201 [main] DEBUG org.apache.http.wire -  >> "[\r][\n]"
22:41:18.201 [main] DEBUG org.apache.http.headers - >> DELETE /jsonrpc.php HTTP/1.1
22:41:18.201 [main] DEBUG org.apache.http.headers - >> Accept: */*
22:41:18.201 [main] DEBUG org.apache.http.headers - >> Content-Type: text/plain; charset=ISO-8859-1
22:41:18.201 [main] DEBUG org.apache.http.headers - >> Content-Length: 73
22:41:18.201 [main] DEBUG org.apache.http.headers - >> Host: localhost:81
22:41:18.201 [main] DEBUG org.apache.http.headers - >> Connection: Keep-Alive
22:41:18.201 [main] DEBUG org.apache.http.headers - >> User-Agent: Apache-HttpClient/4.5.13 (Java/17)
22:41:18.201 [main] DEBUG org.apache.http.headers - >> Authorization: Basic YWRtaW46YWRtaW4=
22:41:18.201 [main] DEBUG org.apache.http.headers - >> Accept-Encoding: gzip,deflate
22:41:18.202 [main] DEBUG org.apache.http.wire -  >> "{"jsonrpc":"2.0","method":"removeUser","id":234,"params":{"user_id":582}}"
22:41:18.298 [main] DEBUG org.apache.http.wire -  << "HTTP/1.1 200 OK[\r][\n]"
22:41:18.298 [main] DEBUG org.apache.http.wire -  << "Server: nginx[\r][\n]"
22:41:18.298 [main] DEBUG org.apache.http.wire -  << "Date: Wed, 26 Jul 2023 19:41:18 GMT[\r][\n]"
22:41:18.298 [main] DEBUG org.apache.http.wire -  << "Content-Type: application/json[\r][\n]"
22:41:18.298 [main] DEBUG org.apache.http.wire -  << "Transfer-Encoding: chunked[\r][\n]"
22:41:18.298 [main] DEBUG org.apache.http.wire -  << "Connection: keep-alive[\r][\n]"
22:41:18.298 [main] DEBUG org.apache.http.wire -  << "Vary: Accept-Encoding[\r][\n]"
22:41:18.298 [main] DEBUG org.apache.http.wire -  << "Content-Encoding: gzip[\r][\n]"
22:41:18.298 [main] DEBUG org.apache.http.wire -  << "[\r][\n]"
22:41:18.298 [main] DEBUG org.apache.http.impl.conn.DefaultClientConnection - Receiving response: HTTP/1.1 200 OK
22:41:18.298 [main] DEBUG org.apache.http.headers - << HTTP/1.1 200 OK
22:41:18.298 [main] DEBUG org.apache.http.headers - << Server: nginx
22:41:18.298 [main] DEBUG org.apache.http.headers - << Date: Wed, 26 Jul 2023 19:41:18 GMT
22:41:18.298 [main] DEBUG org.apache.http.headers - << Content-Type: application/json
22:41:18.298 [main] DEBUG org.apache.http.headers - << Transfer-Encoding: chunked
22:41:18.298 [main] DEBUG org.apache.http.headers - << Connection: keep-alive
22:41:18.298 [main] DEBUG org.apache.http.headers - << Vary: Accept-Encoding
22:41:18.298 [main] DEBUG org.apache.http.headers - << Content-Encoding: gzip
22:41:18.298 [main] DEBUG org.apache.http.impl.client.DefaultHttpClient - Connection can be kept alive indefinitely
22:41:18.298 [main] DEBUG org.apache.http.impl.client.DefaultHttpClient - Authentication succeeded
22:41:18.298 [main] DEBUG org.apache.http.impl.client.TargetAuthenticationStrategy - Caching 'basic' auth scheme for http://localhost:81
22:41:18.298 [main] DEBUG io.restassured.internal.RestAssuredHttpBuilder - Parsing response as: application/json
22:41:18.298 [main] DEBUG org.apache.http.wire -  << "3c[\r][\n]"
22:41:18.298 [main] DEBUG org.apache.http.wire -  << "[0x1f][0x8b][0x8][0x0][0x0][0x0][0x0][0x0][0x0][0x3][0xab]V[0xca]*[0xce][0xcf]+*HV[0xb2]R2[0xd2]3P[0xd2]Q*J-.[0xcd])Q[0xb2]*)*M[0xd5]Q[0xca]LQ[0xb2]226[0xa9][0x5][0x0]q~[0x7][0xe8]([0x0][0x0][0x0]"
22:41:18.298 [main] DEBUG org.apache.http.wire -  << "[\r][\n]"
22:41:18.298 [main] DEBUG org.apache.http.wire -  << "0[\r][\n]"
22:41:18.298 [main] DEBUG org.apache.http.wire -  << "[\r][\n]"
22:41:18.298 [main] DEBUG io.restassured.internal.RestAssuredHttpBuilder - Parsed data to instance of: class org.apache.http.conn.EofSensorInputStream
22:41:18.299 [main] DEBUG org.apache.http.impl.conn.BasicClientConnectionManager - Releasing connection org.apache.http.impl.conn.ManagedClientConnectionImpl@6e5fba90
22:41:18.299 [main] DEBUG org.apache.http.impl.conn.BasicClientConnectionManager - Connection can be kept alive indefinitely
{
    "jsonrpc": "2.0",
    "result": true,
    "id": 234
}
{
    "jsonrpc": "2.0",
    "result": true,
    "id": 234
}
]]></system-out>
  </testcase>
  <testcase name="createProjectValid" classname="API.tests.ProjectTest" time="0.309">
    <system-out><![CDATA[Request method:	POST
Request URI:	http://localhost:81/jsonrpc.php
Proxy:			<none>
Request params:	<none>
Query params:	<none>
Form params:	<none>
Path params:	<none>
Headers:		Accept=*/*
				Content-Type=text/plain; charset=ISO-8859-1
Cookies:		<none>
Multiparts:		<none>
Body:
{"jsonrpc":"2.0","method":"createUser","id":123123,"params":{"username":"kyryloAPITestLogin","password":"kyryloAPITestPassword","name":"kyrylo","email":"kyryloAPITest@mail.com","role":"app-manager"}}
22:41:18.315 [main] DEBUG org.apache.http.impl.conn.BasicClientConnectionManager - Get connection for route {}->http://localhost:81
22:41:18.315 [main] DEBUG org.apache.http.impl.conn.DefaultClientConnectionOperator - Connecting to localhost:81
22:41:18.316 [main] DEBUG org.apache.http.client.protocol.RequestAddCookies - CookieSpec selected: ignoreCookies
22:41:18.316 [main] DEBUG org.apache.http.client.protocol.RequestAuthCache - Auth cache not set in the context
22:41:18.316 [main] DEBUG org.apache.http.client.protocol.RequestTargetAuthentication - Target auth state: UNCHALLENGED
22:41:18.316 [main] DEBUG org.apache.http.client.protocol.RequestProxyAuthentication - Proxy auth state: UNCHALLENGED
22:41:18.316 [main] DEBUG org.apache.http.impl.client.DefaultHttpClient - Attempt 1 to execute request
22:41:18.316 [main] DEBUG org.apache.http.impl.conn.DefaultClientConnection - Sending request: POST /jsonrpc.php HTTP/1.1
22:41:18.316 [main] DEBUG org.apache.http.wire -  >> "POST /jsonrpc.php HTTP/1.1[\r][\n]"
22:41:18.316 [main] DEBUG org.apache.http.wire -  >> "Accept: */*[\r][\n]"
22:41:18.316 [main] DEBUG org.apache.http.wire -  >> "Content-Type: text/plain; charset=ISO-8859-1[\r][\n]"
22:41:18.316 [main] DEBUG org.apache.http.wire -  >> "Content-Length: 199[\r][\n]"
22:41:18.316 [main] DEBUG org.apache.http.wire -  >> "Host: localhost:81[\r][\n]"
22:41:18.316 [main] DEBUG org.apache.http.wire -  >> "Connection: Keep-Alive[\r][\n]"
22:41:18.316 [main] DEBUG org.apache.http.wire -  >> "User-Agent: Apache-HttpClient/4.5.13 (Java/17)[\r][\n]"
22:41:18.316 [main] DEBUG org.apache.http.wire -  >> "Accept-Encoding: gzip,deflate[\r][\n]"
22:41:18.316 [main] DEBUG org.apache.http.wire -  >> "[\r][\n]"
22:41:18.316 [main] DEBUG org.apache.http.headers - >> POST /jsonrpc.php HTTP/1.1
22:41:18.316 [main] DEBUG org.apache.http.headers - >> Accept: */*
22:41:18.316 [main] DEBUG org.apache.http.headers - >> Content-Type: text/plain; charset=ISO-8859-1
22:41:18.316 [main] DEBUG org.apache.http.headers - >> Content-Length: 199
22:41:18.316 [main] DEBUG org.apache.http.headers - >> Host: localhost:81
22:41:18.316 [main] DEBUG org.apache.http.headers - >> Connection: Keep-Alive
22:41:18.316 [main] DEBUG org.apache.http.headers - >> User-Agent: Apache-HttpClient/4.5.13 (Java/17)
22:41:18.316 [main] DEBUG org.apache.http.headers - >> Accept-Encoding: gzip,deflate
22:41:18.317 [main] DEBUG org.apache.http.wire -  >> "{"jsonrpc":"2.0","method":"createUser","id":123123,"params":{"username":"kyryloAPITestLogin","password":"kyryloAPITestPassword","name":"kyrylo","email":"kyryloAPITest@mail.com","role":"app-manager"}}"
22:41:18.323 [main] DEBUG org.apache.http.wire -  << "HTTP/1.1 401 Unauthorized[\r][\n]"
22:41:18.323 [main] DEBUG org.apache.http.wire -  << "Server: nginx[\r][\n]"
22:41:18.323 [main] DEBUG org.apache.http.wire -  << "Date: Wed, 26 Jul 2023 19:41:18 GMT[\r][\n]"
22:41:18.323 [main] DEBUG org.apache.http.wire -  << "Content-Type: application/json[\r][\n]"
22:41:18.324 [main] DEBUG org.apache.http.wire -  << "Transfer-Encoding: chunked[\r][\n]"
22:41:18.324 [main] DEBUG org.apache.http.wire -  << "Connection: keep-alive[\r][\n]"
22:41:18.324 [main] DEBUG org.apache.http.wire -  << "WWW-Authenticate: Basic realm="JsonRPC"[\r][\n]"
22:41:18.324 [main] DEBUG org.apache.http.wire -  << "[\r][\n]"
22:41:18.324 [main] DEBUG org.apache.http.impl.conn.DefaultClientConnection - Receiving response: HTTP/1.1 401 Unauthorized
22:41:18.324 [main] DEBUG org.apache.http.headers - << HTTP/1.1 401 Unauthorized
22:41:18.324 [main] DEBUG org.apache.http.headers - << Server: nginx
22:41:18.324 [main] DEBUG org.apache.http.headers - << Date: Wed, 26 Jul 2023 19:41:18 GMT
22:41:18.324 [main] DEBUG org.apache.http.headers - << Content-Type: application/json
22:41:18.324 [main] DEBUG org.apache.http.headers - << Transfer-Encoding: chunked
22:41:18.324 [main] DEBUG org.apache.http.headers - << Connection: keep-alive
22:41:18.324 [main] DEBUG org.apache.http.headers - << WWW-Authenticate: Basic realm="JsonRPC"
22:41:18.324 [main] DEBUG org.apache.http.impl.client.DefaultHttpClient - Connection can be kept alive indefinitely
22:41:18.324 [main] DEBUG org.apache.http.impl.client.DefaultHttpClient - Authentication required
22:41:18.324 [main] DEBUG org.apache.http.impl.client.DefaultHttpClient - localhost:81 requested authentication
22:41:18.324 [main] DEBUG org.apache.http.impl.client.TargetAuthenticationStrategy - Authentication schemes in the order of preference: [Negotiate, Kerberos, NTLM, CredSSP, Digest, Basic]
22:41:18.324 [main] DEBUG org.apache.http.impl.client.TargetAuthenticationStrategy - Challenge for Negotiate authentication scheme not available
22:41:18.324 [main] DEBUG org.apache.http.impl.client.TargetAuthenticationStrategy - Challenge for Kerberos authentication scheme not available
22:41:18.324 [main] DEBUG org.apache.http.impl.client.TargetAuthenticationStrategy - Challenge for NTLM authentication scheme not available
22:41:18.324 [main] DEBUG org.apache.http.impl.client.TargetAuthenticationStrategy - Challenge for CredSSP authentication scheme not available
22:41:18.324 [main] DEBUG org.apache.http.impl.client.TargetAuthenticationStrategy - Challenge for Digest authentication scheme not available
22:41:18.324 [main] DEBUG org.apache.http.impl.client.DefaultHttpClient - Selected authentication options: [BASIC [complete=true]]
22:41:18.324 [main] DEBUG org.apache.http.wire -  << "49[\r][\n]"
22:41:18.324 [main] DEBUG org.apache.http.wire -  << "{"jsonrpc":"2.0","error":{"code":401,"message":"Unauthorized"},"id":null}"
22:41:18.324 [main] DEBUG org.apache.http.wire -  << "[\r][\n]"
22:41:18.324 [main] DEBUG org.apache.http.wire -  << "0[\r][\n]"
22:41:18.324 [main] DEBUG org.apache.http.wire -  << "[\r][\n]"
22:41:18.324 [main] DEBUG org.apache.http.client.protocol.RequestAddCookies - CookieSpec selected: ignoreCookies
22:41:18.324 [main] DEBUG org.apache.http.client.protocol.RequestAuthCache - Auth cache not set in the context
22:41:18.324 [main] DEBUG org.apache.http.client.protocol.RequestTargetAuthentication - Target auth state: CHALLENGED
22:41:18.324 [main] DEBUG org.apache.http.client.protocol.RequestTargetAuthentication - Generating response to an authentication challenge using basic scheme
22:41:18.324 [main] DEBUG org.apache.http.client.protocol.RequestProxyAuthentication - Proxy auth state: UNCHALLENGED
22:41:18.324 [main] DEBUG org.apache.http.impl.client.DefaultHttpClient - Attempt 2 to execute request
22:41:18.324 [main] DEBUG org.apache.http.impl.conn.DefaultClientConnection - Sending request: POST /jsonrpc.php HTTP/1.1
22:41:18.324 [main] DEBUG org.apache.http.wire -  >> "POST /jsonrpc.php HTTP/1.1[\r][\n]"
22:41:18.324 [main] DEBUG org.apache.http.wire -  >> "Accept: */*[\r][\n]"
22:41:18.324 [main] DEBUG org.apache.http.wire -  >> "Content-Type: text/plain; charset=ISO-8859-1[\r][\n]"
22:41:18.324 [main] DEBUG org.apache.http.wire -  >> "Content-Length: 199[\r][\n]"
22:41:18.325 [main] DEBUG org.apache.http.wire -  >> "Host: localhost:81[\r][\n]"
22:41:18.325 [main] DEBUG org.apache.http.wire -  >> "Connection: Keep-Alive[\r][\n]"
22:41:18.325 [main] DEBUG org.apache.http.wire -  >> "User-Agent: Apache-HttpClient/4.5.13 (Java/17)[\r][\n]"
22:41:18.325 [main] DEBUG org.apache.http.wire -  >> "Authorization: Basic YWRtaW46YWRtaW4=[\r][\n]"
22:41:18.325 [main] DEBUG org.apache.http.wire -  >> "Accept-Encoding: gzip,deflate[\r][\n]"
22:41:18.325 [main] DEBUG org.apache.http.wire -  >> "[\r][\n]"
22:41:18.325 [main] DEBUG org.apache.http.headers - >> POST /jsonrpc.php HTTP/1.1
22:41:18.325 [main] DEBUG org.apache.http.headers - >> Accept: */*
22:41:18.325 [main] DEBUG org.apache.http.headers - >> Content-Type: text/plain; charset=ISO-8859-1
22:41:18.325 [main] DEBUG org.apache.http.headers - >> Content-Length: 199
22:41:18.325 [main] DEBUG org.apache.http.headers - >> Host: localhost:81
22:41:18.325 [main] DEBUG org.apache.http.headers - >> Connection: Keep-Alive
22:41:18.325 [main] DEBUG org.apache.http.headers - >> User-Agent: Apache-HttpClient/4.5.13 (Java/17)
22:41:18.325 [main] DEBUG org.apache.http.headers - >> Authorization: Basic YWRtaW46YWRtaW4=
22:41:18.325 [main] DEBUG org.apache.http.headers - >> Accept-Encoding: gzip,deflate
22:41:18.325 [main] DEBUG org.apache.http.wire -  >> "{"jsonrpc":"2.0","method":"createUser","id":123123,"params":{"username":"kyryloAPITestLogin","password":"kyryloAPITestPassword","name":"kyrylo","email":"kyryloAPITest@mail.com","role":"app-manager"}}"
22:41:18.476 [main] DEBUG org.apache.http.wire -  << "HTTP/1.1 200 OK[\r][\n]"
22:41:18.476 [main] DEBUG org.apache.http.wire -  << "Server: nginx[\r][\n]"
22:41:18.476 [main] DEBUG org.apache.http.wire -  << "Date: Wed, 26 Jul 2023 19:41:18 GMT[\r][\n]"
22:41:18.476 [main] DEBUG org.apache.http.wire -  << "Content-Type: application/json[\r][\n]"
22:41:18.476 [main] DEBUG org.apache.http.wire -  << "Transfer-Encoding: chunked[\r][\n]"
22:41:18.476 [main] DEBUG org.apache.http.wire -  << "Connection: keep-alive[\r][\n]"
22:41:18.476 [main] DEBUG org.apache.http.wire -  << "Vary: Accept-Encoding[\r][\n]"
22:41:18.476 [main] DEBUG org.apache.http.wire -  << "Content-Encoding: gzip[\r][\n]"
22:41:18.476 [main] DEBUG org.apache.http.wire -  << "[\r][\n]"
22:41:18.476 [main] DEBUG org.apache.http.impl.conn.DefaultClientConnection - Receiving response: HTTP/1.1 200 OK
22:41:18.476 [main] DEBUG org.apache.http.headers - << HTTP/1.1 200 OK
22:41:18.476 [main] DEBUG org.apache.http.headers - << Server: nginx
22:41:18.476 [main] DEBUG org.apache.http.headers - << Date: Wed, 26 Jul 2023 19:41:18 GMT
22:41:18.476 [main] DEBUG org.apache.http.headers - << Content-Type: application/json
22:41:18.476 [main] DEBUG org.apache.http.headers - << Transfer-Encoding: chunked
22:41:18.476 [main] DEBUG org.apache.http.headers - << Connection: keep-alive
22:41:18.476 [main] DEBUG org.apache.http.headers - << Vary: Accept-Encoding
22:41:18.476 [main] DEBUG org.apache.http.headers - << Content-Encoding: gzip
22:41:18.476 [main] DEBUG org.apache.http.impl.client.DefaultHttpClient - Connection can be kept alive indefinitely
22:41:18.476 [main] DEBUG org.apache.http.impl.client.DefaultHttpClient - Authentication succeeded
22:41:18.476 [main] DEBUG org.apache.http.impl.client.TargetAuthenticationStrategy - Caching 'basic' auth scheme for http://localhost:81
22:41:18.476 [main] DEBUG io.restassured.internal.RestAssuredHttpBuilder - Parsing response as: application/json
22:41:18.476 [main] DEBUG org.apache.http.wire -  << "3c[\r][\n]"
22:41:18.476 [main] DEBUG org.apache.http.wire -  << "[0x1f][0x8b][0x8][0x0][0x0][0x0][0x0][0x0][0x0][0x3][0xab]V[0xca]*[0xce][0xcf]+*HV[0xb2]R2[0xd2]3P[0xd2]Q*J-.[0xcd])Q[0xb2]2[0xb5]0[0xd6]Q[0xca]LQ[0xb2]242[0x6][0xa2]Z[0x0][0xe2]8q[0x11]*[0x0][0x0][0x0]"
22:41:18.476 [main] DEBUG org.apache.http.wire -  << "[\r][\n]"
22:41:18.476 [main] DEBUG org.apache.http.wire -  << "0[\r][\n]"
22:41:18.476 [main] DEBUG org.apache.http.wire -  << "[\r][\n]"
22:41:18.476 [main] DEBUG io.restassured.internal.RestAssuredHttpBuilder - Parsed data to instance of: class org.apache.http.conn.EofSensorInputStream
22:41:18.477 [main] DEBUG org.apache.http.impl.conn.BasicClientConnectionManager - Releasing connection org.apache.http.impl.conn.ManagedClientConnectionImpl@1e041848
22:41:18.477 [main] DEBUG org.apache.http.impl.conn.BasicClientConnectionManager - Connection can be kept alive indefinitely
{
    "jsonrpc": "2.0",
    "result": 583,
    "id": 123123
}
{
    "jsonrpc": "2.0",
    "result": 583,
    "id": 123123
}
Request method:	POST
Request URI:	http://localhost:81/jsonrpc.php
Proxy:			<none>
Request params:	<none>
Query params:	<none>
Form params:	<none>
Path params:	<none>
Headers:		Accept=*/*
				Content-Type=text/plain; charset=ISO-8859-1
Cookies:		<none>
Multiparts:		<none>
Body:
{"jsonrpc":"2.0","method":"createProject","id":345,"params":{"name":"API_Project","description":"API_Project Description","owner_id":583}}
22:41:18.499 [main] DEBUG org.apache.http.impl.conn.BasicClientConnectionManager - Get connection for route {}->http://localhost:81
22:41:18.499 [main] DEBUG org.apache.http.impl.conn.DefaultClientConnectionOperator - Connecting to localhost:81
22:41:18.500 [main] DEBUG org.apache.http.client.protocol.RequestAddCookies - CookieSpec selected: ignoreCookies
22:41:18.500 [main] DEBUG org.apache.http.client.protocol.RequestAuthCache - Auth cache not set in the context
22:41:18.500 [main] DEBUG org.apache.http.client.protocol.RequestTargetAuthentication - Target auth state: UNCHALLENGED
22:41:18.500 [main] DEBUG org.apache.http.client.protocol.RequestProxyAuthentication - Proxy auth state: UNCHALLENGED
22:41:18.500 [main] DEBUG org.apache.http.impl.client.DefaultHttpClient - Attempt 1 to execute request
22:41:18.500 [main] DEBUG org.apache.http.impl.conn.DefaultClientConnection - Sending request: POST /jsonrpc.php HTTP/1.1
22:41:18.500 [main] DEBUG org.apache.http.wire -  >> "POST /jsonrpc.php HTTP/1.1[\r][\n]"
22:41:18.500 [main] DEBUG org.apache.http.wire -  >> "Accept: */*[\r][\n]"
22:41:18.500 [main] DEBUG org.apache.http.wire -  >> "Content-Type: text/plain; charset=ISO-8859-1[\r][\n]"
22:41:18.500 [main] DEBUG org.apache.http.wire -  >> "Content-Length: 138[\r][\n]"
22:41:18.500 [main] DEBUG org.apache.http.wire -  >> "Host: localhost:81[\r][\n]"
22:41:18.500 [main] DEBUG org.apache.http.wire -  >> "Connection: Keep-Alive[\r][\n]"
22:41:18.500 [main] DEBUG org.apache.http.wire -  >> "User-Agent: Apache-HttpClient/4.5.13 (Java/17)[\r][\n]"
22:41:18.500 [main] DEBUG org.apache.http.wire -  >> "Accept-Encoding: gzip,deflate[\r][\n]"
22:41:18.500 [main] DEBUG org.apache.http.wire -  >> "[\r][\n]"
22:41:18.500 [main] DEBUG org.apache.http.headers - >> POST /jsonrpc.php HTTP/1.1
22:41:18.500 [main] DEBUG org.apache.http.headers - >> Accept: */*
22:41:18.500 [main] DEBUG org.apache.http.headers - >> Content-Type: text/plain; charset=ISO-8859-1
22:41:18.500 [main] DEBUG org.apache.http.headers - >> Content-Length: 138
22:41:18.500 [main] DEBUG org.apache.http.headers - >> Host: localhost:81
22:41:18.500 [main] DEBUG org.apache.http.headers - >> Connection: Keep-Alive
22:41:18.500 [main] DEBUG org.apache.http.headers - >> User-Agent: Apache-HttpClient/4.5.13 (Java/17)
22:41:18.500 [main] DEBUG org.apache.http.headers - >> Accept-Encoding: gzip,deflate
22:41:18.500 [main] DEBUG org.apache.http.wire -  >> "{"jsonrpc":"2.0","method":"createProject","id":345,"params":{"name":"API_Project","description":"API_Project Description","owner_id":583}}"
22:41:18.508 [main] DEBUG org.apache.http.wire -  << "HTTP/1.1 401 Unauthorized[\r][\n]"
22:41:18.508 [main] DEBUG org.apache.http.wire -  << "Server: nginx[\r][\n]"
22:41:18.508 [main] DEBUG org.apache.http.wire -  << "Date: Wed, 26 Jul 2023 19:41:18 GMT[\r][\n]"
22:41:18.508 [main] DEBUG org.apache.http.wire -  << "Content-Type: application/json[\r][\n]"
22:41:18.508 [main] DEBUG org.apache.http.wire -  << "Transfer-Encoding: chunked[\r][\n]"
22:41:18.508 [main] DEBUG org.apache.http.wire -  << "Connection: keep-alive[\r][\n]"
22:41:18.508 [main] DEBUG org.apache.http.wire -  << "WWW-Authenticate: Basic realm="JsonRPC"[\r][\n]"
22:41:18.508 [main] DEBUG org.apache.http.wire -  << "[\r][\n]"
22:41:18.508 [main] DEBUG org.apache.http.impl.conn.DefaultClientConnection - Receiving response: HTTP/1.1 401 Unauthorized
22:41:18.508 [main] DEBUG org.apache.http.headers - << HTTP/1.1 401 Unauthorized
22:41:18.508 [main] DEBUG org.apache.http.headers - << Server: nginx
22:41:18.508 [main] DEBUG org.apache.http.headers - << Date: Wed, 26 Jul 2023 19:41:18 GMT
22:41:18.508 [main] DEBUG org.apache.http.headers - << Content-Type: application/json
[...]
22:41:20.585 [main] DEBUG org.apache.http.headers - << Server: nginx
22:41:20.585 [main] DEBUG org.apache.http.headers - << Date: Wed, 26 Jul 2023 19:41:20 GMT
22:41:20.585 [main] DEBUG org.apache.http.headers - << Content-Type: application/json
22:41:20.585 [main] DEBUG org.apache.http.headers - << Transfer-Encoding: chunked
22:41:20.585 [main] DEBUG org.apache.http.headers - << Connection: keep-alive
22:41:20.585 [main] DEBUG org.apache.http.headers - << WWW-Authenticate: Basic realm="JsonRPC"
22:41:20.585 [main] DEBUG org.apache.http.impl.client.DefaultHttpClient - Connection can be kept alive indefinitely
22:41:20.585 [main] DEBUG org.apache.http.impl.client.DefaultHttpClient - Authentication required
22:41:20.585 [main] DEBUG org.apache.http.impl.client.DefaultHttpClient - localhost:81 requested authentication
22:41:20.585 [main] DEBUG org.apache.http.impl.client.TargetAuthenticationStrategy - Authentication schemes in the order of preference: [Negotiate, Kerberos, NTLM, CredSSP, Digest, Basic]
22:41:20.585 [main] DEBUG org.apache.http.impl.client.TargetAuthenticationStrategy - Challenge for Negotiate authentication scheme not available
22:41:20.585 [main] DEBUG org.apache.http.impl.client.TargetAuthenticationStrategy - Challenge for Kerberos authentication scheme not available
22:41:20.585 [main] DEBUG org.apache.http.impl.client.TargetAuthenticationStrategy - Challenge for NTLM authentication scheme not available
22:41:20.585 [main] DEBUG org.apache.http.impl.client.TargetAuthenticationStrategy - Challenge for CredSSP authentication scheme not available
22:41:20.585 [main] DEBUG org.apache.http.impl.client.TargetAuthenticationStrategy - Challenge for Digest authentication scheme not available
22:41:20.585 [main] DEBUG org.apache.http.impl.client.DefaultHttpClient - Selected authentication options: [BASIC [complete=true]]
22:41:20.585 [main] DEBUG org.apache.http.wire -  << "49[\r][\n]"
22:41:20.585 [main] DEBUG org.apache.http.wire -  << "{"jsonrpc":"2.0","error":{"code":401,"message":"Unauthorized"},"id":null}"
22:41:20.585 [main] DEBUG org.apache.http.wire -  << "[\r][\n]"
22:41:20.585 [main] DEBUG org.apache.http.wire -  << "0[\r][\n]"
22:41:20.585 [main] DEBUG org.apache.http.wire -  << "[\r][\n]"
22:41:20.585 [main] DEBUG org.apache.http.client.protocol.RequestAddCookies - CookieSpec selected: ignoreCookies
22:41:20.585 [main] DEBUG org.apache.http.client.protocol.RequestAuthCache - Auth cache not set in the context
22:41:20.585 [main] DEBUG org.apache.http.client.protocol.RequestTargetAuthentication - Target auth state: CHALLENGED
22:41:20.585 [main] DEBUG org.apache.http.client.protocol.RequestTargetAuthentication - Generating response to an authentication challenge using basic scheme
22:41:20.585 [main] DEBUG org.apache.http.client.protocol.RequestProxyAuthentication - Proxy auth state: UNCHALLENGED
22:41:20.585 [main] DEBUG org.apache.http.impl.client.DefaultHttpClient - Attempt 2 to execute request
22:41:20.585 [main] DEBUG org.apache.http.impl.conn.DefaultClientConnection - Sending request: POST /jsonrpc.php HTTP/1.1
22:41:20.585 [main] DEBUG org.apache.http.wire -  >> "POST /jsonrpc.php HTTP/1.1[\r][\n]"
22:41:20.585 [main] DEBUG org.apache.http.wire -  >> "Accept: */*[\r][\n]"
22:41:20.585 [main] DEBUG org.apache.http.wire -  >> "Content-Type: text/plain; charset=ISO-8859-1[\r][\n]"
22:41:20.585 [main] DEBUG org.apache.http.wire -  >> "Content-Length: 189[\r][\n]"
22:41:20.585 [main] DEBUG org.apache.http.wire -  >> "Host: localhost:81[\r][\n]"
22:41:20.585 [main] DEBUG org.apache.http.wire -  >> "Connection: Keep-Alive[\r][\n]"
22:41:20.585 [main] DEBUG org.apache.http.wire -  >> "User-Agent: Apache-HttpClient/4.5.13 (Java/17)[\r][\n]"
22:41:20.585 [main] DEBUG org.apache.http.wire -  >> "Authorization: Basic a3lyeWxvQVBJVGVzdExvZ2luOmt5cnlsb0FQSVRlc3RQYXNzd29yZA==[\r][\n]"
22:41:20.585 [main] DEBUG org.apache.http.wire -  >> "Accept-Encoding: gzip,deflate[\r][\n]"
22:41:20.585 [main] DEBUG org.apache.http.wire -  >> "[\r][\n]"
22:41:20.585 [main] DEBUG org.apache.http.headers - >> POST /jsonrpc.php HTTP/1.1
22:41:20.585 [main] DEBUG org.apache.http.headers - >> Accept: */*
22:41:20.585 [main] DEBUG org.apache.http.headers - >> Content-Type: text/plain; charset=ISO-8859-1
22:41:20.585 [main] DEBUG org.apache.http.headers - >> Content-Length: 189
22:41:20.585 [main] DEBUG org.apache.http.headers - >> Host: localhost:81
22:41:20.585 [main] DEBUG org.apache.http.headers - >> Connection: Keep-Alive
22:41:20.585 [main] DEBUG org.apache.http.headers - >> User-Agent: Apache-HttpClient/4.5.13 (Java/17)
22:41:20.585 [main] DEBUG org.apache.http.headers - >> Authorization: Basic a3lyeWxvQVBJVGVzdExvZ2luOmt5cnlsb0FQSVRlc3RQYXNzd29yZA==
22:41:20.585 [main] DEBUG org.apache.http.headers - >> Accept-Encoding: gzip,deflate
22:41:20.585 [main] DEBUG org.apache.http.wire -  >> "{"jsonrpc":"2.0","method":"createTask","id":678,"params":{"title":"API_TASK","description":"API_DESCRIPTION","color_id":"green","owner_id":586,"column_id":54,"priority":1,"project_id":390}}"
22:41:20.702 [main] DEBUG org.apache.http.wire -  << "HTTP/1.1 200 OK[\r][\n]"
22:41:20.703 [main] DEBUG org.apache.http.wire -  << "Server: nginx[\r][\n]"
22:41:20.703 [main] DEBUG org.apache.http.wire -  << "Date: Wed, 26 Jul 2023 19:41:20 GMT[\r][\n]"
22:41:20.703 [main] DEBUG org.apache.http.wire -  << "Content-Type: application/json[\r][\n]"
22:41:20.703 [main] DEBUG org.apache.http.wire -  << "Transfer-Encoding: chunked[\r][\n]"
22:41:20.703 [main] DEBUG org.apache.http.wire -  << "Connection: keep-alive[\r][\n]"
22:41:20.703 [main] DEBUG org.apache.http.wire -  << "Vary: Accept-Encoding[\r][\n]"
22:41:20.703 [main] DEBUG org.apache.http.wire -  << "Content-Encoding: gzip[\r][\n]"
22:41:20.703 [main] DEBUG org.apache.http.wire -  << "[\r][\n]"
22:41:20.703 [main] DEBUG org.apache.http.impl.conn.DefaultClientConnection - Receiving response: HTTP/1.1 200 OK
22:41:20.703 [main] DEBUG org.apache.http.headers - << HTTP/1.1 200 OK
22:41:20.703 [main] DEBUG org.apache.http.headers - << Server: nginx
22:41:20.703 [main] DEBUG org.apache.http.headers - << Date: Wed, 26 Jul 2023 19:41:20 GMT
22:41:20.703 [main] DEBUG org.apache.http.headers - << Content-Type: application/json
22:41:20.703 [main] DEBUG org.apache.http.headers - << Transfer-Encoding: chunked
22:41:20.703 [main] DEBUG org.apache.http.headers - << Connection: keep-alive
22:41:20.703 [main] DEBUG org.apache.http.headers - << Vary: Accept-Encoding
22:41:20.703 [main] DEBUG org.apache.http.headers - << Content-Encoding: gzip
22:41:20.703 [main] DEBUG org.apache.http.impl.client.DefaultHttpClient - Connection can be kept alive indefinitely
22:41:20.703 [main] DEBUG org.apache.http.impl.client.DefaultHttpClient - Authentication succeeded
22:41:20.703 [main] DEBUG org.apache.http.impl.client.TargetAuthenticationStrategy - Caching 'basic' auth scheme for http://localhost:81
22:41:20.703 [main] DEBUG io.restassured.internal.RestAssuredHttpBuilder - Parsing response as: application/json
22:41:20.703 [main] DEBUG org.apache.http.wire -  << "3b[\r][\n]"
22:41:20.703 [main] DEBUG org.apache.http.wire -  << "[0x1f][0x8b][0x8][0x0][0x0][0x0][0x0][0x0][0x0][0x3][0xab]V[0xca]*[0xce][0xcf]+*HV[0xb2]R2[0xd2]3P[0xd2]Q*J-.[0xcd])Q[0xb2]225[0xd2]Q[0xca]LQ[0xb2]23[0xb7][0xa8][0x5][0x0]d[0xe][0x15][0x80]'[0x0][0x0][0x0]"
22:41:20.703 [main] DEBUG org.apache.http.wire -  << "[\r][\n]"
22:41:20.703 [main] DEBUG org.apache.http.wire -  << "0[\r][\n]"
22:41:20.703 [main] DEBUG org.apache.http.wire -  << "[\r][\n]"
22:41:20.703 [main] DEBUG io.restassured.internal.RestAssuredHttpBuilder - Parsed data to instance of: class org.apache.http.conn.EofSensorInputStream
22:41:20.704 [main] DEBUG org.apache.http.impl.conn.BasicClientConnectionManager - Releasing connection org.apache.http.impl.conn.ManagedClientConnectionImpl@7c31e01f
22:41:20.704 [main] DEBUG org.apache.http.impl.conn.BasicClientConnectionManager - Connection can be kept alive indefinitely
{
    "jsonrpc": "2.0",
    "result": 252,
    "id": 678
}
{
    "jsonrpc": "2.0",
    "result": 252,
    "id": 678
}
Request method:	DELETE
Request URI:	http://localhost:81/jsonrpc.php
Proxy:			<none>
Request params:	<none>
Query params:	<none>
Form params:	<none>
Path params:	<none>
Headers:		Accept=*/*
				Content-Type=text/plain; charset=ISO-8859-1
Cookies:		<none>
Multiparts:		<none>
Body:
{"jsonrpc":"2.0","method":"removeTask","id":890,"params":{"task_id":252}}
22:41:20.721 [main] DEBUG org.apache.http.impl.conn.BasicClientConnectionManager - Get connection for route {}->http://localhost:81
22:41:20.721 [main] DEBUG org.apache.http.impl.conn.DefaultClientConnectionOperator - Connecting to localhost:81
22:41:20.722 [main] DEBUG org.apache.http.client.protocol.RequestAddCookies - CookieSpec selected: ignoreCookies
22:41:20.722 [main] DEBUG org.apache.http.client.protocol.RequestAuthCache - Auth cache not set in the context
22:41:20.722 [main] DEBUG org.apache.http.client.protocol.RequestTargetAuthentication - Target auth state: UNCHALLENGED
22:41:20.722 [main] DEBUG org.apache.http.client.protocol.RequestProxyAuthentication - Proxy auth state: UNCHALLENGED
22:41:20.722 [main] DEBUG org.apache.http.impl.client.DefaultHttpClient - Attempt 1 to execute request
22:41:20.722 [main] DEBUG org.apache.http.impl.conn.DefaultClientConnection - Sending request: DELETE /jsonrpc.php HTTP/1.1
22:41:20.722 [main] DEBUG org.apache.http.wire -  >> "DELETE /jsonrpc.php HTTP/1.1[\r][\n]"
22:41:20.722 [main] DEBUG org.apache.http.wire -  >> "Accept: */*[\r][\n]"
22:41:20.722 [main] DEBUG org.apache.http.wire -  >> "Content-Type: text/plain; charset=ISO-8859-1[\r][\n]"
22:41:20.722 [main] DEBUG org.apache.http.wire -  >> "Content-Length: 73[\r][\n]"
22:41:20.722 [main] DEBUG org.apache.http.wire -  >> "Host: localhost:81[\r][\n]"
22:41:20.722 [main] DEBUG org.apache.http.wire -  >> "Connection: Keep-Alive[\r][\n]"
22:41:20.722 [main] DEBUG org.apache.http.wire -  >> "User-Agent: Apache-HttpClient/4.5.13 (Java/17)[\r][\n]"
22:41:20.722 [main] DEBUG org.apache.http.wire -  >> "Accept-Encoding: gzip,deflate[\r][\n]"
22:41:20.722 [main] DEBUG org.apache.http.wire -  >> "[\r][\n]"
22:41:20.722 [main] DEBUG org.apache.http.headers - >> DELETE /jsonrpc.php HTTP/1.1
22:41:20.722 [main] DEBUG org.apache.http.headers - >> Accept: */*
22:41:20.722 [main] DEBUG org.apache.http.headers - >> Content-Type: text/plain; charset=ISO-8859-1
22:41:20.722 [main] DEBUG org.apache.http.headers - >> Content-Length: 73
22:41:20.722 [main] DEBUG org.apache.http.headers - >> Host: localhost:81
22:41:20.722 [main] DEBUG org.apache.http.headers - >> Connection: Keep-Alive
22:41:20.722 [main] DEBUG org.apache.http.headers - >> User-Agent: Apache-HttpClient/4.5.13 (Java/17)
22:41:20.722 [main] DEBUG org.apache.http.headers - >> Accept-Encoding: gzip,deflate
22:41:20.722 [main] DEBUG org.apache.http.wire -  >> "{"jsonrpc":"2.0","method":"removeTask","id":890,"params":{"task_id":252}}"
22:41:20.729 [main] DEBUG org.apache.http.wire -  << "HTTP/1.1 401 Unauthorized[\r][\n]"
22:41:20.729 [main] DEBUG org.apache.http.wire -  << "Server: nginx[\r][\n]"
22:41:20.729 [main] DEBUG org.apache.http.wire -  << "Date: Wed, 26 Jul 2023 19:41:20 GMT[\r][\n]"
22:41:20.729 [main] DEBUG org.apache.http.wire -  << "Content-Type: application/json[\r][\n]"
22:41:20.729 [main] DEBUG org.apache.http.wire -  << "Transfer-Encoding: chunked[\r][\n]"
22:41:20.729 [main] DEBUG org.apache.http.wire -  << "Connection: keep-alive[\r][\n]"
22:41:20.729 [main] DEBUG org.apache.http.wire -  << "WWW-Authenticate: Basic realm="JsonRPC"[\r][\n]"
22:41:20.729 [main] DEBUG org.apache.http.wire -  << "[\r][\n]"
22:41:20.729 [main] DEBUG org.apache.http.impl.conn.DefaultClientConnection - Receiving response: HTTP/1.1 401 Unauthorized
22:41:20.729 [main] DEBUG org.apache.http.headers - << HTTP/1.1 401 Unauthorized
22:41:20.729 [main] DEBUG org.apache.http.headers - << Server: nginx
22:41:20.729 [main] DEBUG org.apache.http.headers - << Date: Wed, 26 Jul 2023 19:41:20 GMT
22:41:20.729 [main] DEBUG org.apache.http.headers - << Content-Type: application/json
22:41:20.729 [main] DEBUG org.apache.http.headers - << Transfer-Encoding: chunked
22:41:20.729 [main] DEBUG org.apache.http.headers - << Connection: keep-alive
22:41:20.729 [main] DEBUG org.apache.http.headers - << WWW-Authenticate: Basic realm="JsonRPC"
22:41:20.729 [main] DEBUG org.apache.http.impl.client.DefaultHttpClient - Connection can be kept alive indefinitely
22:41:20.729 [main] DEBUG org.apache.http.impl.client.DefaultHttpClient - Authentication required
22:41:20.729 [main] DEBUG org.apache.http.impl.client.DefaultHttpClient - localhost:81 requested authentication
22:41:20.729 [main] DEBUG org.apache.http.impl.client.TargetAuthenticationStrategy - Authentication schemes in the order of preference: [Negotiate, Kerberos, NTLM, CredSSP, Digest, Basic]
22:41:20.729 [main] DEBUG org.apache.http.impl.client.TargetAuthenticationStrategy - Challenge for Negotiate authentication scheme not available
22:41:20.729 [main] DEBUG org.apache.http.impl.client.TargetAuthenticationStrategy - Challenge for Kerberos authentication scheme not available
22:41:20.729 [main] DEBUG org.apache.http.impl.client.TargetAuthenticationStrategy - Challenge for NTLM authentication scheme not available
22:41:20.729 [main] DEBUG org.apache.http.impl.client.TargetAuthenticationStrategy - Challenge for CredSSP authentication scheme not available
22:41:20.729 [main] DEBUG org.apache.http.impl.client.TargetAuthenticationStrategy - Challenge for Digest authentication scheme not available
22:41:20.729 [main] DEBUG org.apache.http.impl.client.DefaultHttpClient - Selected authentication options: [BASIC [complete=true]]
22:41:20.729 [main] DEBUG org.apache.http.wire -  << "49[\r][\n]"
22:41:20.729 [main] DEBUG org.apache.http.wire -  << "{"jsonrpc":"2.0","error":{"code":401,"message":"Unauthorized"},"id":null}"
22:41:20.729 [main] DEBUG org.apache.http.wire -  << "[\r][\n]"
22:41:20.729 [main] DEBUG org.apache.http.wire -  << "0[\r][\n]"
22:41:20.729 [main] DEBUG org.apache.http.wire -  << "[\r][\n]"
22:41:20.729 [main] DEBUG org.apache.http.client.protocol.RequestAddCookies - CookieSpec selected: ignoreCookies
22:41:20.730 [main] DEBUG org.apache.http.client.protocol.RequestAuthCache - Auth cache not set in the context
22:41:20.730 [main] DEBUG org.apache.http.client.protocol.RequestTargetAuthentication - Target auth state: CHALLENGED
22:41:20.730 [main] DEBUG org.apache.http.client.protocol.RequestTargetAuthentication - Generating response to an authentication challenge using basic scheme
22:41:20.730 [main] DEBUG org.apache.http.client.protocol.RequestProxyAuthentication - Proxy auth state: UNCHALLENGED
22:41:20.730 [main] DEBUG org.apache.http.impl.client.DefaultHttpClient - Attempt 2 to execute request
22:41:20.730 [main] DEBUG org.apache.http.impl.conn.DefaultClientConnection - Sending request: DELETE /jsonrpc.php HTTP/1.1
22:41:20.730 [main] DEBUG org.apache.http.wire -  >> "DELETE /jsonrpc.php HTTP/1.1[\r][\n]"
22:41:20.730 [main] DEBUG org.apache.http.wire -  >> "Accept: */*[\r][\n]"
22:41:20.730 [main] DEBUG org.apache.http.wire -  >> "Content-Type: text/plain; charset=ISO-8859-1[\r][\n]"
22:41:20.730 [main] DEBUG org.apache.http.wire -  >> "Content-Length: 73[\r][\n]"
22:41:20.730 [main] DEBUG org.apache.http.wire -  >> "Host: localhost:81[\r][\n]"
22:41:20.730 [main] DEBUG org.apache.http.wire -  >> "Connection: Keep-Alive[\r][\n]"
22:41:20.730 [main] DEBUG org.apache.http.wire -  >> "User-Agent: Apache-HttpClient/4.5.13 (Java/17)[\r][\n]"
22:41:20.730 [main] DEBUG org.apache.http.wire -  >> "Authorization: Basic a3lyeWxvQVBJVGVzdExvZ2luOmt5cnlsb0FQSVRlc3RQYXNzd29yZA==[\r][\n]"
22:41:20.730 [main] DEBUG org.apache.http.wire -  >> "Accept-Encoding: gzip,deflate[\r][\n]"
22:41:20.730 [main] DEBUG org.apache.http.wire -  >> "[\r][\n]"
22:41:20.730 [main] DEBUG org.apache.http.headers - >> DELETE /jsonrpc.php HTTP/1.1
22:41:20.730 [main] DEBUG org.apache.http.headers - >> Accept: */*
22:41:20.730 [main] DEBUG org.apache.http.headers - >> Content-Type: text/plain; charset=ISO-8859-1
22:41:20.730 [main] DEBUG org.apache.http.headers - >> Content-Length: 73
22:41:20.730 [main] DEBUG org.apache.http.headers - >> Host: localhost:81
22:41:20.730 [main] DEBUG org.apache.http.headers - >> Connection: Keep-Alive
22:41:20.730 [main] DEBUG org.apache.http.headers - >> User-Agent: Apache-HttpClient/4.5.13 (Java/17)
22:41:20.730 [main] DEBUG org.apache.http.headers - >> Authorization: Basic a3lyeWxvQVBJVGVzdExvZ2luOmt5cnlsb0FQSVRlc3RQYXNzd29yZA==
22:41:20.730 [main] DEBUG org.apache.http.headers - >> Accept-Encoding: gzip,deflate
22:41:20.730 [main] DEBUG org.apache.http.wire -  >> "{"jsonrpc":"2.0","method":"removeTask","id":890,"params":{"task_id":252}}"
22:41:20.836 [main] DEBUG org.apache.http.wire -  << "HTTP/1.1 200 OK[\r][\n]"
22:41:20.836 [main] DEBUG org.apache.http.wire -  << "Server: nginx[\r][\n]"
22:41:20.836 [main] DEBUG org.apache.http.wire -  << "Date: Wed, 26 Jul 2023 19:41:20 GMT[\r][\n]"
22:41:20.836 [main] DEBUG org.apache.http.wire -  << "Content-Type: application/json[\r][\n]"
22:41:20.836 [main] DEBUG org.apache.http.wire -  << "Transfer-Encoding: chunked[\r][\n]"
22:41:20.836 [main] DEBUG org.apache.http.wire -  << "Connection: keep-alive[\r][\n]"
22:41:20.836 [main] DEBUG org.apache.http.wire -  << "Vary: Accept-Encoding[\r][\n]"
22:41:20.836 [main] DEBUG org.apache.http.wire -  << "Content-Encoding: gzip[\r][\n]"
22:41:20.836 [main] DEBUG org.apache.http.wire -  << "[\r][\n]"
22:41:20.836 [main] DEBUG org.apache.http.impl.conn.DefaultClientConnection - Receiving response: HTTP/1.1 200 OK
22:41:20.836 [main] DEBUG org.apache.http.headers - << HTTP/1.1 200 OK
22:41:20.836 [main] DEBUG org.apache.http.headers - << Server: nginx
22:41:20.836 [main] DEBUG org.apache.http.headers - << Date: Wed, 26 Jul 2023 19:41:20 GMT
22:41:20.836 [main] DEBUG org.apache.http.headers - << Content-Type: application/json
22:41:20.836 [main] DEBUG org.apache.http.headers - << Transfer-Encoding: chunked
22:41:20.836 [main] DEBUG org.apache.http.headers - << Connection: keep-alive
22:41:20.836 [main] DEBUG org.apache.http.headers - << Vary: Accept-Encoding
22:41:20.836 [main] DEBUG org.apache.http.headers - << Content-Encoding: gzip
22:41:20.836 [main] DEBUG org.apache.http.impl.client.DefaultHttpClient - Connection can be kept alive indefinitely
22:41:20.836 [main] DEBUG org.apache.http.impl.client.DefaultHttpClient - Authentication succeeded
22:41:20.836 [main] DEBUG org.apache.http.impl.client.TargetAuthenticationStrategy - Caching 'basic' auth scheme for http://localhost:81
22:41:20.837 [main] DEBUG io.restassured.internal.RestAssuredHttpBuilder - Parsing response as: application/json
22:41:20.837 [main] DEBUG org.apache.http.wire -  << "3c[\r][\n]"
22:41:20.837 [main] DEBUG org.apache.http.wire -  << "[0x1f][0x8b][0x8][0x0][0x0][0x0][0x0][0x0][0x0][0x3][0xab]V[0xca]*[0xce][0xcf]+*HV[0xb2]R2[0xd2]3P[0xd2]Q*J-.[0xcd])Q[0xb2]*)*M[0xd5]Q[0xca]LQ[0xb2][0xb2][0xb0]4[0xa8][0x5][0x0][0xc7][0xde]A[0xee]([0x0][0x0][0x0]"
22:41:20.837 [main] DEBUG org.apache.http.wire -  << "[\r][\n]"
22:41:20.837 [main] DEBUG org.apache.http.wire -  << "0[\r][\n]"
22:41:20.837 [main] DEBUG org.apache.http.wire -  << "[\r][\n]"
22:41:20.837 [main] DEBUG io.restassured.internal.RestAssuredHttpBuilder - Parsed data to instance of: class org.apache.http.conn.EofSensorInputStream
22:41:20.837 [main] DEBUG org.apache.http.impl.conn.BasicClientConnectionManager - Releasing connection org.apache.http.impl.conn.ManagedClientConnectionImpl@62977afb
22:41:20.837 [main] DEBUG org.apache.http.impl.conn.BasicClientConnectionManager - Connection can be kept alive indefinitely
{
    "jsonrpc": "2.0",
    "result": true,
    "id": 890
}
{
    "jsonrpc": "2.0",
    "result": true,
    "id": 890
}
]]></system-out>
  </testcase>
</testsuite>