<?xml version="1.0" encoding="UTF-8"?>
<testsuite xmlns:xsi="http://www.w3.org/2001/XMLSchema-instance" xsi:noNamespaceSchemaLocation="https://maven.apache.org/surefire/maven-surefire-plugin/xsd/surefire-test-report-3.0.xsd" version="3.0" name="TestSuite" time="47.597" tests="13" errors="0" skipped="0" failures="0">
  <properties>
[...]
</properties>
  <testcase name="createUserValid" classname="API.tests.CreateUserTest" time="3.524">
    <system-out><![CDATA[17:41:32.492 [main] DEBUG org.testng.TestNG - suiteXmlPath: "C:\Users\k.shmana\Desktop\r_d\Kanboard\src\test\resources\regression.xml"
17:41:32.549 [main] WARN org.testng.xml.TestNGContentHandler - It is strongly recommended to add "<!DOCTYPE suite SYSTEM "https://testng.org/testng-1.0.dtd" >" at the top of the suite file [C:\Users\k.shmana\Desktop\r_d\Kanboard\src\test\resources\regression.xml] otherwise TestNG may fail or not work as expected.
17:41:34.031 [main] WARN org.testng.internal.Configuration - Detected a static method [API.tests.BaseTest.createUser()]. Static configuration methods can cause  unexpected behavior.
17:41:34.037 [main] WARN org.testng.internal.Configuration - Detected a static method [API.tests.BaseTest.createUser()]. Static configuration methods can cause  unexpected behavior.
Request method:	POST
Request URI:	http://localhost:81/jsonrpc.php
Proxy:			<none>
Request params:	<none>
Query params:	<none>
Form params:	<none>
Path params:	<none>
Headers:		Accept=*/*
				Content-Type=text/plain; charset=ISO-8859-1
Cookies:		<none>
Multiparts:		<none>
Body:
{"jsonrpc":"2.0","method":"createUser","id":123123,"params":{"username":"kyryloAPITestLogin","password":"kyryloAPITestPassword","name":"kyrylo","email":"kyryloAPITest@mail.com","role":"app-manager"}}
17:41:37.736 [main] DEBUG org.apache.http.impl.conn.BasicClientConnectionManager - Get connection for route {}->http://localhost:81
17:41:37.816 [main] DEBUG org.apache.http.impl.conn.DefaultClientConnectionOperator - Connecting to localhost:81
17:41:37.857 [main] DEBUG org.apache.http.client.protocol.RequestAddCookies - CookieSpec selected: ignoreCookies
17:41:37.859 [main] DEBUG org.apache.http.client.protocol.RequestAuthCache - Auth cache not set in the context
17:41:37.859 [main] DEBUG org.apache.http.client.protocol.RequestTargetAuthentication - Target auth state: UNCHALLENGED
17:41:37.860 [main] DEBUG org.apache.http.client.protocol.RequestProxyAuthentication - Proxy auth state: UNCHALLENGED
17:41:37.860 [main] DEBUG org.apache.http.impl.client.DefaultHttpClient - Attempt 1 to execute request
17:41:37.860 [main] DEBUG org.apache.http.impl.conn.DefaultClientConnection - Sending request: POST /jsonrpc.php HTTP/1.1
17:41:37.860 [main] DEBUG org.apache.http.wire -  >> "POST /jsonrpc.php HTTP/1.1[\r][\n]"
17:41:37.861 [main] DEBUG org.apache.http.wire -  >> "Accept: */*[\r][\n]"
17:41:37.862 [main] DEBUG org.apache.http.wire -  >> "Content-Type: text/plain; charset=ISO-8859-1[\r][\n]"
17:41:37.862 [main] DEBUG org.apache.http.wire -  >> "Content-Length: 199[\r][\n]"
17:41:37.862 [main] DEBUG org.apache.http.wire -  >> "Host: localhost:81[\r][\n]"
17:41:37.862 [main] DEBUG org.apache.http.wire -  >> "Connection: Keep-Alive[\r][\n]"
17:41:37.862 [main] DEBUG org.apache.http.wire -  >> "User-Agent: Apache-HttpClient/4.5.13 (Java/17)[\r][\n]"
17:41:37.862 [main] DEBUG org.apache.http.wire -  >> "Accept-Encoding: gzip,deflate[\r][\n]"
17:41:37.862 [main] DEBUG org.apache.http.wire -  >> "[\r][\n]"
17:41:37.862 [main] DEBUG org.apache.http.headers - >> POST /jsonrpc.php HTTP/1.1
17:41:37.862 [main] DEBUG org.apache.http.headers - >> Accept: */*
17:41:37.862 [main] DEBUG org.apache.http.headers - >> Content-Type: text/plain; charset=ISO-8859-1
17:41:37.862 [main] DEBUG org.apache.http.headers - >> Content-Length: 199
17:41:37.862 [main] DEBUG org.apache.http.headers - >> Host: localhost:81
17:41:37.862 [main] DEBUG org.apache.http.headers - >> Connection: Keep-Alive
17:41:37.862 [main] DEBUG org.apache.http.headers - >> User-Agent: Apache-HttpClient/4.5.13 (Java/17)
17:41:37.862 [main] DEBUG org.apache.http.headers - >> Accept-Encoding: gzip,deflate
17:41:37.863 [main] DEBUG org.apache.http.wire -  >> "{"jsonrpc":"2.0","method":"createUser","id":123123,"params":{"username":"kyryloAPITestLogin","password":"kyryloAPITestPassword","name":"kyrylo","email":"kyryloAPITest@mail.com","role":"app-manager"}}"
17:41:37.873 [main] DEBUG org.apache.http.wire -  << "HTTP/1.1 401 Unauthorized[\r][\n]"
17:41:37.875 [main] DEBUG org.apache.http.wire -  << "Server: nginx[\r][\n]"
17:41:37.875 [main] DEBUG org.apache.http.wire -  << "Date: Tue, 25 Jul 2023 14:41:37 GMT[\r][\n]"
17:41:37.875 [main] DEBUG org.apache.http.wire -  << "Content-Type: application/json[\r][\n]"
17:41:37.875 [main] DEBUG org.apache.http.wire -  << "Transfer-Encoding: chunked[\r][\n]"
17:41:37.875 [main] DEBUG org.apache.http.wire -  << "Connection: keep-alive[\r][\n]"
17:41:37.875 [main] DEBUG org.apache.http.wire -  << "WWW-Authenticate: Basic realm="JsonRPC"[\r][\n]"
17:41:37.875 [main] DEBUG org.apache.http.wire -  << "[\r][\n]"
17:41:37.876 [main] DEBUG org.apache.http.impl.conn.DefaultClientConnection - Receiving response: HTTP/1.1 401 Unauthorized
17:41:37.876 [main] DEBUG org.apache.http.headers - << HTTP/1.1 401 Unauthorized
17:41:37.876 [main] DEBUG org.apache.http.headers - << Server: nginx
17:41:37.876 [main] DEBUG org.apache.http.headers - << Date: Tue, 25 Jul 2023 14:41:37 GMT
17:41:37.876 [main] DEBUG org.apache.http.headers - << Content-Type: application/json
17:41:37.876 [main] DEBUG org.apache.http.headers - << Transfer-Encoding: chunked
17:41:37.876 [main] DEBUG org.apache.http.headers - << Connection: keep-alive
17:41:37.877 [main] DEBUG org.apache.http.headers - << WWW-Authenticate: Basic realm="JsonRPC"
17:41:37.882 [main] DEBUG org.apache.http.impl.client.DefaultHttpClient - Connection can be kept alive indefinitely
17:41:37.883 [main] DEBUG org.apache.http.impl.client.DefaultHttpClient - Authentication required
17:41:37.884 [main] DEBUG org.apache.http.impl.client.DefaultHttpClient - localhost:81 requested authentication
17:41:37.884 [main] DEBUG org.apache.http.impl.client.TargetAuthenticationStrategy - Authentication schemes in the order of preference: [Negotiate, Kerberos, NTLM, CredSSP, Digest, Basic]
17:41:37.884 [main] DEBUG org.apache.http.impl.client.TargetAuthenticationStrategy - Challenge for Negotiate authentication scheme not available
17:41:37.884 [main] DEBUG org.apache.http.impl.client.TargetAuthenticationStrategy - Challenge for Kerberos authentication scheme not available
17:41:37.884 [main] DEBUG org.apache.http.impl.client.TargetAuthenticationStrategy - Challenge for NTLM authentication scheme not available
17:41:37.884 [main] DEBUG org.apache.http.impl.client.TargetAuthenticationStrategy - Challenge for CredSSP authentication scheme not available
17:41:37.885 [main] DEBUG org.apache.http.impl.client.TargetAuthenticationStrategy - Challenge for Digest authentication scheme not available
17:41:37.889 [main] DEBUG org.apache.http.impl.client.DefaultHttpClient - Selected authentication options: [BASIC [complete=true]]
17:41:37.891 [main] DEBUG org.apache.http.wire -  << "49[\r][\n]"
17:41:37.891 [main] DEBUG org.apache.http.wire -  << "{"jsonrpc":"2.0","error":{"code":401,"message":"Unauthorized"},"id":null}"
17:41:37.891 [main] DEBUG org.apache.http.wire -  << "[\r][\n]"
17:41:37.891 [main] DEBUG org.apache.http.wire -  << "0[\r][\n]"
17:41:37.891 [main] DEBUG org.apache.http.wire -  << "[\r][\n]"
17:41:37.892 [main] DEBUG org.apache.http.client.protocol.RequestAddCookies - CookieSpec selected: ignoreCookies
17:41:37.892 [main] DEBUG org.apache.http.client.protocol.RequestAuthCache - Auth cache not set in the context
17:41:37.892 [main] DEBUG org.apache.http.client.protocol.RequestTargetAuthentication - Target auth state: CHALLENGED
17:41:37.892 [main] DEBUG org.apache.http.client.protocol.RequestTargetAuthentication - Generating response to an authentication challenge using basic scheme
17:41:37.901 [main] DEBUG org.apache.http.client.protocol.RequestProxyAuthentication - Proxy auth state: UNCHALLENGED
17:41:37.901 [main] DEBUG org.apache.http.impl.client.DefaultHttpClient - Attempt 2 to execute request
17:41:37.901 [main] DEBUG org.apache.http.impl.conn.DefaultClientConnection - Sending request: POST /jsonrpc.php HTTP/1.1
17:41:37.901 [main] DEBUG org.apache.http.wire -  >> "POST /jsonrpc.php HTTP/1.1[\r][\n]"
17:41:37.901 [main] DEBUG org.apache.http.wire -  >> "Accept: */*[\r][\n]"
17:41:37.901 [main] DEBUG org.apache.http.wire -  >> "Content-Type: text/plain; charset=ISO-8859-1[\r][\n]"
17:41:37.901 [main] DEBUG org.apache.http.wire -  >> "Content-Length: 199[\r][\n]"
17:41:37.901 [main] DEBUG org.apache.http.wire -  >> "Host: localhost:81[\r][\n]"
17:41:37.902 [main] DEBUG org.apache.http.wire -  >> "Connection: Keep-Alive[\r][\n]"
17:41:37.902 [main] DEBUG org.apache.http.wire -  >> "User-Agent: Apache-HttpClient/4.5.13 (Java/17)[\r][\n]"
17:41:37.902 [main] DEBUG org.apache.http.wire -  >> "Authorization: Basic YWRtaW46YWRtaW4=[\r][\n]"
17:41:37.902 [main] DEBUG org.apache.http.wire -  >> "Accept-Encoding: gzip,deflate[\r][\n]"
17:41:37.902 [main] DEBUG org.apache.http.wire -  >> "[\r][\n]"
17:41:37.902 [main] DEBUG org.apache.http.headers - >> POST /jsonrpc.php HTTP/1.1
17:41:37.902 [main] DEBUG org.apache.http.headers - >> Accept: */*
17:41:37.902 [main] DEBUG org.apache.http.headers - >> Content-Type: text/plain; charset=ISO-8859-1
17:41:37.902 [main] DEBUG org.apache.http.headers - >> Content-Length: 199
17:41:37.902 [main] DEBUG org.apache.http.headers - >> Host: localhost:81
17:41:37.902 [main] DEBUG org.apache.http.headers - >> Connection: Keep-Alive
17:41:37.902 [main] DEBUG org.apache.http.headers - >> User-Agent: Apache-HttpClient/4.5.13 (Java/17)
17:41:37.902 [main] DEBUG org.apache.http.headers - >> Authorization: Basic YWRtaW46YWRtaW4=
17:41:37.903 [main] DEBUG org.apache.http.headers - >> Accept-Encoding: gzip,deflate
17:41:37.903 [main] DEBUG org.apache.http.wire -  >> "{"jsonrpc":"2.0","method":"createUser","id":123123,"params":{"username":"kyryloAPITestLogin","password":"kyryloAPITestPassword","name":"kyrylo","email":"kyryloAPITest@mail.com","role":"app-manager"}}"
17:41:38.193 [main] DEBUG org.apache.http.wire -  << "HTTP/1.1 200 OK[\r][\n]"
17:41:38.193 [main] DEBUG org.apache.http.wire -  << "Server: nginx[\r][\n]"
17:41:38.193 [main] DEBUG org.apache.http.wire -  << "Date: Tue, 25 Jul 2023 14:41:38 GMT[\r][\n]"
17:41:38.193 [main] DEBUG org.apache.http.wire -  << "Content-Type: application/json[\r][\n]"
17:41:38.193 [main] DEBUG org.apache.http.wire -  << "Transfer-Encoding: chunked[\r][\n]"
17:41:38.193 [main] DEBUG org.apache.http.wire -  << "Connection: keep-alive[\r][\n]"
17:41:38.194 [main] DEBUG org.apache.http.wire -  << "Vary: Accept-Encoding[\r][\n]"
17:41:38.194 [main] DEBUG org.apache.http.wire -  << "Content-Encoding: gzip[\r][\n]"
17:41:38.194 [main] DEBUG org.apache.http.wire -  << "[\r][\n]"
17:41:38.194 [main] DEBUG org.apache.http.impl.conn.DefaultClientConnection - Receiving response: HTTP/1.1 200 OK
17:41:38.194 [main] DEBUG org.apache.http.headers - << HTTP/1.1 200 OK
17:41:38.194 [main] DEBUG org.apache.http.headers - << Server: nginx
17:41:38.194 [main] DEBUG org.apache.http.headers - << Date: Tue, 25 Jul 2023 14:41:38 GMT
17:41:38.194 [main] DEBUG org.apache.http.headers - << Content-Type: application/json
17:41:38.194 [main] DEBUG org.apache.http.headers - << Transfer-Encoding: chunked
17:41:38.194 [main] DEBUG org.apache.http.headers - << Connection: keep-alive
17:41:38.194 [main] DEBUG org.apache.http.headers - << Vary: Accept-Encoding
17:41:38.194 [main] DEBUG org.apache.http.headers - << Content-Encoding: gzip
17:41:38.196 [main] DEBUG org.apache.http.impl.client.DefaultHttpClient - Connection can be kept alive indefinitely
17:41:38.196 [main] DEBUG org.apache.http.impl.client.DefaultHttpClient - Authentication succeeded
17:41:38.199 [main] DEBUG org.apache.http.impl.client.TargetAuthenticationStrategy - Caching 'basic' auth scheme for http://localhost:81
17:41:38.225 [main] DEBUG io.restassured.internal.RestAssuredHttpBuilder - Parsing response as: application/json
17:41:38.227 [main] DEBUG org.apache.http.wire -  << "3c[\r][\n]"
17:41:38.228 [main] DEBUG org.apache.http.wire -  << "[0x1f][0x8b][0x8][0x0][0x0][0x0][0x0][0x0][0x0][0x3][0xab]V[0xca]*[0xce][0xcf]+*HV[0xb2]R2[0xd2]3P[0xd2]Q*J-.[0xcd])Q[0xb2]261[0xd7]Q[0xca]LQ[0xb2]242[0x6][0xa2]Z[0x0][0xf9]w[0xb9][0x1e]*[0x0][0x0][0x0]"
17:41:38.228 [main] DEBUG org.apache.http.wire -  << "[\r][\n]"
17:41:38.228 [main] DEBUG org.apache.http.wire -  << "0[\r][\n]"
17:41:38.228 [main] DEBUG org.apache.http.wire -  << "[\r][\n]"
17:41:38.229 [main] DEBUG io.restassured.internal.RestAssuredHttpBuilder - Parsed data to instance of: class org.apache.http.conn.EofSensorInputStream
17:41:38.364 [main] DEBUG org.apache.http.impl.conn.BasicClientConnectionManager - Releasing connection org.apache.http.impl.conn.ManagedClientConnectionImpl@7ef3aa21
17:41:38.364 [main] DEBUG org.apache.http.impl.conn.BasicClientConnectionManager - Connection can be kept alive indefinitely
{
    "jsonrpc": "2.0",
    "result": 347,
    "id": 123123
}
Request method:	GET
Request URI:	http://localhost:81/jsonrpc.php
Proxy:			<none>
Request params:	<none>
Query params:	<none>
Form params:	<none>
Path params:	<none>
Headers:		Accept=*/*
				Content-Type=text/plain; charset=ISO-8859-1
Cookies:		<none>
Multiparts:		<none>
Body:
{"jsonrpc":"2.0","method":"getUser","id":123,"params":{"user_id":347}}
17:41:38.605 [main] DEBUG org.apache.http.impl.conn.BasicClientConnectionManager - Get connection for route {}->http://localhost:81
17:41:38.605 [main] DEBUG org.apache.http.impl.conn.DefaultClientConnectionOperator - Connecting to localhost:81
17:41:38.606 [main] DEBUG org.apache.http.client.protocol.RequestAddCookies - CookieSpec selected: ignoreCookies
17:41:38.607 [main] DEBUG org.apache.http.client.protocol.RequestAuthCache - Auth cache not set in the context
17:41:38.607 [main] DEBUG org.apache.http.client.protocol.RequestTargetAuthentication - Target auth state: UNCHALLENGED
17:41:38.607 [main] DEBUG org.apache.http.client.protocol.RequestProxyAuthentication - Proxy auth state: UNCHALLENGED
17:41:38.607 [main] DEBUG org.apache.http.impl.client.DefaultHttpClient - Attempt 1 to execute request
17:41:38.607 [main] DEBUG org.apache.http.impl.conn.DefaultClientConnection - Sending request: GET /jsonrpc.php HTTP/1.1
17:41:38.608 [main] DEBUG org.apache.http.wire -  >> "GET /jsonrpc.php HTTP/1.1[\r][\n]"
17:41:38.608 [main] DEBUG org.apache.http.wire -  >> "Accept: */*[\r][\n]"
17:41:38.608 [main] DEBUG org.apache.http.wire -  >> "Content-Type: text/plain; charset=ISO-8859-1[\r][\n]"
17:41:38.608 [main] DEBUG org.apache.http.wire -  >> "Content-Length: 70[\r][\n]"
17:41:38.608 [main] DEBUG org.apache.http.wire -  >> "Host: localhost:81[\r][\n]"
17:41:38.608 [main] DEBUG org.apache.http.wire -  >> "Connection: Keep-Alive[\r][\n]"
17:41:38.608 [main] DEBUG org.apache.http.wire -  >> "User-Agent: Apache-HttpClient/4.5.13 (Java/17)[\r][\n]"
17:41:38.608 [main] DEBUG org.apache.http.wire -  >> "Accept-Encoding: gzip,deflate[\r][\n]"
17:41:38.608 [main] DEBUG org.apache.http.wire -  >> "[\r][\n]"
17:41:38.608 [main] DEBUG org.apache.http.headers - >> GET /jsonrpc.php HTTP/1.1
17:41:38.608 [main] DEBUG org.apache.http.headers - >> Accept: */*
17:41:38.608 [main] DEBUG org.apache.http.headers - >> Content-Type: text/plain; charset=ISO-8859-1
17:41:38.608 [main] DEBUG org.apache.http.headers - >> Content-Length: 70
17:41:38.608 [main] DEBUG org.apache.http.headers - >> Host: localhost:81
17:41:38.608 [main] DEBUG org.apache.http.headers - >> Connection: Keep-Alive
17:41:38.608 [main] DEBUG org.apache.http.headers - >> User-Agent: Apache-HttpClient/4.5.13 (Java/17)
17:41:38.609 [main] DEBUG org.apache.http.headers - >> Accept-Encoding: gzip,deflate
17:41:38.609 [main] DEBUG org.apache.http.wire -  >> "{"jsonrpc":"2.0","method":"getUser","id":123,"params":{"user_id":347}}"
17:41:38.619 [main] DEBUG org.apache.http.wire -  << "HTTP/1.1 401 Unauthorized[\r][\n]"
17:41:38.619 [main] DEBUG org.apache.http.wire -  << "Server: nginx[\r][\n]"
17:41:38.619 [main] DEBUG org.apache.http.wire -  << "Date: Tue, 25 Jul 2023 14:41:38 GMT[\r][\n]"
17:41:38.619 [main] DEBUG org.apache.http.wire -  << "Content-Type: application/json[\r][\n]"
17:41:38.619 [main] DEBUG org.apache.http.wire -  << "Transfer-Encoding: chunked[\r][\n]"
17:41:38.619 [main] DEBUG org.apache.http.wire -  << "Connection: keep-alive[\r][\n]"
17:41:38.619 [main] DEBUG org.apache.http.wire -  << "WWW-Authenticate: Basic realm="JsonRPC"[\r][\n]"
17:41:38.619 [main] DEBUG org.apache.http.wire -  << "[\r][\n]"
17:41:38.619 [main] DEBUG org.apache.http.impl.conn.DefaultClientConnection - Receiving response: HTTP/1.1 401 Unauthorized
17:41:38.619 [main] DEBUG org.apache.http.headers - << HTTP/1.1 401 Unauthorized
17:41:38.619 [main] DEBUG org.apache.http.headers - << Server: nginx
17:41:38.620 [main] DEBUG org.apache.http.headers - << Date: Tue, 25 Jul 2023 14:41:38 GMT
17:41:38.620 [main] DEBUG org.apache.http.headers - << Content-Type: application/json
17:41:38.620 [main] DEBUG org.apache.http.headers - << Transfer-Encoding: chunked
17:41:38.620 [main] DEBUG org.apache.http.headers - << Connection: keep-alive
17:41:38.620 [main] DEBUG org.apache.http.headers - << WWW-Authenticate: Basic realm="JsonRPC"
17:41:38.620 [main] DEBUG org.apache.http.impl.client.DefaultHttpClient - Connection can be kept alive indefinitely
17:41:38.620 [main] DEBUG org.apache.http.impl.client.DefaultHttpClient - Authentication required
17:41:38.620 [main] DEBUG org.apache.http.impl.client.DefaultHttpClient - localhost:81 requested authentication
17:41:38.621 [main] DEBUG org.apache.http.impl.client.TargetAuthenticationStrategy - Authentication schemes in the order of preference: [Negotiate, Kerberos, NTLM, CredSSP, Digest, Basic]
17:41:38.621 [main] DEBUG org.apache.http.impl.client.TargetAuthenticationStrategy - Challenge for Negotiate authentication scheme not available
17:41:38.621 [main] DEBUG org.apache.http.impl.client.TargetAuthenticationStrategy - Challenge for Kerberos authentication scheme not available
17:41:38.621 [main] DEBUG org.apache.http.impl.client.TargetAuthenticationStrategy - Challenge for NTLM authentication scheme not available
17:41:38.621 [main] DEBUG org.apache.http.impl.client.TargetAuthenticationStrategy - Challenge for CredSSP authentication scheme not available
17:41:38.621 [main] DEBUG org.apache.http.impl.client.TargetAuthenticationStrategy - Challenge for Digest authentication scheme not available
17:41:38.621 [main] DEBUG org.apache.http.impl.client.DefaultHttpClient - Selected authentication options: [BASIC [complete=true]]
17:41:38.621 [main] DEBUG org.apache.http.wire -  << "49[\r][\n]"
17:41:38.621 [main] DEBUG org.apache.http.wire -  << "{"jsonrpc":"2.0","error":{"code":401,"message":"Unauthorized"},"id":null}"
17:41:38.621 [main] DEBUG org.apache.http.wire -  << "[\r][\n]"
17:41:38.621 [main] DEBUG org.apache.http.wire -  << "0[\r][\n]"
17:41:38.621 [main] DEBUG org.apache.http.wire -  << "[\r][\n]"
17:41:38.621 [main] DEBUG org.apache.http.client.protocol.RequestAddCookies - CookieSpec selected: ignoreCookies
17:41:38.622 [main] DEBUG org.apache.http.client.protocol.RequestAuthCache - Auth cache not set in the context
17:41:38.622 [main] DEBUG org.apache.http.client.protocol.RequestTargetAuthentication - Target auth state: CHALLENGED
17:41:38.622 [main] DEBUG org.apache.http.client.protocol.RequestTargetAuthentication - Generating response to an authentication challenge using basic scheme
17:41:38.622 [main] DEBUG org.apache.http.client.protocol.RequestProxyAuthentication - Proxy auth state: UNCHALLENGED
17:41:38.622 [main] DEBUG org.apache.http.impl.client.DefaultHttpClient - Attempt 2 to execute request
17:41:38.622 [main] DEBUG org.apache.http.impl.conn.DefaultClientConnection - Sending request: GET /jsonrpc.php HTTP/1.1
17:41:38.622 [main] DEBUG org.apache.http.wire -  >> "GET /jsonrpc.php HTTP/1.1[\r][\n]"
17:41:38.622 [main] DEBUG org.apache.http.wire -  >> "Accept: */*[\r][\n]"
17:41:38.622 [main] DEBUG org.apache.http.wire -  >> "Content-Type: text/plain; charset=ISO-8859-1[\r][\n]"
17:41:38.622 [main] DEBUG org.apache.http.wire -  >> "Content-Length: 70[\r][\n]"
17:41:38.622 [main] DEBUG org.apache.http.wire -  >> "Host: localhost:81[\r][\n]"
17:41:38.622 [main] DEBUG org.apache.http.wire -  >> "Connection: Keep-Alive[\r][\n]"
17:41:38.622 [main] DEBUG org.apache.http.wire -  >> "User-Agent: Apache-HttpClient/4.5.13 (Java/17)[\r][\n]"
17:41:38.622 [main] DEBUG org.apache.http.wire -  >> "Authorization: Basic YWRtaW46YWRtaW4=[\r][\n]"
17:41:38.622 [main] DEBUG org.apache.http.wire -  >> "Accept-Encoding: gzip,deflate[\r][\n]"
17:41:38.622 [main] DEBUG org.apache.http.wire -  >> "[\r][\n]"
17:41:38.623 [main] DEBUG org.apache.http.headers - >> GET /jsonrpc.php HTTP/1.1
17:41:38.623 [main] DEBUG org.apache.http.headers - >> Accept: */*
17:41:38.623 [main] DEBUG org.apache.http.headers - >> Content-Type: text/plain; charset=ISO-8859-1
17:41:38.623 [main] DEBUG org.apache.http.headers - >> Content-Length: 70
17:41:38.623 [main] DEBUG org.apache.http.headers - >> Host: localhost:81
17:41:38.623 [main] DEBUG org.apache.http.headers - >> Connection: Keep-Alive
17:41:38.623 [main] DEBUG org.apache.http.headers - >> User-Agent: Apache-HttpClient/4.5.13 (Java/17)
17:41:38.623 [main] DEBUG org.apache.http.headers - >> Authorization: Basic YWRtaW46YWRtaW4=
17:41:38.623 [main] DEBUG org.apache.http.headers - >> Accept-Encoding: gzip,deflate
17:41:38.623 [main] DEBUG org.apache.http.wire -  >> "{"jsonrpc":"2.0","method":"getUser","id":123,"params":{"user_id":347}}"
17:41:38.719 [main] DEBUG org.apache.http.wire -  << "HTTP/1.1 200 OK[\r][\n]"
17:41:38.720 [main] DEBUG org.apache.http.wire -  << "Server: nginx[\r][\n]"
17:41:38.720 [main] DEBUG org.apache.http.wire -  << "Date: Tue, 25 Jul 2023 14:41:38 GMT[\r][\n]"
17:41:38.720 [main] DEBUG org.apache.http.wire -  << "Content-Type: application/json[\r][\n]"
17:41:38.720 [main] DEBUG org.apache.http.wire -  << "Transfer-Encoding: chunked[\r][\n]"
17:41:38.720 [main] DEBUG org.apache.http.wire -  << "Connection: keep-alive[\r][\n]"
17:41:38.720 [main] DEBUG org.apache.http.wire -  << "Vary: Accept-Encoding[\r][\n]"
17:41:38.720 [main] DEBUG org.apache.http.wire -  << "Content-Encoding: gzip[\r][\n]"
17:41:38.720 [main] DEBUG org.apache.http.wire -  << "[\r][\n]"
17:41:38.720 [main] DEBUG org.apache.http.impl.conn.DefaultClientConnection - Receiving response: HTTP/1.1 200 OK
17:41:38.720 [main] DEBUG org.apache.http.headers - << HTTP/1.1 200 OK
17:41:38.720 [main] DEBUG org.apache.http.headers - << Server: nginx
17:41:38.720 [main] DEBUG org.apache.http.headers - << Date: Tue, 25 Jul 2023 14:41:38 GMT
17:41:38.720 [main] DEBUG org.apache.http.headers - << Content-Type: application/json
17:41:38.720 [main] DEBUG org.apache.http.headers - << Transfer-Encoding: chunked
17:41:38.720 [main] DEBUG org.apache.http.headers - << Connection: keep-alive
17:41:38.720 [main] DEBUG org.apache.http.headers - << Vary: Accept-Encoding
17:41:38.720 [main] DEBUG org.apache.http.headers - << Content-Encoding: gzip
17:41:38.721 [main] DEBUG org.apache.http.impl.client.DefaultHttpClient - Connection can be kept alive indefinitely
17:41:38.721 [main] DEBUG org.apache.http.impl.client.DefaultHttpClient - Authentication succeeded
17:41:38.721 [main] DEBUG org.apache.http.impl.client.TargetAuthenticationStrategy - Caching 'basic' auth scheme for http://localhost:81
17:41:38.722 [main] DEBUG io.restassured.internal.RestAssuredHttpBuilder - Parsing response as: application/json
17:41:38.722 [main] DEBUG org.apache.http.wire -  << "171[\r][\n]"
17:41:38.722 [main] DEBUG org.apache.http.wire -  << "[0x1f][0x8b][0x8][0x0][0x0][0x0][0x0][0x0][0x0][0x3]][0x91]oO[0xc2]0[0x10][0xc6][0xbf]K[0xc3]K[0x1c][0x86]Q[0xf7]J[0x89][0x92][0xa0][0x82][0x88]F[0x13][0xdf]4[0xc7]v[0x1b][0x95][0xae]7[0xda]ND[0xc2]w[0xf7][0xc6][0x84][0x80]o[0x9a][0xf4][0xfa][0xdc]=[0xbf][0xe7][0xba][0x11][0x9f][0x8e][0x8c]-b[0x11][0x89]n[0xd0][0x16]Ma[0xd1][0x95][0xda][0x8b]h#T"[0xa2][0xb0]w[0xd1][0x14][0xa5]Ck G[0xd6],[0xd6]v[0xad][0xe9]f2|E[0xe7][0x1f])S[0x86][[\n]"
17:41:38.722 [main] DEBUG org.apache.http.wire -  << "pnE[0x96][0xe5][0xa2][0xd1]]7:[0xed][0xc6][0xe5]{[0xd8]k[0xbd]ee[0x90][0xde][0xf6][[0xf7][0xd3][0xab][0xc9][0xcb]x0[\n]"
17:41:38.722 [main] DEBUG org.apache.http.wire -  << "[0x6][0xed]@-[0x3][\n]"
17:41:38.722 [main] DEBUG org.apache.http.wire -  << "[0xb2])[0x86][0xd3]u[0xd7][0x9d]c[0xf9]|7[0x1c][0x85][0xdf][0xe3][0x8f][0x87][0xf8][0x89]')'u[0x2][0x85][0xac][0x1c]E[0xd4]n[0x8a][0x13][[0x16]`[0xe]J[0xff][0xe7][0xb8][0xae][0x8a]AL9[0xb]2[0xa2]L[0xa3][0xac][0xd8]M[0xa9]5[0x17][0x94][0x9f][0x97][0xb3][0xa3][0x82]![0xaf]R[0x15][0x83]Wd[0x9c]D[0x3]3[0x8d][0xac]f3[0xaf]r[0xfc]![0xc3]9[0xeb]V[\r]&+!;[0xdc][0x13][0xe5]*[0xb1][0xd4]Un[0x99][0x92][0xcd][0xeb][0xb6][0x15][0xa5][0x10]{[0xb2][0x92]O[0xf5][0x5]~?[0xee]Pw[0x18][[0xe4][0x9d][0xd6]c=-[0xd0]p[0x6][0xa6]=eI[0x95][0xf6]U[0xee][0x1e]?[0xcc]d[0xca][0xa1]0[0xa9][0xcd]v>[0x9a][0xe2][0x85][0xc4][0xef]B[0xd9][0x1d][0xbb]L[0xd8][0xe9]([0xa5][0x86][0xe3][0x94][0x96]t[0xf5]_P[0x14]g9[0x18][0xe]a[0xeb][0xf5][0xee][0x10][0xf9][0xa5][0xd3][0x14][0xc0][0xa8]`e[0x1]~[0xbe][0x1f][0x3][0x85]bE[0x8c][0xce][0xc9]?[0xca][0x1a]yOV[0xdd][0xb6]<[0x87][0xf7][0xd5][0xe9][0x86][0xdb]_@[0x14]B[0xd2]>[0x2][0x0][0x0]"
17:41:38.722 [main] DEBUG org.apache.http.wire -  << "[\r][\n]"
17:41:38.722 [main] DEBUG org.apache.http.wire -  << "0[\r][\n]"
17:41:38.722 [main] DEBUG org.apache.http.wire -  << "[\r][\n]"
17:41:38.722 [main] DEBUG io.restassured.internal.RestAssuredHttpBuilder - Parsed data to instance of: class org.apache.http.conn.EofSensorInputStream
17:41:38.724 [main] DEBUG org.apache.http.impl.conn.BasicClientConnectionManager - Releasing connection org.apache.http.impl.conn.ManagedClientConnectionImpl@79f59e0e
17:41:38.724 [main] DEBUG org.apache.http.impl.conn.BasicClientConnectionManager - Connection can be kept alive indefinitely
{
    "jsonrpc": "2.0",
    "result": {
        "id": 347,
        "username": "kyryloAPITestLogin",
        "password": "$2y$10$8W34/Vgu.fDB/JR9PSNFM.F0.iq.o.gRe3Ry2s5eBqQEIM3xNZKcO",
        "is_ldap_user": 0,
        "name": "kyrylo",
        "email": "kyryloAPITest@mail.com",
        "google_id": null,
        "github_id": null,
        "notifications_enabled": 0,
        "timezone": null,
        "language": null,
        "disable_login_form": 0,
        "twofactor_activated": 0,
        "twofactor_secret": null,
        "token": "",
        "notifications_filter": 4,
        "nb_failed_login": 0,
        "lock_expiration_date": null,
        "gitlab_id": null,
        "role": "app-manager",
        "is_active": 1,
        "avatar_path": null,
        "api_access_token": null,
        "filter": null
    },
    "id": 123
}
]]></system-out>
  </testcase>
  <testcase name="deleteUserTest" classname="API.tests.DeleteUserTest" time="0.529">
    <system-out><![CDATA[Request method:	DELETE
Request URI:	http://localhost:81/jsonrpc.php
Proxy:			<none>
Request params:	<none>
Query params:	<none>
Form params:	<none>
Path params:	<none>
Headers:		Accept=*/*
				Content-Type=text/plain; charset=ISO-8859-1
Cookies:		<none>
Multiparts:		<none>
Body:
{"jsonrpc":"2.0","method":"removeUser","id":234,"params":{"user_id":347}}
17:41:38.814 [main] DEBUG org.apache.http.impl.conn.BasicClientConnectionManager - Get connection for route {}->http://localhost:81
17:41:38.814 [main] DEBUG org.apache.http.impl.conn.DefaultClientConnectionOperator - Connecting to localhost:81
17:41:38.815 [main] DEBUG org.apache.http.client.protocol.RequestAddCookies - CookieSpec selected: ignoreCookies
17:41:38.816 [main] DEBUG org.apache.http.client.protocol.RequestAuthCache - Auth cache not set in the context
17:41:38.817 [main] DEBUG org.apache.http.client.protocol.RequestTargetAuthentication - Target auth state: UNCHALLENGED
17:41:38.817 [main] DEBUG org.apache.http.client.protocol.RequestProxyAuthentication - Proxy auth state: UNCHALLENGED
17:41:38.817 [main] DEBUG org.apache.http.impl.client.DefaultHttpClient - Attempt 1 to execute request
17:41:38.817 [main] DEBUG org.apache.http.impl.conn.DefaultClientConnection - Sending request: DELETE /jsonrpc.php HTTP/1.1
17:41:38.818 [main] DEBUG org.apache.http.wire -  >> "DELETE /jsonrpc.php HTTP/1.1[\r][\n]"
17:41:38.818 [main] DEBUG org.apache.http.wire -  >> "Accept: */*[\r][\n]"
17:41:38.818 [main] DEBUG org.apache.http.wire -  >> "Content-Type: text/plain; charset=ISO-8859-1[\r][\n]"
17:41:38.818 [main] DEBUG org.apache.http.wire -  >> "Content-Length: 73[\r][\n]"
17:41:38.818 [main] DEBUG org.apache.http.wire -  >> "Host: localhost:81[\r][\n]"
17:41:38.818 [main] DEBUG org.apache.http.wire -  >> "Connection: Keep-Alive[\r][\n]"
17:41:38.819 [main] DEBUG org.apache.http.wire -  >> "User-Agent: Apache-HttpClient/4.5.13 (Java/17)[\r][\n]"
17:41:38.819 [main] DEBUG org.apache.http.wire -  >> "Accept-Encoding: gzip,deflate[\r][\n]"
17:41:38.819 [main] DEBUG org.apache.http.wire -  >> "[\r][\n]"
17:41:38.819 [main] DEBUG org.apache.http.headers - >> DELETE /jsonrpc.php HTTP/1.1
17:41:38.819 [main] DEBUG org.apache.http.headers - >> Accept: */*
17:41:38.819 [main] DEBUG org.apache.http.headers - >> Content-Type: text/plain; charset=ISO-8859-1
17:41:38.819 [main] DEBUG org.apache.http.headers - >> Content-Length: 73
17:41:38.819 [main] DEBUG org.apache.http.headers - >> Host: localhost:81
17:41:38.819 [main] DEBUG org.apache.http.headers - >> Connection: Keep-Alive
17:41:38.819 [main] DEBUG org.apache.http.headers - >> User-Agent: Apache-HttpClient/4.5.13 (Java/17)
17:41:38.820 [main] DEBUG org.apache.http.headers - >> Accept-Encoding: gzip,deflate
17:41:38.820 [main] DEBUG org.apache.http.wire -  >> "{"jsonrpc":"2.0","method":"removeUser","id":234,"params":{"user_id":347}}"
17:41:38.833 [main] DEBUG org.apache.http.wire -  << "HTTP/1.1 401 Unauthorized[\r][\n]"
17:41:38.834 [main] DEBUG org.apache.http.wire -  << "Server: nginx[\r][\n]"
17:41:38.834 [main] DEBUG org.apache.http.wire -  << "Date: Tue, 25 Jul 2023 14:41:38 GMT[\r][\n]"
17:41:38.834 [main] DEBUG org.apache.http.wire -  << "Content-Type: application/json[\r][\n]"
17:41:38.834 [main] DEBUG org.apache.http.wire -  << "Transfer-Encoding: chunked[\r][\n]"
17:41:38.834 [main] DEBUG org.apache.http.wire -  << "Connection: keep-alive[\r][\n]"
17:41:38.834 [main] DEBUG org.apache.http.wire -  << "WWW-Authenticate: Basic realm="JsonRPC"[\r][\n]"
17:41:38.834 [main] DEBUG org.apache.http.wire -  << "[\r][\n]"
17:41:38.834 [main] DEBUG org.apache.http.impl.conn.DefaultClientConnection - Receiving response: HTTP/1.1 401 Unauthorized
17:41:38.834 [main] DEBUG org.apache.http.headers - << HTTP/1.1 401 Unauthorized
17:41:38.834 [main] DEBUG org.apache.http.headers - << Server: nginx
17:41:38.834 [main] DEBUG org.apache.http.headers - << Date: Tue, 25 Jul 2023 14:41:38 GMT
17:41:38.834 [main] DEBUG org.apache.http.headers - << Content-Type: application/json
17:41:38.834 [main] DEBUG org.apache.http.headers - << Transfer-Encoding: chunked
17:41:38.834 [main] DEBUG org.apache.http.headers - << Connection: keep-alive
17:41:38.834 [main] DEBUG org.apache.http.headers - << WWW-Authenticate: Basic realm="JsonRPC"
17:41:38.834 [main] DEBUG org.apache.http.impl.client.DefaultHttpClient - Connection can be kept alive indefinitely
17:41:38.834 [main] DEBUG org.apache.http.impl.client.DefaultHttpClient - Authentication required
17:41:38.834 [main] DEBUG org.apache.http.impl.client.DefaultHttpClient - localhost:81 requested authentication
17:41:38.834 [main] DEBUG org.apache.http.impl.client.TargetAuthenticationStrategy - Authentication schemes in the order of preference: [Negotiate, Kerberos, NTLM, CredSSP, Digest, Basic]
17:41:38.835 [main] DEBUG org.apache.http.impl.client.TargetAuthenticationStrategy - Challenge for Negotiate authentication scheme not available
17:41:38.835 [main] DEBUG org.apache.http.impl.client.TargetAuthenticationStrategy - Challenge for Kerberos authentication scheme not available
17:41:38.835 [main] DEBUG org.apache.http.impl.client.TargetAuthenticationStrategy - Challenge for NTLM authentication scheme not available
17:41:38.835 [main] DEBUG org.apache.http.impl.client.TargetAuthenticationStrategy - Challenge for CredSSP authentication scheme not available
17:41:38.835 [main] DEBUG org.apache.http.impl.client.TargetAuthenticationStrategy - Challenge for Digest authentication scheme not available
17:41:38.835 [main] DEBUG org.apache.http.impl.client.DefaultHttpClient - Selected authentication options: [BASIC [complete=true]]
17:41:38.835 [main] DEBUG org.apache.http.wire -  << "49[\r][\n]"
17:41:38.835 [main] DEBUG org.apache.http.wire -  << "{"jsonrpc":"2.0","error":{"code":401,"message":"Unauthorized"},"id":null}"
17:41:38.835 [main] DEBUG org.apache.http.wire -  << "[\r][\n]"
17:41:38.835 [main] DEBUG org.apache.http.wire -  << "0[\r][\n]"
17:41:38.835 [main] DEBUG org.apache.http.wire -  << "[\r][\n]"
17:41:38.835 [main] DEBUG org.apache.http.client.protocol.RequestAddCookies - CookieSpec selected: ignoreCookies
17:41:38.835 [main] DEBUG org.apache.http.client.protocol.RequestAuthCache - Auth cache not set in the context
17:41:38.835 [main] DEBUG org.apache.http.client.protocol.RequestTargetAuthentication - Target auth state: CHALLENGED
17:41:38.835 [main] DEBUG org.apache.http.client.protocol.RequestTargetAuthentication - Generating response to an authentication challenge using basic scheme
17:41:38.836 [main] DEBUG org.apache.http.client.protocol.RequestProxyAuthentication - Proxy auth state: UNCHALLENGED
17:41:38.836 [main] DEBUG org.apache.http.impl.client.DefaultHttpClient - Attempt 2 to execute request
17:41:38.836 [main] DEBUG org.apache.http.impl.conn.DefaultClientConnection - Sending request: DELETE /jsonrpc.php HTTP/1.1
17:41:38.836 [main] DEBUG org.apache.http.wire -  >> "DELETE /jsonrpc.php HTTP/1.1[\r][\n]"
17:41:38.836 [main] DEBUG org.apache.http.wire -  >> "Accept: */*[\r][\n]"
17:41:38.836 [main] DEBUG org.apache.http.wire -  >> "Content-Type: text/plain; charset=ISO-8859-1[\r][\n]"
17:41:38.836 [main] DEBUG org.apache.http.wire -  >> "Content-Length: 73[\r][\n]"
17:41:38.836 [main] DEBUG org.apache.http.wire -  >> "Host: localhost:81[\r][\n]"
17:41:38.836 [main] DEBUG org.apache.http.wire -  >> "Connection: Keep-Alive[\r][\n]"
17:41:38.836 [main] DEBUG org.apache.http.wire -  >> "User-Agent: Apache-HttpClient/4.5.13 (Java/17)[\r][\n]"
17:41:38.836 [main] DEBUG org.apache.http.wire -  >> "Authorization: Basic YWRtaW46YWRtaW4=[\r][\n]"
17:41:38.836 [main] DEBUG org.apache.http.wire -  >> "Accept-Encoding: gzip,deflate[\r][\n]"
17:41:38.836 [main] DEBUG org.apache.http.wire -  >> "[\r][\n]"
17:41:38.836 [main] DEBUG org.apache.http.headers - >> DELETE /jsonrpc.php HTTP/1.1
17:41:38.836 [main] DEBUG org.apache.http.headers - >> Accept: */*
17:41:38.837 [main] DEBUG org.apache.http.headers - >> Content-Type: text/plain; charset=ISO-8859-1
17:41:38.837 [main] DEBUG org.apache.http.headers - >> Content-Length: 73
17:41:38.837 [main] DEBUG org.apache.http.headers - >> Host: localhost:81
17:41:38.837 [main] DEBUG org.apache.http.headers - >> Connection: Keep-Alive
17:41:38.837 [main] DEBUG org.apache.http.headers - >> User-Agent: Apache-HttpClient/4.5.13 (Java/17)
17:41:38.837 [main] DEBUG org.apache.http.headers - >> Authorization: Basic YWRtaW46YWRtaW4=
17:41:38.837 [main] DEBUG org.apache.http.headers - >> Accept-Encoding: gzip,deflate
17:41:38.837 [main] DEBUG org.apache.http.wire -  >> "{"jsonrpc":"2.0","method":"removeUser","id":234,"params":{"user_id":347}}"
17:41:38.940 [main] DEBUG org.apache.http.wire -  << "HTTP/1.1 200 OK[\r][\n]"
17:41:38.941 [main] DEBUG org.apache.http.wire -  << "Server: nginx[\r][\n]"
17:41:38.941 [main] DEBUG org.apache.http.wire -  << "Date: Tue, 25 Jul 2023 14:41:38 GMT[\r][\n]"
17:41:38.941 [main] DEBUG org.apache.http.wire -  << "Content-Type: application/json[\r][\n]"
17:41:38.941 [main] DEBUG org.apache.http.wire -  << "Transfer-Encoding: chunked[\r][\n]"
17:41:38.941 [main] DEBUG org.apache.http.wire -  << "Connection: keep-alive[\r][\n]"
17:41:38.941 [main] DEBUG org.apache.http.wire -  << "Vary: Accept-Encoding[\r][\n]"
17:41:38.941 [main] DEBUG org.apache.http.wire -  << "Content-Encoding: gzip[\r][\n]"
17:41:38.941 [main] DEBUG org.apache.http.wire -  << "[\r][\n]"
17:41:38.941 [main] DEBUG org.apache.http.impl.conn.DefaultClientConnection - Receiving response: HTTP/1.1 200 OK
17:41:38.941 [main] DEBUG org.apache.http.headers - << HTTP/1.1 200 OK
17:41:38.941 [main] DEBUG org.apache.http.headers - << Server: nginx
17:41:38.941 [main] DEBUG org.apache.http.headers - << Date: Tue, 25 Jul 2023 14:41:38 GMT
17:41:38.941 [main] DEBUG org.apache.http.headers - << Content-Type: application/json
17:41:38.941 [main] DEBUG org.apache.http.headers - << Transfer-Encoding: chunked
17:41:38.941 [main] DEBUG org.apache.http.headers - << Connection: keep-alive
17:41:38.941 [main] DEBUG org.apache.http.headers - << Vary: Accept-Encoding
17:41:38.941 [main] DEBUG org.apache.http.headers - << Content-Encoding: gzip
17:41:38.942 [main] DEBUG org.apache.http.impl.client.DefaultHttpClient - Connection can be kept alive indefinitely
17:41:38.942 [main] DEBUG org.apache.http.impl.client.DefaultHttpClient - Authentication succeeded
17:41:38.942 [main] DEBUG org.apache.http.impl.client.TargetAuthenticationStrategy - Caching 'basic' auth scheme for http://localhost:81
17:41:38.942 [main] DEBUG io.restassured.internal.RestAssuredHttpBuilder - Parsing response as: application/json
17:41:38.942 [main] DEBUG org.apache.http.wire -  << "3c[\r][\n]"
17:41:38.942 [main] DEBUG org.apache.http.wire -  << "[0x1f][0x8b][0x8][0x0][0x0][0x0][0x0][0x0][0x0][0x3][0xab]V[0xca]*[0xce][0xcf]+*HV[0xb2]R2[0xd2]3P[0xd2]Q*J-.[0xcd])Q[0xb2]*)*M[0xd5]Q[0xca]LQ[0xb2]226[0xa9][0x5][0x0]q~[0x7][0xe8]([0x0][0x0][0x0]"
17:41:38.942 [main] DEBUG org.apache.http.wire -  << "[\r][\n]"
17:41:38.942 [main] DEBUG org.apache.http.wire -  << "0[\r][\n]"
17:41:38.942 [main] DEBUG org.apache.http.wire -  << "[\r][\n]"
17:41:38.943 [main] DEBUG io.restassured.internal.RestAssuredHttpBuilder - Parsed data to instance of: class org.apache.http.conn.EofSensorInputStream
17:41:38.945 [main] DEBUG org.apache.http.impl.conn.BasicClientConnectionManager - Releasing connection org.apache.http.impl.conn.ManagedClientConnectionImpl@2f03fdc0
17:41:38.945 [main] DEBUG org.apache.http.impl.conn.BasicClientConnectionManager - Connection can be kept alive indefinitely
{
    "jsonrpc": "2.0",
    "result": true,
    "id": 234
}
Request method:	POST
Request URI:	http://localhost:81/jsonrpc.php
Proxy:			<none>
Request params:	<none>
Query params:	<none>
Form params:	<none>
Path params:	<none>
Headers:		Accept=*/*
				Content-Type=text/plain; charset=ISO-8859-1
Cookies:		<none>
Multiparts:		<none>
Body:
{"jsonrpc":"2.0","method":"createUser","id":123123,"params":{"username":"kyryloAPITestLogin","password":"kyryloAPITestPassword","name":"kyrylo","email":"kyryloAPITest@mail.com","role":"app-manager"}}
17:41:38.979 [main] DEBUG org.apache.http.impl.conn.BasicClientConnectionManager - Get connection for route {}->http://localhost:81
17:41:38.980 [main] DEBUG org.apache.http.impl.conn.DefaultClientConnectionOperator - Connecting to localhost:81
17:41:38.981 [main] DEBUG org.apache.http.client.protocol.RequestAddCookies - CookieSpec selected: ignoreCookies
17:41:38.981 [main] DEBUG org.apache.http.client.protocol.RequestAuthCache - Auth cache not set in the context
17:41:38.981 [main] DEBUG org.apache.http.client.protocol.RequestTargetAuthentication - Target auth state: UNCHALLENGED
17:41:38.981 [main] DEBUG org.apache.http.client.protocol.RequestProxyAuthentication - Proxy auth state: UNCHALLENGED
17:41:38.981 [main] DEBUG org.apache.http.impl.client.DefaultHttpClient - Attempt 1 to execute request
17:41:38.982 [main] DEBUG org.apache.http.impl.conn.DefaultClientConnection - Sending request: POST /jsonrpc.php HTTP/1.1
17:41:38.982 [main] DEBUG org.apache.http.wire -  >> "POST /jsonrpc.php HTTP/1.1[\r][\n]"
17:41:38.982 [main] DEBUG org.apache.http.wire -  >> "Accept: */*[\r][\n]"
17:41:38.982 [main] DEBUG org.apache.http.wire -  >> "Content-Type: text/plain; charset=ISO-8859-1[\r][\n]"
17:41:38.982 [main] DEBUG org.apache.http.wire -  >> "Content-Length: 199[\r][\n]"
17:41:38.982 [main] DEBUG org.apache.http.wire -  >> "Host: localhost:81[\r][\n]"
17:41:38.982 [main] DEBUG org.apache.http.wire -  >> "Connection: Keep-Alive[\r][\n]"
17:41:38.982 [main] DEBUG org.apache.http.wire -  >> "User-Agent: Apache-HttpClient/4.5.13 (Java/17)[\r][\n]"
17:41:38.982 [main] DEBUG org.apache.http.wire -  >> "Accept-Encoding: gzip,deflate[\r][\n]"
17:41:38.982 [main] DEBUG org.apache.http.wire -  >> "[\r][\n]"
17:41:38.982 [main] DEBUG org.apache.http.headers - >> POST /jsonrpc.php HTTP/1.1
17:41:38.982 [main] DEBUG org.apache.http.headers - >> Accept: */*
17:41:38.982 [main] DEBUG org.apache.http.headers - >> Content-Type: text/plain; charset=ISO-8859-1
17:41:38.982 [main] DEBUG org.apache.http.headers - >> Content-Length: 199
17:41:38.982 [main] DEBUG org.apache.http.headers - >> Host: localhost:81
17:41:38.982 [main] DEBUG org.apache.http.headers - >> Connection: Keep-Alive
17:41:38.982 [main] DEBUG org.apache.http.headers - >> User-Agent: Apache-HttpClient/4.5.13 (Java/17)
17:41:38.982 [main] DEBUG org.apache.http.headers - >> Accept-Encoding: gzip,deflate
17:41:38.983 [main] DEBUG org.apache.http.wire -  >> "{"jsonrpc":"2.0","method":"createUser","id":123123,"params":{"username":"kyryloAPITestLogin","password":"kyryloAPITestPassword","name":"kyrylo","email":"kyryloAPITest@mail.com","role":"app-manager"}}"
17:41:38.992 [main] DEBUG org.apache.http.wire -  << "HTTP/1.1 401 Unauthorized[\r][\n]"
17:41:38.992 [main] DEBUG org.apache.http.wire -  << "Server: nginx[\r][\n]"
17:41:38.992 [main] DEBUG org.apache.http.wire -  << "Date: Tue, 25 Jul 2023 14:41:38 GMT[\r][\n]"
17:41:38.992 [main] DEBUG org.apache.http.wire -  << "Content-Type: application/json[\r][\n]"
17:41:38.992 [main] DEBUG org.apache.http.wire -  << "Transfer-Encoding: chunked[\r][\n]"
17:41:38.992 [main] DEBUG org.apache.http.wire -  << "Connection: keep-alive[\r][\n]"
17:41:38.992 [main] DEBUG org.apache.http.wire -  << "WWW-Authenticate: Basic realm="JsonRPC"[\r][\n]"
17:41:38.992 [main] DEBUG org.apache.http.wire -  << "[\r][\n]"
17:41:38.992 [main] DEBUG org.apache.http.impl.conn.DefaultClientConnection - Receiving response: HTTP/1.1 401 Unauthorized
17:41:38.992 [main] DEBUG org.apache.http.headers - << HTTP/1.1 401 Unauthorized
17:41:38.992 [main] DEBUG org.apache.http.headers - << Server: nginx
17:41:38.992 [main] DEBUG org.apache.http.headers - << Date: Tue, 25 Jul 2023 14:41:38 GMT
17:41:38.992 [main] DEBUG org.apache.http.headers - << Content-Type: application/json
17:41:38.993 [main] DEBUG org.apache.http.headers - << Transfer-Encoding: chunked
17:41:38.993 [main] DEBUG org.apache.http.headers - << Connection: keep-alive
17:41:38.993 [main] DEBUG org.apache.http.headers - << WWW-Authenticate: Basic realm="JsonRPC"
17:41:38.993 [main] DEBUG org.apache.http.impl.client.DefaultHttpClient - Connection can be kept alive indefinitely
17:41:38.993 [main] DEBUG org.apache.http.impl.client.DefaultHttpClient - Authentication required
17:41:38.993 [main] DEBUG org.apache.http.impl.client.DefaultHttpClient - localhost:81 requested authentication
17:41:38.993 [main] DEBUG org.apache.http.impl.client.TargetAuthenticationStrategy - Authentication schemes in the order of preference: [Negotiate, Kerberos, NTLM, CredSSP, Digest, Basic]
17:41:38.993 [main] DEBUG org.apache.http.impl.client.TargetAuthenticationStrategy - Challenge for Negotiate authentication scheme not available
17:41:38.993 [main] DEBUG org.apache.http.impl.client.TargetAuthenticationStrategy - Challenge for Kerberos authentication scheme not available
17:41:38.993 [main] DEBUG org.apache.http.impl.client.TargetAuthenticationStrategy - Challenge for NTLM authentication scheme not available
17:41:38.993 [main] DEBUG org.apache.http.impl.client.TargetAuthenticationStrategy - Challenge for CredSSP authentication scheme not available
17:41:38.993 [main] DEBUG org.apache.http.impl.client.TargetAuthenticationStrategy - Challenge for Digest authentication scheme not available
17:41:38.993 [main] DEBUG org.apache.http.impl.client.DefaultHttpClient - Selected authentication options: [BASIC [complete=true]]
17:41:38.993 [main] DEBUG org.apache.http.wire -  << "49[\r][\n]"
17:41:38.993 [main] DEBUG org.apache.http.wire -  << "{"jsonrpc":"2.0","error":{"code":401,"message":"Unauthorized"},"id":null}"
17:41:38.993 [main] DEBUG org.apache.http.wire -  << "[\r][\n]"
17:41:38.993 [main] DEBUG org.apache.http.wire -  << "0[\r][\n]"
17:41:38.993 [main] DEBUG org.apache.http.wire -  << "[\r][\n]"
17:41:38.993 [main] DEBUG org.apache.http.client.protocol.RequestAddCookies - CookieSpec selected: ignoreCookies
17:41:38.993 [main] DEBUG org.apache.http.client.protocol.RequestAuthCache - Auth cache not set in the context
17:41:38.993 [main] DEBUG org.apache.http.client.protocol.RequestTargetAuthentication - Target auth state: CHALLENGED
17:41:38.993 [main] DEBUG org.apache.http.client.protocol.RequestTargetAuthentication - Generating response to an authentication challenge using basic scheme
17:41:38.993 [main] DEBUG org.apache.http.client.protocol.RequestProxyAuthentication - Proxy auth state: UNCHALLENGED
17:41:38.993 [main] DEBUG org.apache.http.impl.client.DefaultHttpClient - Attempt 2 to execute request
17:41:38.994 [main] DEBUG org.apache.http.impl.conn.DefaultClientConnection - Sending request: POST /jsonrpc.php HTTP/1.1
17:41:38.994 [main] DEBUG org.apache.http.wire -  >> "POST /jsonrpc.php HTTP/1.1[\r][\n]"
17:41:38.994 [main] DEBUG org.apache.http.wire -  >> "Accept: */*[\r][\n]"
17:41:38.994 [main] DEBUG org.apache.http.wire -  >> "Content-Type: text/plain; charset=ISO-8859-1[\r][\n]"
17:41:38.994 [main] DEBUG org.apache.http.wire -  >> "Content-Length: 199[\r][\n]"
17:41:38.994 [main] DEBUG org.apache.http.wire -  >> "Host: localhost:81[\r][\n]"
17:41:38.994 [main] DEBUG org.apache.http.wire -  >> "Connection: Keep-Alive[\r][\n]"
17:41:38.994 [main] DEBUG org.apache.http.wire -  >> "User-Agent: Apache-HttpClient/4.5.13 (Java/17)[\r][\n]"
17:41:38.994 [main] DEBUG org.apache.http.wire -  >> "Authorization: Basic YWRtaW46YWRtaW4=[\r][\n]"
17:41:38.994 [main] DEBUG org.apache.http.wire -  >> "Accept-Encoding: gzip,deflate[\r][\n]"
17:41:38.994 [main] DEBUG org.apache.http.wire -  >> "[\r][\n]"
17:41:38.994 [main] DEBUG org.apache.http.headers - >> POST /jsonrpc.php HTTP/1.1
17:41:38.994 [main] DEBUG org.apache.http.headers - >> Accept: */*
17:41:38.994 [main] DEBUG org.apache.http.headers - >> Content-Type: text/plain; charset=ISO-8859-1
17:41:38.994 [main] DEBUG org.apache.http.headers - >> Content-Length: 199
17:41:38.994 [main] DEBUG org.apache.http.headers - >> Host: localhost:81
17:41:38.994 [main] DEBUG org.apache.http.headers - >> Connection: Keep-Alive
17:41:38.994 [main] DEBUG org.apache.http.headers - >> User-Agent: Apache-HttpClient/4.5.13 (Java/17)
17:41:38.994 [main] DEBUG org.apache.http.headers - >> Authorization: Basic YWRtaW46YWRtaW4=
17:41:38.994 [main] DEBUG org.apache.http.headers - >> Accept-Encoding: gzip,deflate
17:41:38.994 [main] DEBUG org.apache.http.wire -  >> "{"jsonrpc":"2.0","method":"createUser","id":123123,"params":{"username":"kyryloAPITestLogin","password":"kyryloAPITestPassword","name":"kyrylo","email":"kyryloAPITest@mail.com","role":"app-manager"}}"
17:41:39.311 [main] DEBUG org.apache.http.wire -  << "HTTP/1.1 200 OK[\r][\n]"
17:41:39.311 [main] DEBUG org.apache.http.wire -  << "Server: nginx[\r][\n]"
17:41:39.311 [main] DEBUG org.apache.http.wire -  << "Date: Tue, 25 Jul 2023 14:41:39 GMT[\r][\n]"
17:41:39.311 [main] DEBUG org.apache.http.wire -  << "Content-Type: application/json[\r][\n]"
17:41:39.311 [main] DEBUG org.apache.http.wire -  << "Transfer-Encoding: chunked[\r][\n]"
17:41:39.311 [main] DEBUG org.apache.http.wire -  << "Connection: keep-alive[\r][\n]"
17:41:39.311 [main] DEBUG org.apache.http.wire -  << "Vary: Accept-Encoding[\r][\n]"
17:41:39.311 [main] DEBUG org.apache.http.wire -  << "Content-Encoding: gzip[\r][\n]"
17:41:39.311 [main] DEBUG org.apache.http.wire -  << "[\r][\n]"
17:41:39.312 [main] DEBUG org.apache.http.impl.conn.DefaultClientConnection - Receiving response: HTTP/1.1 200 OK
17:41:39.312 [main] DEBUG org.apache.http.headers - << HTTP/1.1 200 OK
17:41:39.312 [main] DEBUG org.apache.http.headers - << Server: nginx
17:41:39.312 [main] DEBUG org.apache.http.headers - << Date: Tue, 25 Jul 2023 14:41:39 GMT
17:41:39.312 [main] DEBUG org.apache.http.headers - << Content-Type: application/json
17:41:39.312 [main] DEBUG org.apache.http.headers - << Transfer-Encoding: chunked
17:41:39.312 [main] DEBUG org.apache.http.headers - << Connection: keep-alive
17:41:39.312 [main] DEBUG org.apache.http.headers - << Vary: Accept-Encoding
17:41:39.312 [main] DEBUG org.apache.http.headers - << Content-Encoding: gzip
17:41:39.312 [main] DEBUG org.apache.http.impl.client.DefaultHttpClient - Connection can be kept alive indefinitely
17:41:39.312 [main] DEBUG org.apache.http.impl.client.DefaultHttpClient - Authentication succeeded
17:41:39.312 [main] DEBUG org.apache.http.impl.client.TargetAuthenticationStrategy - Caching 'basic' auth scheme for http://localhost:81
17:41:39.313 [main] DEBUG io.restassured.internal.RestAssuredHttpBuilder - Parsing response as: application/json
17:41:39.313 [main] DEBUG org.apache.http.wire -  << "3c[\r][\n]"
17:41:39.313 [main] DEBUG org.apache.http.wire -  << "[0x1f][0x8b][0x8][0x0][0x0][0x0][0x0][0x0][0x0][0x3][0xab]V[0xca]*[0xce][0xcf]+*HV[0xb2]R2[0xd2]3P[0xd2]Q*J-.[0xcd])Q[0xb2]26[0xb1][0xd0]Q[0xca]LQ[0xb2]242[0x6][0xa2]Z[0x0][0xf][0xc3]-H*[0x0][0x0][0x0]"
17:41:39.313 [main] DEBUG org.apache.http.wire -  << "[\r][\n]"
17:41:39.313 [main] DEBUG org.apache.http.wire -  << "0[\r][\n]"
17:41:39.313 [main] DEBUG org.apache.http.wire -  << "[\r][\n]"
17:41:39.313 [main] DEBUG io.restassured.internal.RestAssuredHttpBuilder - Parsed data to instance of: class org.apache.http.conn.EofSensorInputStream
17:41:39.315 [main] DEBUG org.apache.http.impl.conn.BasicClientConnectionManager - Releasing connection org.apache.http.impl.conn.ManagedClientConnectionImpl@3ce2c5f6
17:41:39.315 [main] DEBUG org.apache.http.impl.conn.BasicClientConnectionManager - Connection can be kept alive indefinitely
{
    "jsonrpc": "2.0",
    "result": 348,
    "id": 123123
}
Request method:	DELETE
Request URI:	http://localhost:81/jsonrpc.php
Proxy:			<none>
Request params:	<none>
Query params:	<none>
Form params:	<none>
Path params:	<none>
Headers:		Accept=*/*
				Content-Type=text/plain; charset=ISO-8859-1
Cookies:		<none>
Multiparts:		<none>
Body:
{"jsonrpc":"2.0","method":"removeUser","id":234,"params":{"user_id":348}}
17:41:39.331 [main] DEBUG org.apache.http.impl.conn.BasicClientConnectionManager - Get connection for route {}->http://localhost:81
17:41:39.331 [main] DEBUG org.apache.http.impl.conn.DefaultClientConnectionOperator - Connecting to localhost:81
17:41:39.333 [main] DEBUG org.apache.http.client.protocol.RequestAddCookies - CookieSpec selected: ignoreCookies
17:41:39.333 [main] DEBUG org.apache.http.client.protocol.RequestAuthCache - Auth cache not set in the context
17:41:39.333 [main] DEBUG org.apache.http.client.protocol.RequestTargetAuthentication - Target auth state: UNCHALLENGED
17:41:39.333 [main] DEBUG org.apache.http.client.protocol.RequestProxyAuthentication - Proxy auth state: UNCHALLENGED
17:41:39.333 [main] DEBUG org.apache.http.impl.client.DefaultHttpClient - Attempt 1 to execute request
17:41:39.333 [main] DEBUG org.apache.http.impl.conn.DefaultClientConnection - Sending request: DELETE /jsonrpc.php HTTP/1.1
17:41:39.333 [main] DEBUG org.apache.http.wire -  >> "DELETE /jsonrpc.php HTTP/1.1[\r][\n]"
17:41:39.333 [main] DEBUG org.apache.http.wire -  >> "Accept: */*[\r][\n]"
17:41:39.333 [main] DEBUG org.apache.http.wire -  >> "Content-Type: text/plain; charset=ISO-8859-1[\r][\n]"
17:41:39.333 [main] DEBUG org.apache.http.wire -  >> "Content-Length: 73[\r][\n]"
17:41:39.333 [main] DEBUG org.apache.http.wire -  >> "Host: localhost:81[\r][\n]"
17:41:39.333 [main] DEBUG org.apache.http.wire -  >> "Connection: Keep-Alive[\r][\n]"
17:41:39.333 [main] DEBUG org.apache.http.wire -  >> "User-Agent: Apache-HttpClient/4.5.13 (Java/17)[\r][\n]"
17:41:39.333 [main] DEBUG org.apache.http.wire -  >> "Accept-Encoding: gzip,deflate[\r][\n]"
17:41:39.333 [main] DEBUG org.apache.http.wire -  >> "[\r][\n]"
17:41:39.333 [main] DEBUG org.apache.http.headers - >> DELETE /jsonrpc.php HTTP/1.1
17:41:39.333 [main] DEBUG org.apache.http.headers - >> Accept: */*
17:41:39.333 [main] DEBUG org.apache.http.headers - >> Content-Type: text/plain; charset=ISO-8859-1
17:41:39.333 [main] DEBUG org.apache.http.headers - >> Content-Length: 73
17:41:39.333 [main] DEBUG org.apache.http.headers - >> Host: localhost:81
17:41:39.333 [main] DEBUG org.apache.http.headers - >> Connection: Keep-Alive
17:41:39.334 [main] DEBUG org.apache.http.headers - >> User-Agent: Apache-HttpClient/4.5.13 (Java/17)
17:41:39.334 [main] DEBUG org.apache.http.headers - >> Accept-Encoding: gzip,deflate
17:41:39.334 [main] DEBUG org.apache.http.wire -  >> "{"jsonrpc":"2.0","method":"removeUser","id":234,"params":{"user_id":348}}"
17:41:39.344 [main] DEBUG org.apache.http.wire -  << "HTTP/1.1 401 Unauthorized[\r][\n]"
17:41:39.344 [main] DEBUG org.apache.http.wire -  << "Server: nginx[\r][\n]"
17:41:39.344 [main] DEBUG org.apache.http.wire -  << "Date: Tue, 25 Jul 2023 14:41:39 GMT[\r][\n]"
17:41:39.344 [main] DEBUG org.apache.http.wire -  << "Content-Type: application/json[\r][\n]"
17:41:39.344 [main] DEBUG org.apache.http.wire -  << "Transfer-Encoding: chunked[\r][\n]"
17:41:39.344 [main] DEBUG org.apache.http.wire -  << "Connection: keep-alive[\r][\n]"
17:41:39.344 [main] DEBUG org.apache.http.wire -  << "WWW-Authenticate: Basic realm="JsonRPC"[\r][\n]"
17:41:39.344 [main] DEBUG org.apache.http.wire -  << "[\r][\n]"
17:41:39.344 [main] DEBUG org.apache.http.impl.conn.DefaultClientConnection - Receiving response: HTTP/1.1 401 Unauthorized
17:41:39.344 [main] DEBUG org.apache.http.headers - << HTTP/1.1 401 Unauthorized
17:41:39.344 [main] DEBUG org.apache.http.headers - << Server: nginx
17:41:39.344 [main] DEBUG org.apache.http.headers - << Date: Tue, 25 Jul 2023 14:41:39 GMT
17:41:39.344 [main] DEBUG org.apache.http.headers - << Content-Type: application/json
17:41:39.344 [main] DEBUG org.apache.http.headers - << Transfer-Encoding: chunked
17:41:39.344 [main] DEBUG org.apache.http.headers - << Connection: keep-alive
17:41:39.344 [main] DEBUG org.apache.http.headers - << WWW-Authenticate: Basic realm="JsonRPC"
17:41:39.344 [main] DEBUG org.apache.http.impl.client.DefaultHttpClient - Connection can be kept alive indefinitely
17:41:39.344 [main] DEBUG org.apache.http.impl.client.DefaultHttpClient - Authentication required
17:41:39.344 [main] DEBUG org.apache.http.impl.client.DefaultHttpClient - localhost:81 requested authentication
17:41:39.344 [main] DEBUG org.apache.http.impl.client.TargetAuthenticationStrategy - Authentication schemes in the order of preference: [Negotiate, Kerberos, NTLM, CredSSP, Digest, Basic]
17:41:39.344 [main] DEBUG org.apache.http.impl.client.TargetAuthenticationStrategy - Challenge for Negotiate authentication scheme not available
17:41:39.344 [main] DEBUG org.apache.http.impl.client.TargetAuthenticationStrategy - Challenge for Kerberos authentication scheme not available
17:41:39.345 [main] DEBUG org.apache.http.impl.client.TargetAuthenticationStrategy - Challenge for NTLM authentication scheme not available
17:41:39.345 [main] DEBUG org.apache.http.impl.client.TargetAuthenticationStrategy - Challenge for CredSSP authentication scheme not available
17:41:39.345 [main] DEBUG org.apache.http.impl.client.TargetAuthenticationStrategy - Challenge for Digest authentication scheme not available
17:41:39.345 [main] DEBUG org.apache.http.impl.client.DefaultHttpClient - Selected authentication options: [BASIC [complete=true]]
17:41:39.345 [main] DEBUG org.apache.http.wire -  << "49[\r][\n]"
17:41:39.345 [main] DEBUG org.apache.http.wire -  << "{"jsonrpc":"2.0","error":{"code":401,"message":"Unauthorized"},"id":null}"
17:41:39.345 [main] DEBUG org.apache.http.wire -  << "[\r][\n]"
17:41:39.345 [main] DEBUG org.apache.http.wire -  << "0[\r][\n]"
17:41:39.345 [main] DEBUG org.apache.http.wire -  << "[\r][\n]"
17:41:39.345 [main] DEBUG org.apache.http.client.protocol.RequestAddCookies - CookieSpec selected: ignoreCookies
17:41:39.345 [main] DEBUG org.apache.http.client.protocol.RequestAuthCache - Auth cache not set in the context
17:41:39.345 [main] DEBUG org.apache.http.client.protocol.RequestTargetAuthentication - Target auth state: CHALLENGED
17:41:39.345 [main] DEBUG org.apache.http.client.protocol.RequestTargetAuthentication - Generating response to an authentication challenge using basic scheme
17:41:39.345 [main] DEBUG org.apache.http.client.protocol.RequestProxyAuthentication - Proxy auth state: UNCHALLENGED
17:41:39.345 [main] DEBUG org.apache.http.impl.client.DefaultHttpClient - Attempt 2 to execute request
17:41:39.346 [main] DEBUG org.apache.http.impl.conn.DefaultClientConnection - Sending request: DELETE /jsonrpc.php HTTP/1.1
17:41:39.346 [main] DEBUG org.apache.http.wire -  >> "DELETE /jsonrpc.php HTTP/1.1[\r][\n]"
17:41:39.346 [main] DEBUG org.apache.http.wire -  >> "Accept: */*[\r][\n]"
17:41:39.346 [main] DEBUG org.apache.http.wire -  >> "Content-Type: text/plain; charset=ISO-8859-1[\r][\n]"
17:41:39.346 [main] DEBUG org.apache.http.wire -  >> "Content-Length: 73[\r][\n]"
17:41:39.346 [main] DEBUG org.apache.http.wire -  >> "Host: localhost:81[\r][\n]"
17:41:39.346 [main] DEBUG org.apache.http.wire -  >> "Connection: Keep-Alive[\r][\n]"
17:41:39.346 [main] DEBUG org.apache.http.wire -  >> "User-Agent: Apache-HttpClient/4.5.13 (Java/17)[\r][\n]"
17:41:39.346 [main] DEBUG org.apache.http.wire -  >> "Authorization: Basic YWRtaW46YWRtaW4=[\r][\n]"
17:41:39.346 [main] DEBUG org.apache.http.wire -  >> "Accept-Encoding: gzip,deflate[\r][\n]"
17:41:39.346 [main] DEBUG org.apache.http.wire -  >> "[\r][\n]"
17:41:39.346 [main] DEBUG org.apache.http.headers - >> DELETE /jsonrpc.php HTTP/1.1
17:41:39.346 [main] DEBUG org.apache.http.headers - >> Accept: */*
17:41:39.346 [main] DEBUG org.apache.http.headers - >> Content-Type: text/plain; charset=ISO-8859-1
17:41:39.346 [main] DEBUG org.apache.http.headers - >> Content-Length: 73
17:41:39.346 [main] DEBUG org.apache.http.headers - >> Host: localhost:81
17:41:39.346 [main] DEBUG org.apache.http.headers - >> Connection: Keep-Alive
17:41:39.346 [main] DEBUG org.apache.http.headers - >> User-Agent: Apache-HttpClient/4.5.13 (Java/17)
17:41:39.346 [main] DEBUG org.apache.http.headers - >> Authorization: Basic YWRtaW46YWRtaW4=
17:41:39.346 [main] DEBUG org.apache.http.headers - >> Accept-Encoding: gzip,deflate
17:41:39.346 [main] DEBUG org.apache.http.wire -  >> "{"jsonrpc":"2.0","method":"removeUser","id":234,"params":{"user_id":348}}"
17:41:39.478 [main] DEBUG org.apache.http.wire -  << "HTTP/1.1 200 OK[\r][\n]"
17:41:39.479 [main] DEBUG org.apache.http.wire -  << "Server: nginx[\r][\n]"
17:41:39.479 [main] DEBUG org.apache.http.wire -  << "Date: Tue, 25 Jul 2023 14:41:39 GMT[\r][\n]"
17:41:39.479 [main] DEBUG org.apache.http.wire -  << "Content-Type: application/json[\r][\n]"
17:41:39.479 [main] DEBUG org.apache.http.wire -  << "Transfer-Encoding: chunked[\r][\n]"
17:41:39.479 [main] DEBUG org.apache.http.wire -  << "Connection: keep-alive[\r][\n]"
17:41:39.479 [main] DEBUG org.apache.http.wire -  << "Vary: Accept-Encoding[\r][\n]"
17:41:39.479 [main] DEBUG org.apache.http.wire -  << "Content-Encoding: gzip[\r][\n]"
17:41:39.479 [main] DEBUG org.apache.http.wire -  << "[\r][\n]"
17:41:39.479 [main] DEBUG org.apache.http.impl.conn.DefaultClientConnection - Receiving response: HTTP/1.1 200 OK
17:41:39.479 [main] DEBUG org.apache.http.headers - << HTTP/1.1 200 OK
17:41:39.479 [main] DEBUG org.apache.http.headers - << Server: nginx
17:41:39.479 [main] DEBUG org.apache.http.headers - << Date: Tue, 25 Jul 2023 14:41:39 GMT
17:41:39.479 [main] DEBUG org.apache.http.headers - << Content-Type: application/json
17:41:39.479 [main] DEBUG org.apache.http.headers - << Transfer-Encoding: chunked
17:41:39.479 [main] DEBUG org.apache.http.headers - << Connection: keep-alive
17:41:39.479 [main] DEBUG org.apache.http.headers - << Vary: Accept-Encoding
17:41:39.479 [main] DEBUG org.apache.http.headers - << Content-Encoding: gzip
17:41:39.480 [main] DEBUG org.apache.http.impl.client.DefaultHttpClient - Connection can be kept alive indefinitely
17:41:39.480 [main] DEBUG org.apache.http.impl.client.DefaultHttpClient - Authentication succeeded
17:41:39.480 [main] DEBUG org.apache.http.impl.client.TargetAuthenticationStrategy - Caching 'basic' auth scheme for http://localhost:81
17:41:39.481 [main] DEBUG io.restassured.internal.RestAssuredHttpBuilder - Parsing response as: application/json
17:41:39.481 [main] DEBUG org.apache.http.wire -  << "3c[\r][\n]"
17:41:39.481 [main] DEBUG org.apache.http.wire -  << "[0x1f][0x8b][0x8][0x0][0x0][0x0][0x0][0x0][0x0][0x3][0xab]V[0xca]*[0xce][0xcf]+*HV[0xb2]R2[0xd2]3P[0xd2]Q*J-.[0xcd])Q[0xb2]*)*M[0xd5]Q[0xca]LQ[0xb2]226[0xa9][0x5][0x0]q~[0x7][0xe8]([0x0][0x0][0x0]"
17:41:39.481 [main] DEBUG org.apache.http.wire -  << "[\r][\n]"
17:41:39.481 [main] DEBUG org.apache.http.wire -  << "0[\r][\n]"
17:41:39.481 [main] DEBUG org.apache.http.wire -  << "[\r][\n]"
17:41:39.481 [main] DEBUG io.restassured.internal.RestAssuredHttpBuilder - Parsed data to instance of: class org.apache.http.conn.EofSensorInputStream
17:41:39.483 [main] DEBUG org.apache.http.impl.conn.BasicClientConnectionManager - Releasing connection org.apache.http.impl.conn.ManagedClientConnectionImpl@49bc1f6c
17:41:39.483 [main] DEBUG org.apache.http.impl.conn.BasicClientConnectionManager - Connection can be kept alive indefinitely
{
    "jsonrpc": "2.0",
    "result": true,
    "id": 234
}
]]></system-out>
  </testcase>
  <testcase name="createProjectValid" classname="API.tests.ProjectTest" time="0.387">
    <system-out><![CDATA[Request method:	POST
Request URI:	http://localhost:81/jsonrpc.php
Proxy:			<none>
Request params:	<none>
Query params:	<none>
Form params:	<none>
Path params:	<none>
Headers:		Accept=*/*
				Content-Type=text/plain; charset=ISO-8859-1
Cookies:		<none>
Multiparts:		<none>
Body:
{"jsonrpc":"2.0","method":"createUser","id":123123,"params":{"username":"kyryloAPITestLogin","password":"kyryloAPITestPassword","name":"kyrylo","email":"kyryloAPITest@mail.com","role":"app-manager"}}
17:41:39.500 [main] DEBUG org.apache.http.impl.conn.BasicClientConnectionManager - Get connection for route {}->http://localhost:81
17:41:39.500 [main] DEBUG org.apache.http.impl.conn.DefaultClientConnectionOperator - Connecting to localhost:81
17:41:39.502 [main] DEBUG org.apache.http.client.protocol.RequestAddCookies - CookieSpec selected: ignoreCookies
17:41:39.502 [main] DEBUG org.apache.http.client.protocol.RequestAuthCache - Auth cache not set in the context
17:41:39.502 [main] DEBUG org.apache.http.client.protocol.RequestTargetAuthentication - Target auth state: UNCHALLENGED
17:41:39.502 [main] DEBUG org.apache.http.client.protocol.RequestProxyAuthentication - Proxy auth state: UNCHALLENGED
17:41:39.502 [main] DEBUG org.apache.http.impl.client.DefaultHttpClient - Attempt 1 to execute request
17:41:39.502 [main] DEBUG org.apache.http.impl.conn.DefaultClientConnection - Sending request: POST /jsonrpc.php HTTP/1.1
17:41:39.502 [main] DEBUG org.apache.http.wire -  >> "POST /jsonrpc.php HTTP/1.1[\r][\n]"
17:41:39.502 [main] DEBUG org.apache.http.wire -  >> "Accept: */*[\r][\n]"
17:41:39.502 [main] DEBUG org.apache.http.wire -  >> "Content-Type: text/plain; charset=ISO-8859-1[\r][\n]"
17:41:39.502 [main] DEBUG org.apache.http.wire -  >> "Content-Length: 199[\r][\n]"
17:41:39.502 [main] DEBUG org.apache.http.wire -  >> "Host: localhost:81[\r][\n]"
17:41:39.502 [main] DEBUG org.apache.http.wire -  >> "Connection: Keep-Alive[\r][\n]"
17:41:39.502 [main] DEBUG org.apache.http.wire -  >> "User-Agent: Apache-HttpClient/4.5.13 (Java/17)[\r][\n]"
17:41:39.502 [main] DEBUG org.apache.http.wire -  >> "Accept-Encoding: gzip,deflate[\r][\n]"
17:41:39.502 [main] DEBUG org.apache.http.wire -  >> "[\r][\n]"
17:41:39.502 [main] DEBUG org.apache.http.headers - >> POST /jsonrpc.php HTTP/1.1
17:41:39.502 [main] DEBUG org.apache.http.headers - >> Accept: */*
17:41:39.502 [main] DEBUG org.apache.http.headers - >> Content-Type: text/plain; charset=ISO-8859-1
17:41:39.502 [main] DEBUG org.apache.http.headers - >> Content-Length: 199
17:41:39.502 [main] DEBUG org.apache.http.headers - >> Host: localhost:81
17:41:39.502 [main] DEBUG org.apache.http.headers - >> Connection: Keep-Alive
17:41:39.502 [main] DEBUG org.apache.http.headers - >> User-Agent: Apache-HttpClient/4.5.13 (Java/17)
17:41:39.502 [main] DEBUG org.apache.http.headers - >> Accept-Encoding: gzip,deflate
17:41:39.503 [main] DEBUG org.apache.http.wire -  >> "{"jsonrpc":"2.0","method":"createUser","id":123123,"params":{"username":"kyryloAPITestLogin","password":"kyryloAPITestPassword","name":"kyrylo","email":"kyryloAPITest@mail.com","role":"app-manager"}}"
17:41:39.513 [main] DEBUG org.apache.http.wire -  << "HTTP/1.1 401 Unauthorized[\r][\n]"
17:41:39.513 [main] DEBUG org.apache.http.wire -  << "Server: nginx[\r][\n]"
17:41:39.513 [main] DEBUG org.apache.http.wire -  << "Date: Tue, 25 Jul 2023 14:41:39 GMT[\r][\n]"
17:41:39.513 [main] DEBUG org.apache.http.wire -  << "Content-Type: application/json[\r][\n]"
17:41:39.513 [main] DEBUG org.apache.http.wire -  << "Transfer-Encoding: chunked[\r][\n]"
17:41:39.513 [main] DEBUG org.apache.http.wire -  << "Connection: keep-alive[\r][\n]"
17:41:39.513 [main] DEBUG org.apache.http.wire -  << "WWW-Authenticate: Basic realm="JsonRPC"[\r][\n]"
17:41:39.513 [main] DEBUG org.apache.http.wire -  << "[\r][\n]"
17:41:39.513 [main] DEBUG org.apache.http.impl.conn.DefaultClientConnection - Receiving response: HTTP/1.1 401 Unauthorized
17:41:39.513 [main] DEBUG org.apache.http.headers - << HTTP/1.1 401 Unauthorized
17:41:39.513 [main] DEBUG org.apache.http.headers - << Server: nginx
17:41:39.513 [main] DEBUG org.apache.http.headers - << Date: Tue, 25 Jul 2023 14:41:39 GMT
17:41:39.513 [main] DEBUG org.apache.http.headers - << Content-Type: application/json
17:41:39.513 [main] DEBUG org.apache.http.headers - << Transfer-Encoding: chunked
17:41:39.513 [main] DEBUG org.apache.http.headers - << Connection: keep-alive
17:41:39.514 [main] DEBUG org.apache.http.headers - << WWW-Authenticate: Basic realm="JsonRPC"
17:41:39.514 [main] DEBUG org.apache.http.impl.client.DefaultHttpClient - Connection can be kept alive indefinitely
17:41:39.514 [main] DEBUG org.apache.http.impl.client.DefaultHttpClient - Authentication required
17:41:39.514 [main] DEBUG org.apache.http.impl.client.DefaultHttpClient - localhost:81 requested authentication
17:41:39.514 [main] DEBUG org.apache.http.impl.client.TargetAuthenticationStrategy - Authentication schemes in the order of preference: [Negotiate, Kerberos, NTLM, CredSSP, Digest, Basic]
17:41:39.514 [main] DEBUG org.apache.http.impl.client.TargetAuthenticationStrategy - Challenge for Negotiate authentication scheme not available
17:41:39.514 [main] DEBUG org.apache.http.impl.client.TargetAuthenticationStrategy - Challenge for Kerberos authentication scheme not available
17:41:39.514 [main] DEBUG org.apache.http.impl.client.TargetAuthenticationStrategy - Challenge for NTLM authentication scheme not available
17:41:39.514 [main] DEBUG org.apache.http.impl.client.TargetAuthenticationStrategy - Challenge for CredSSP authentication scheme not available
17:41:39.514 [main] DEBUG org.apache.http.impl.client.TargetAuthenticationStrategy - Challenge for Digest authentication scheme not available
17:41:39.514 [main] DEBUG org.apache.http.impl.client.DefaultHttpClient - Selected authentication options: [BASIC [complete=true]]
17:41:39.514 [main] DEBUG org.apache.http.wire -  << "49[\r][\n]"
17:41:39.514 [main] DEBUG org.apache.http.wire -  << "{"jsonrpc":"2.0","error":{"code":401,"message":"Unauthorized"},"id":null}"
17:41:39.514 [main] DEBUG org.apache.http.wire -  << "[\r][\n]"
17:41:39.514 [main] DEBUG org.apache.http.wire -  << "0[\r][\n]"
17:41:39.514 [main] DEBUG org.apache.http.wire -  << "[\r][\n]"
17:41:39.514 [main] DEBUG org.apache.http.client.protocol.RequestAddCookies - CookieSpec selected: ignoreCookies
17:41:39.514 [main] DEBUG org.apache.http.client.protocol.RequestAuthCache - Auth cache not set in the context
17:41:39.514 [main] DEBUG org.apache.http.client.protocol.RequestTargetAuthentication - Target auth state: CHALLENGED
17:41:39.514 [main] DEBUG org.apache.http.client.protocol.RequestTargetAuthentication - Generating response to an authentication challenge using basic scheme
17:41:39.514 [main] DEBUG org.apache.http.client.protocol.RequestProxyAuthentication - Proxy auth state: UNCHALLENGED
17:41:39.514 [main] DEBUG org.apache.http.impl.client.DefaultHttpClient - Attempt 2 to execute request
17:41:39.515 [main] DEBUG org.apache.http.impl.conn.DefaultClientConnection - Sending request: POST /jsonrpc.php HTTP/1.1
17:41:39.515 [main] DEBUG org.apache.http.wire -  >> "POST /jsonrpc.php HTTP/1.1[\r][\n]"
17:41:39.515 [main] DEBUG org.apache.http.wire -  >> "Accept: */*[\r][\n]"
17:41:39.515 [main] DEBUG org.apache.http.wire -  >> "Content-Type: text/plain; charset=ISO-8859-1[\r][\n]"
17:41:39.515 [main] DEBUG org.apache.http.wire -  >> "Content-Length: 199[\r][\n]"
17:41:39.515 [main] DEBUG org.apache.http.wire -  >> "Host: localhost:81[\r][\n]"
17:41:39.515 [main] DEBUG org.apache.http.wire -  >> "Connection: Keep-Alive[\r][\n]"
17:41:39.515 [main] DEBUG org.apache.http.wire -  >> "User-Agent: Apache-HttpClient/4.5.13 (Java/17)[\r][\n]"
17:41:39.515 [main] DEBUG org.apache.http.wire -  >> "Authorization: Basic YWRtaW46YWRtaW4=[\r][\n]"
17:41:39.515 [main] DEBUG org.apache.http.wire -  >> "Accept-Encoding: gzip,deflate[\r][\n]"
17:41:39.515 [main] DEBUG org.apache.http.wire -  >> "[\r][\n]"
17:41:39.515 [main] DEBUG org.apache.http.headers - >> POST /jsonrpc.php HTTP/1.1
17:41:39.515 [main] DEBUG org.apache.http.headers - >> Accept: */*
17:41:39.515 [main] DEBUG org.apache.http.headers - >> Content-Type: text/plain; charset=ISO-8859-1
17:41:39.515 [main] DEBUG org.apache.http.headers - >> Content-Length: 199
17:41:39.515 [main] DEBUG org.apache.http.headers - >> Host: localhost:81
17:41:39.515 [main] DEBUG org.apache.http.headers - >> Connection: Keep-Alive
17:41:39.515 [main] DEBUG org.apache.http.headers - >> User-Agent: Apache-HttpClient/4.5.13 (Java/17)
17:41:39.515 [main] DEBUG org.apache.http.headers - >> Authorization: Basic YWRtaW46YWRtaW4=
17:41:39.515 [main] DEBUG org.apache.http.headers - >> Accept-Encoding: gzip,deflate
17:41:39.515 [main] DEBUG org.apache.http.wire -  >> "{"jsonrpc":"2.0","method":"createUser","id":123123,"params":{"username":"kyryloAPITestLogin","password":"kyryloAPITestPassword","name":"kyrylo","email":"kyryloAPITest@mail.com","role":"app-manager"}}"
17:41:39.688 [main] DEBUG org.apache.http.wire -  << "HTTP/1.1 200 OK[\r][\n]"
17:41:39.688 [main] DEBUG org.apache.http.wire -  << "Server: nginx[\r][\n]"
17:41:39.688 [main] DEBUG org.apache.http.wire -  << "Date: Tue, 25 Jul 2023 14:41:39 GMT[\r][\n]"
17:41:39.688 [main] DEBUG org.apache.http.wire -  << "Content-Type: application/json[\r][\n]"
17:41:39.688 [main] DEBUG org.apache.http.wire -  << "Transfer-Encoding: chunked[\r][\n]"
17:41:39.688 [main] DEBUG org.apache.http.wire -  << "Connection: keep-alive[\r][\n]"
17:41:39.688 [main] DEBUG org.apache.http.wire -  << "Vary: Accept-Encoding[\r][\n]"
17:41:39.688 [main] DEBUG org.apache.http.wire -  << "Content-Encoding: gzip[\r][\n]"
17:41:39.688 [main] DEBUG org.apache.http.wire -  << "[\r][\n]"
17:41:39.688 [main] DEBUG org.apache.http.impl.conn.DefaultClientConnection - Receiving response: HTTP/1.1 200 OK
17:41:39.688 [main] DEBUG org.apache.http.headers - << HTTP/1.1 200 OK
17:41:39.688 [main] DEBUG org.apache.http.headers - << Server: nginx
17:41:39.688 [main] DEBUG org.apache.http.headers - << Date: Tue, 25 Jul 2023 14:41:39 GMT
17:41:39.688 [main] DEBUG org.apache.http.headers - << Content-Type: application/json
17:41:39.688 [main] DEBUG org.apache.http.headers - << Transfer-Encoding: chunked
17:41:39.689 [main] DEBUG org.apache.http.headers - << Connection: keep-alive
17:41:39.689 [main] DEBUG org.apache.http.headers - << Vary: Accept-Encoding
17:41:39.689 [main] DEBUG org.apache.http.headers - << Content-Encoding: gzip
17:41:39.689 [main] DEBUG org.apache.http.impl.client.DefaultHttpClient - Connection can be kept alive indefinitely
17:41:39.689 [main] DEBUG org.apache.http.impl.client.DefaultHttpClient - Authentication succeeded
17:41:39.689 [main] DEBUG org.apache.http.impl.client.TargetAuthenticationStrategy - Caching 'basic' auth scheme for http://localhost:81
17:41:39.689 [main] DEBUG io.restassured.internal.RestAssuredHttpBuilder - Parsing response as: application/json
17:41:39.689 [main] DEBUG org.apache.http.wire -  << "3c[\r][\n]"
17:41:39.689 [main] DEBUG org.apache.http.wire -  << "[0x1f][0x8b][0x8][0x0][0x0][0x0][0x0][0x0][0x0][0x3][0xab]V[0xca]*[0xce][0xcf]+*HV[0xb2]R2[0xd2]3P[0xd2]Q*J-.[0xcd])Q[0xb2]26[0xb1][0xd4]Q[0xca]LQ[0xb2]242[0x6][0xa2]Z[0x0]y""[0xd5]*[0x0][0x0][0x0]"
17:41:39.689 [main] DEBUG org.apache.http.wire -  << "[\r][\n]"
17:41:39.689 [main] DEBUG org.apache.http.wire -  << "0[\r][\n]"
17:41:39.689 [main] DEBUG org.apache.http.wire -  << "[\r][\n]"
17:41:39.690 [main] DEBUG io.restassured.internal.RestAssuredHttpBuilder - Parsed data to instance of: class org.apache.http.conn.EofSensorInputStream
17:41:39.691 [main] DEBUG org.apache.http.impl.conn.BasicClientConnectionManager - Releasing connection org.apache.http.impl.conn.ManagedClientConnectionImpl@1c7fd2e0
17:41:39.691 [main] DEBUG org.apache.http.impl.conn.BasicClientConnectionManager - Connection can be kept alive indefinitely
{
    "jsonrpc": "2.0",
    "result": 349,
    "id": 123123
}
Request method:	POST
Request URI:	http://localhost:81/jsonrpc.php
Proxy:			<none>
Request params:	<none>
Query params:	<none>
Form params:	<none>
Path params:	<none>
Headers:		Accept=*/*
				Content-Type=text/plain; charset=ISO-8859-1
Cookies:		<none>
Multiparts:		<none>
Body:
{"jsonrpc":"2.0","method":"createProject","id":345,"params":{"name":"API_Project","description":"API_Project Description","owner_id":349}}
17:41:39.712 [main] DEBUG org.apache.http.impl.conn.BasicClientConnectionManager - Get connection for route {}->http://localhost:81
17:41:39.712 [main] DEBUG org.apache.http.impl.conn.DefaultClientConnectionOperator - Connecting to localhost:81
17:41:39.713 [main] DEBUG org.apache.http.client.protocol.RequestAddCookies - CookieSpec selected: ignoreCookies
17:41:39.713 [main] DEBUG org.apache.http.client.protocol.RequestAuthCache - Auth cache not set in the context
17:41:39.713 [main] DEBUG org.apache.http.client.protocol.RequestTargetAuthentication - Target auth state: UNCHALLENGED
17:41:39.713 [main] DEBUG org.apache.http.client.protocol.RequestProxyAuthentication - Proxy auth state: UNCHALLENGED
17:41:39.713 [main] DEBUG org.apache.http.impl.client.DefaultHttpClient - Attempt 1 to execute request
17:41:39.713 [main] DEBUG org.apache.http.impl.conn.DefaultClientConnection - Sending request: POST /jsonrpc.php HTTP/1.1
17:41:39.713 [main] DEBUG org.apache.http.wire -  >> "POST /jsonrpc.php HTTP/1.1[\r][\n]"
17:41:39.713 [main] DEBUG org.apache.http.wire -  >> "Accept: */*[\r][\n]"
17:41:39.713 [main] DEBUG org.apache.http.wire -  >> "Content-Type: text/plain; charset=ISO-8859-1[\r][\n]"
17:41:39.713 [main] DEBUG org.apache.http.wire -  >> "Content-Length: 138[\r][\n]"
17:41:39.713 [main] DEBUG org.apache.http.wire -  >> "Host: localhost:81[\r][\n]"
17:41:39.713 [main] DEBUG org.apache.http.wire -  >> "Connection: Keep-Alive[\r][\n]"
17:41:39.713 [main] DEBUG org.apache.http.wire -  >> "User-Agent: Apache-HttpClient/4.5.13 (Java/17)[\r][\n]"
17:41:39.713 [main] DEBUG org.apache.http.wire -  >> "Accept-Encoding: gzip,deflate[\r][\n]"
17:41:39.713 [main] DEBUG org.apache.http.wire -  >> "[\r][\n]"
17:41:39.713 [main] DEBUG org.apache.http.headers - >> POST /jsonrpc.php HTTP/1.1
17:41:39.713 [main] DEBUG org.apache.http.headers - >> Accept: */*
17:41:39.713 [main] DEBUG org.apache.http.headers - >> Content-Type: text/plain; charset=ISO-8859-1
17:41:39.713 [main] DEBUG org.apache.http.headers - >> Content-Length: 138
17:41:39.713 [main] DEBUG org.apache.http.headers - >> Host: localhost:81
17:41:39.713 [main] DEBUG org.apache.http.headers - >> Connection: Keep-Alive
17:41:39.713 [main] DEBUG org.apache.http.headers - >> User-Agent: Apache-HttpClient/4.5.13 (Java/17)
17:41:39.713 [main] DEBUG org.apache.http.headers - >> Accept-Encoding: gzip,deflate
17:41:39.714 [main] DEBUG org.apache.http.wire -  >> "{"jsonrpc":"2.0","method":"createProject","id":345,"params":{"name":"API_Project","description":"API_Project Description","owner_id":349}}"
17:41:39.724 [main] DEBUG org.apache.http.wire -  << "HTTP/1.1 401 Unauthorized[\r][\n]"
17:41:39.724 [main] DEBUG org.apache.http.wire -  << "Server: nginx[\r][\n]"
17:41:39.724 [main] DEBUG org.apache.http.wire -  << "Date: Tue, 25 Jul 2023 14:41:39 GMT[\r][\n]"
17:41:39.724 [main] DEBUG org.apache.http.wire -  << "Content-Type: application/json[\r][\n]"
17:41:39.724 [main] DEBUG org.apache.http.wire -  << "Transfer-Encoding: chunked[\r][\n]"
17:41:39.724 [main] DEBUG org.apache.http.wire -  << "Connection: keep-alive[\r][\n]"
17:41:39.724 [main] DEBUG org.apache.http.wire -  << "WWW-Authenticate: Basic realm="JsonRPC"[\r][\n]"
17:41:39.724 [main] DEBUG org.apache.http.wire -  << "[\r][\n]"
17:41:39.724 [main] DEBUG org.apache.http.impl.conn.DefaultClientConnection - Receiving response: HTTP/1.1 401 Unauthorized
17:41:39.724 [main] DEBUG org.apache.http.headers - << HTTP/1.1 401 Unauthorized
17:41:39.724 [main] DEBUG org.apache.http.headers - << Server: nginx
17:41:39.724 [main] DEBUG org.apache.http.headers - << Date: Tue, 25 Jul 2023 14:41:39 GMT
17:41:39.724 [main] DEBUG org.apache.http.headers - << Content-Type: application/json
17:41:39.724 [main] DEBUG org.apache.http.headers - << Transfer-Encoding: chunked
17:41:39.724 [main] DEBUG org.apache.http.headers - << Connection: keep-alive
17:41:39.724 [main] DEBUG org.apache.http.headers - << WWW-Authenticate: Basic realm="JsonRPC"
17:41:39.724 [main] DEBUG org.apache.http.impl.client.DefaultHttpClient - Connection can be kept alive indefinitely
17:41:39.724 [main] DEBUG org.apache.http.impl.client.DefaultHttpClient - Authentication required
17:41:39.724 [main] DEBUG org.apache.http.impl.client.DefaultHttpClient - localhost:81 requested authentication
17:41:39.724 [main] DEBUG org.apache.http.impl.client.TargetAuthenticationStrategy - Authentication schemes in the order of preference: [Negotiate, Kerberos, NTLM, CredSSP, Digest, Basic]
17:41:39.724 [main] DEBUG org.apache.http.impl.client.TargetAuthenticationStrategy - Challenge for Negotiate authentication scheme not available
17:41:39.724 [main] DEBUG org.apache.http.impl.client.TargetAuthenticationStrategy - Challenge for Kerberos authentication scheme not available
[...]
17:42:18.210 [AsyncHttpClient-1-4] DEBUG org.asynchttpclient.netty.handler.HttpHandler - 

Request DefaultHttpRequest(decodeResult: success, version: HTTP/1.1)
POST /session/23709c4048c8d929e3146365bf513e17/timeouts HTTP/1.1
User-Agent: selenium/4.9.1 (java windows)
Content-Length: 23
Content-Type: application/json; charset=utf-8
host: localhost:2616
accept: */*

Response DefaultHttpResponse(decodeResult: success, version: HTTP/1.1)
HTTP/1.1 200 OK
Content-Length: 14
Content-Type: application/json; charset=utf-8
cache-control: no-cache

17:42:18.210 [AsyncHttpClient-1-4] DEBUG org.asynchttpclient.netty.channel.ChannelManager - Adding key: http://localhost:2616 for channel [id: 0x3f0d5218, L:/127.0.0.1:51609 - R:localhost/127.0.0.1:2616]
17:42:18.211 [main] INFO com.codeborne.selenide.webdriver.WebDriverFactory - BrowserName=chrome Version=114.0.5735.199 Platform=windows
17:42:18.211 [main] INFO com.codeborne.selenide.webdriver.WebDriverFactory - Selenide v. 6.15.0
17:42:18.211 [main] INFO com.codeborne.selenide.webdriver.WebDriverFactory - Selenium WebDriver v. 4.9.1 build revision: eb2032df7f
17:42:18.211 [main] INFO com.codeborne.selenide.drivercommands.CreateDriverCommand - Created webdriver in thread 1: ChromeDriver -> ChromeDriver: chrome on windows (23709c4048c8d929e3146365bf513e17)
17:42:18.211 [main] INFO com.codeborne.selenide.drivercommands.DisposablesRegistry - Register WebDriverInstance[config=StaticConfig,webDriver=ChromeDriver: chrome on windows (23709c4048c8d929e3146365bf513e17),proxy=null,downloadsFolder=C:\Users\k.shmana\Desktop\r_d\Kanboard\build\downloads\1690296137018_10268_1] in 1 [size=1]
17:42:18.212 [Forwarding get on session 23709c4048c8d929e3146365bf513e17 to remote] DEBUG org.asynchttpclient.netty.request.NettyRequestSender - Using pooled Channel '[id: 0x3f0d5218, L:/127.0.0.1:51609 - R:localhost/127.0.0.1:2616]' for 'POST' to 'http://localhost:2616/session/23709c4048c8d929e3146365bf513e17/url'
17:42:18.212 [Forwarding get on session 23709c4048c8d929e3146365bf513e17 to remote] DEBUG org.asynchttpclient.netty.request.NettyRequestSender - Using open Channel [id: 0x3f0d5218, L:/127.0.0.1:51609 - R:localhost/127.0.0.1:2616] for POST '/session/23709c4048c8d929e3146365bf513e17/url'
17:42:18.523 [AsyncHttpClient-1-1] DEBUG org.asynchttpclient.netty.channel.DefaultChannelPool - Entry count for : http://localhost:51611 : 1
17:42:18.643 [AsyncHttpClient-1-4] DEBUG org.asynchttpclient.netty.handler.HttpHandler - 

Request DefaultHttpRequest(decodeResult: success, version: HTTP/1.1)
POST /session/23709c4048c8d929e3146365bf513e17/url HTTP/1.1
User-Agent: selenium/4.9.1 (java windows)
Content-Length: 55
Content-Type: application/json; charset=utf-8
host: localhost:2616
accept: */*

Response DefaultHttpResponse(decodeResult: success, version: HTTP/1.1)
HTTP/1.1 200 OK
Content-Length: 14
Content-Type: application/json; charset=utf-8
cache-control: no-cache

17:42:18.643 [AsyncHttpClient-1-4] DEBUG org.asynchttpclient.netty.channel.ChannelManager - Adding key: http://localhost:2616 for channel [id: 0x3f0d5218, L:/127.0.0.1:51609 - R:localhost/127.0.0.1:2616]
17:42:18.649 [Forwarding findElement on session 23709c4048c8d929e3146365bf513e17 to remote] DEBUG org.asynchttpclient.netty.request.NettyRequestSender - Using pooled Channel '[id: 0x3f0d5218, L:/127.0.0.1:51609 - R:localhost/127.0.0.1:2616]' for 'POST' to 'http://localhost:2616/session/23709c4048c8d929e3146365bf513e17/element'
17:42:18.649 [Forwarding findElement on session 23709c4048c8d929e3146365bf513e17 to remote] DEBUG org.asynchttpclient.netty.request.NettyRequestSender - Using open Channel [id: 0x3f0d5218, L:/127.0.0.1:51609 - R:localhost/127.0.0.1:2616] for POST '/session/23709c4048c8d929e3146365bf513e17/element'
17:42:18.672 [AsyncHttpClient-1-4] DEBUG org.asynchttpclient.netty.handler.HttpHandler - 

Request DefaultHttpRequest(decodeResult: success, version: HTTP/1.1)
POST /session/23709c4048c8d929e3146365bf513e17/element HTTP/1.1
User-Agent: selenium/4.9.1 (java windows)
Content-Length: 75
Content-Type: application/json; charset=utf-8
host: localhost:2616
accept: */*

Response DefaultHttpResponse(decodeResult: success, version: HTTP/1.1)
HTTP/1.1 200 OK
Content-Length: 94
Content-Type: application/json; charset=utf-8
cache-control: no-cache

17:42:18.673 [AsyncHttpClient-1-4] DEBUG org.asynchttpclient.netty.channel.ChannelManager - Adding key: http://localhost:2616 for channel [id: 0x3f0d5218, L:/127.0.0.1:51609 - R:localhost/127.0.0.1:2616]
17:42:18.675 [Forwarding sendKeysToElement on session 23709c4048c8d929e3146365bf513e17 to remote] DEBUG org.asynchttpclient.netty.request.NettyRequestSender - Using pooled Channel '[id: 0x3f0d5218, L:/127.0.0.1:51609 - R:localhost/127.0.0.1:2616]' for 'POST' to 'http://localhost:2616/session/23709c4048c8d929e3146365bf513e17/element/07719DEE26E4FACB4C3669B5675DA82E_element_2/value'
17:42:18.675 [Forwarding sendKeysToElement on session 23709c4048c8d929e3146365bf513e17 to remote] DEBUG org.asynchttpclient.netty.request.NettyRequestSender - Using open Channel [id: 0x3f0d5218, L:/127.0.0.1:51609 - R:localhost/127.0.0.1:2616] for POST '/session/23709c4048c8d929e3146365bf513e17/element/07719DEE26E4FACB4C3669B5675DA82E_element_2/value'
17:42:18.716 [AsyncHttpClient-1-4] DEBUG org.asynchttpclient.netty.handler.HttpHandler - 

Request DefaultHttpRequest(decodeResult: success, version: HTTP/1.1)
POST /session/23709c4048c8d929e3146365bf513e17/element/07719DEE26E4FACB4C3669B5675DA82E_element_2/value HTTP/1.1
User-Agent: selenium/4.9.1 (java windows)
Content-Length: 117
Content-Type: application/json; charset=utf-8
host: localhost:2616
accept: */*

Response DefaultHttpResponse(decodeResult: success, version: HTTP/1.1)
HTTP/1.1 200 OK
Content-Length: 14
Content-Type: application/json; charset=utf-8
cache-control: no-cache

17:42:18.716 [AsyncHttpClient-1-4] DEBUG org.asynchttpclient.netty.channel.ChannelManager - Adding key: http://localhost:2616 for channel [id: 0x3f0d5218, L:/127.0.0.1:51609 - R:localhost/127.0.0.1:2616]
17:42:18.719 [Forwarding findElement on session 23709c4048c8d929e3146365bf513e17 to remote] DEBUG org.asynchttpclient.netty.request.NettyRequestSender - Using pooled Channel '[id: 0x3f0d5218, L:/127.0.0.1:51609 - R:localhost/127.0.0.1:2616]' for 'POST' to 'http://localhost:2616/session/23709c4048c8d929e3146365bf513e17/element'
17:42:18.719 [Forwarding findElement on session 23709c4048c8d929e3146365bf513e17 to remote] DEBUG org.asynchttpclient.netty.request.NettyRequestSender - Using open Channel [id: 0x3f0d5218, L:/127.0.0.1:51609 - R:localhost/127.0.0.1:2616] for POST '/session/23709c4048c8d929e3146365bf513e17/element'
17:42:18.732 [AsyncHttpClient-1-4] DEBUG org.asynchttpclient.netty.handler.HttpHandler - 

Request DefaultHttpRequest(decodeResult: success, version: HTTP/1.1)
POST /session/23709c4048c8d929e3146365bf513e17/element HTTP/1.1
User-Agent: selenium/4.9.1 (java windows)
Content-Length: 75
Content-Type: application/json; charset=utf-8
host: localhost:2616
accept: */*

Response DefaultHttpResponse(decodeResult: success, version: HTTP/1.1)
HTTP/1.1 200 OK
Content-Length: 94
Content-Type: application/json; charset=utf-8
cache-control: no-cache

17:42:18.733 [AsyncHttpClient-1-4] DEBUG org.asynchttpclient.netty.channel.ChannelManager - Adding key: http://localhost:2616 for channel [id: 0x3f0d5218, L:/127.0.0.1:51609 - R:localhost/127.0.0.1:2616]
17:42:18.734 [Forwarding sendKeysToElement on session 23709c4048c8d929e3146365bf513e17 to remote] DEBUG org.asynchttpclient.netty.request.NettyRequestSender - Using pooled Channel '[id: 0x3f0d5218, L:/127.0.0.1:51609 - R:localhost/127.0.0.1:2616]' for 'POST' to 'http://localhost:2616/session/23709c4048c8d929e3146365bf513e17/element/07719DEE26E4FACB4C3669B5675DA82E_element_4/value'
17:42:18.734 [Forwarding sendKeysToElement on session 23709c4048c8d929e3146365bf513e17 to remote] DEBUG org.asynchttpclient.netty.request.NettyRequestSender - Using open Channel [id: 0x3f0d5218, L:/127.0.0.1:51609 - R:localhost/127.0.0.1:2616] for POST '/session/23709c4048c8d929e3146365bf513e17/element/07719DEE26E4FACB4C3669B5675DA82E_element_4/value'
17:42:18.830 [AsyncHttpClient-1-4] DEBUG org.asynchttpclient.netty.handler.HttpHandler - 

Request DefaultHttpRequest(decodeResult: success, version: HTTP/1.1)
POST /session/23709c4048c8d929e3146365bf513e17/element/07719DEE26E4FACB4C3669B5675DA82E_element_4/value HTTP/1.1
User-Agent: selenium/4.9.1 (java windows)
Content-Length: 297
Content-Type: application/json; charset=utf-8
host: localhost:2616
accept: */*

Response DefaultHttpResponse(decodeResult: success, version: HTTP/1.1)
HTTP/1.1 200 OK
Content-Length: 14
Content-Type: application/json; charset=utf-8
cache-control: no-cache

17:42:18.830 [AsyncHttpClient-1-4] DEBUG org.asynchttpclient.netty.channel.ChannelManager - Adding key: http://localhost:2616 for channel [id: 0x3f0d5218, L:/127.0.0.1:51609 - R:localhost/127.0.0.1:2616]
17:42:18.831 [Forwarding findElement on session 23709c4048c8d929e3146365bf513e17 to remote] DEBUG org.asynchttpclient.netty.request.NettyRequestSender - Using pooled Channel '[id: 0x3f0d5218, L:/127.0.0.1:51609 - R:localhost/127.0.0.1:2616]' for 'POST' to 'http://localhost:2616/session/23709c4048c8d929e3146365bf513e17/element'
17:42:18.831 [Forwarding findElement on session 23709c4048c8d929e3146365bf513e17 to remote] DEBUG org.asynchttpclient.netty.request.NettyRequestSender - Using open Channel [id: 0x3f0d5218, L:/127.0.0.1:51609 - R:localhost/127.0.0.1:2616] for POST '/session/23709c4048c8d929e3146365bf513e17/element'
17:42:18.855 [AsyncHttpClient-1-4] DEBUG org.asynchttpclient.netty.handler.HttpHandler - 

Request DefaultHttpRequest(decodeResult: success, version: HTTP/1.1)
POST /session/23709c4048c8d929e3146365bf513e17/element HTTP/1.1
User-Agent: selenium/4.9.1 (java windows)
Content-Length: 73
Content-Type: application/json; charset=utf-8
host: localhost:2616
accept: */*

Response DefaultHttpResponse(decodeResult: success, version: HTTP/1.1)
HTTP/1.1 200 OK
Content-Length: 94
Content-Type: application/json; charset=utf-8
cache-control: no-cache

17:42:18.855 [AsyncHttpClient-1-4] DEBUG org.asynchttpclient.netty.channel.ChannelManager - Adding key: http://localhost:2616 for channel [id: 0x3f0d5218, L:/127.0.0.1:51609 - R:localhost/127.0.0.1:2616]
17:42:18.859 [Forwarding isElementDisplayed on session 23709c4048c8d929e3146365bf513e17 to remote] DEBUG org.asynchttpclient.netty.request.NettyRequestSender - Using pooled Channel '[id: 0x3f0d5218, L:/127.0.0.1:51609 - R:localhost/127.0.0.1:2616]' for 'POST' to 'http://localhost:2616/session/23709c4048c8d929e3146365bf513e17/execute/sync'
17:42:18.859 [Forwarding isElementDisplayed on session 23709c4048c8d929e3146365bf513e17 to remote] DEBUG org.asynchttpclient.netty.request.NettyRequestSender - Using open Channel [id: 0x3f0d5218, L:/127.0.0.1:51609 - R:localhost/127.0.0.1:2616] for POST '/session/23709c4048c8d929e3146365bf513e17/execute/sync'
17:42:18.882 [AsyncHttpClient-1-4] DEBUG org.asynchttpclient.netty.handler.HttpHandler - 

Request DefaultHttpRequest(decodeResult: success, version: HTTP/1.1)
POST /session/23709c4048c8d929e3146365bf513e17/execute/sync HTTP/1.1
User-Agent: selenium/4.9.1 (java windows)
Content-Length: 48813
Content-Type: application/json; charset=utf-8
host: localhost:2616
accept: */*

Response DefaultHttpResponse(decodeResult: success, version: HTTP/1.1)
HTTP/1.1 200 OK
Content-Length: 14
Content-Type: application/json; charset=utf-8
cache-control: no-cache

17:42:18.882 [AsyncHttpClient-1-4] DEBUG org.asynchttpclient.netty.channel.ChannelManager - Adding key: http://localhost:2616 for channel [id: 0x3f0d5218, L:/127.0.0.1:51609 - R:localhost/127.0.0.1:2616]
17:42:18.884 [Forwarding isElementEnabled on session 23709c4048c8d929e3146365bf513e17 to remote] DEBUG org.asynchttpclient.netty.request.NettyRequestSender - Using pooled Channel '[id: 0x3f0d5218, L:/127.0.0.1:51609 - R:localhost/127.0.0.1:2616]' for 'GET' to 'http://localhost:2616/session/23709c4048c8d929e3146365bf513e17/element/07719DEE26E4FACB4C3669B5675DA82E_element_5/enabled'
17:42:18.884 [Forwarding isElementEnabled on session 23709c4048c8d929e3146365bf513e17 to remote] DEBUG org.asynchttpclient.netty.request.NettyRequestSender - Using open Channel [id: 0x3f0d5218, L:/127.0.0.1:51609 - R:localhost/127.0.0.1:2616] for GET '/session/23709c4048c8d929e3146365bf513e17/element/07719DEE26E4FACB4C3669B5675DA82E_element_5/enabled'
17:42:18.898 [AsyncHttpClient-1-4] DEBUG org.asynchttpclient.netty.handler.HttpHandler - 

Request DefaultFullHttpRequest(decodeResult: success, version: HTTP/1.1, content: EmptyByteBufBE)
GET /session/23709c4048c8d929e3146365bf513e17/element/07719DEE26E4FACB4C3669B5675DA82E_element_5/enabled HTTP/1.1
User-Agent: selenium/4.9.1 (java windows)
Cache-Control: no-cache
Content-Type: application/json; charset=utf-8
host: localhost:2616
accept: */*

Response DefaultHttpResponse(decodeResult: success, version: HTTP/1.1)
HTTP/1.1 200 OK
Content-Length: 14
Content-Type: application/json; charset=utf-8
cache-control: no-cache

17:42:18.898 [AsyncHttpClient-1-4] DEBUG org.asynchttpclient.netty.channel.ChannelManager - Adding key: http://localhost:2616 for channel [id: 0x3f0d5218, L:/127.0.0.1:51609 - R:localhost/127.0.0.1:2616]
17:42:18.899 [Forwarding clickElement on session 23709c4048c8d929e3146365bf513e17 to remote] DEBUG org.asynchttpclient.netty.request.NettyRequestSender - Using pooled Channel '[id: 0x3f0d5218, L:/127.0.0.1:51609 - R:localhost/127.0.0.1:2616]' for 'POST' to 'http://localhost:2616/session/23709c4048c8d929e3146365bf513e17/element/07719DEE26E4FACB4C3669B5675DA82E_element_5/click'
17:42:18.899 [Forwarding clickElement on session 23709c4048c8d929e3146365bf513e17 to remote] DEBUG org.asynchttpclient.netty.request.NettyRequestSender - Using open Channel [id: 0x3f0d5218, L:/127.0.0.1:51609 - R:localhost/127.0.0.1:2616] for POST '/session/23709c4048c8d929e3146365bf513e17/element/07719DEE26E4FACB4C3669B5675DA82E_element_5/click'
17:42:19.092 [AsyncHttpClient-1-4] DEBUG org.asynchttpclient.netty.handler.HttpHandler - 

Request DefaultHttpRequest(decodeResult: success, version: HTTP/1.1)
POST /session/23709c4048c8d929e3146365bf513e17/element/07719DEE26E4FACB4C3669B5675DA82E_element_5/click HTTP/1.1
User-Agent: selenium/4.9.1 (java windows)
Content-Length: 56
Content-Type: application/json; charset=utf-8
host: localhost:2616
accept: */*

Response DefaultHttpResponse(decodeResult: success, version: HTTP/1.1)
HTTP/1.1 200 OK
Content-Length: 14
Content-Type: application/json; charset=utf-8
cache-control: no-cache

17:42:19.092 [AsyncHttpClient-1-4] DEBUG org.asynchttpclient.netty.channel.ChannelManager - Adding key: http://localhost:2616 for channel [id: 0x3f0d5218, L:/127.0.0.1:51609 - R:localhost/127.0.0.1:2616]
17:42:19.093 [Forwarding findElement on session 23709c4048c8d929e3146365bf513e17 to remote] DEBUG org.asynchttpclient.netty.request.NettyRequestSender - Using pooled Channel '[id: 0x3f0d5218, L:/127.0.0.1:51609 - R:localhost/127.0.0.1:2616]' for 'POST' to 'http://localhost:2616/session/23709c4048c8d929e3146365bf513e17/element'
17:42:19.094 [Forwarding findElement on session 23709c4048c8d929e3146365bf513e17 to remote] DEBUG org.asynchttpclient.netty.request.NettyRequestSender - Using open Channel [id: 0x3f0d5218, L:/127.0.0.1:51609 - R:localhost/127.0.0.1:2616] for POST '/session/23709c4048c8d929e3146365bf513e17/element'
17:42:19.112 [AsyncHttpClient-1-4] DEBUG org.asynchttpclient.netty.handler.HttpHandler - 

Request DefaultHttpRequest(decodeResult: success, version: HTTP/1.1)
POST /session/23709c4048c8d929e3146365bf513e17/element HTTP/1.1
User-Agent: selenium/4.9.1 (java windows)
Content-Length: 78
Content-Type: application/json; charset=utf-8
host: localhost:2616
accept: */*

Response DefaultHttpResponse(decodeResult: success, version: HTTP/1.1)
HTTP/1.1 200 OK
Content-Length: 94
Content-Type: application/json; charset=utf-8
cache-control: no-cache

17:42:19.112 [AsyncHttpClient-1-4] DEBUG org.asynchttpclient.netty.channel.ChannelManager - Adding key: http://localhost:2616 for channel [id: 0x3f0d5218, L:/127.0.0.1:51609 - R:localhost/127.0.0.1:2616]
17:42:19.112 [Forwarding getElementTagName on session 23709c4048c8d929e3146365bf513e17 to remote] DEBUG org.asynchttpclient.netty.request.NettyRequestSender - Using pooled Channel '[id: 0x3f0d5218, L:/127.0.0.1:51609 - R:localhost/127.0.0.1:2616]' for 'GET' to 'http://localhost:2616/session/23709c4048c8d929e3146365bf513e17/element/CA7267A01BA82AD04474E30EB6D4494C_element_8/name'
17:42:19.112 [Forwarding getElementTagName on session 23709c4048c8d929e3146365bf513e17 to remote] DEBUG org.asynchttpclient.netty.request.NettyRequestSender - Using open Channel [id: 0x3f0d5218, L:/127.0.0.1:51609 - R:localhost/127.0.0.1:2616] for GET '/session/23709c4048c8d929e3146365bf513e17/element/CA7267A01BA82AD04474E30EB6D4494C_element_8/name'
17:42:19.122 [AsyncHttpClient-1-4] DEBUG org.asynchttpclient.netty.handler.HttpHandler - 

Request DefaultFullHttpRequest(decodeResult: success, version: HTTP/1.1, content: EmptyByteBufBE)
GET /session/23709c4048c8d929e3146365bf513e17/element/CA7267A01BA82AD04474E30EB6D4494C_element_8/name HTTP/1.1
User-Agent: selenium/4.9.1 (java windows)
Cache-Control: no-cache
Content-Type: application/json; charset=utf-8
host: localhost:2616
accept: */*

Response DefaultHttpResponse(decodeResult: success, version: HTTP/1.1)
HTTP/1.1 200 OK
Content-Length: 13
Content-Type: application/json; charset=utf-8
cache-control: no-cache

17:42:19.123 [AsyncHttpClient-1-4] DEBUG org.asynchttpclient.netty.channel.ChannelManager - Adding key: http://localhost:2616 for channel [id: 0x3f0d5218, L:/127.0.0.1:51609 - R:localhost/127.0.0.1:2616]
17:42:19.124 [Forwarding getElementText on session 23709c4048c8d929e3146365bf513e17 to remote] DEBUG org.asynchttpclient.netty.request.NettyRequestSender - Using pooled Channel '[id: 0x3f0d5218, L:/127.0.0.1:51609 - R:localhost/127.0.0.1:2616]' for 'GET' to 'http://localhost:2616/session/23709c4048c8d929e3146365bf513e17/element/CA7267A01BA82AD04474E30EB6D4494C_element_8/text'
17:42:19.124 [Forwarding getElementText on session 23709c4048c8d929e3146365bf513e17 to remote] DEBUG org.asynchttpclient.netty.request.NettyRequestSender - Using open Channel [id: 0x3f0d5218, L:/127.0.0.1:51609 - R:localhost/127.0.0.1:2616] for GET '/session/23709c4048c8d929e3146365bf513e17/element/CA7267A01BA82AD04474E30EB6D4494C_element_8/text'
17:42:19.148 [AsyncHttpClient-1-4] DEBUG org.asynchttpclient.netty.handler.HttpHandler - 

Request DefaultFullHttpRequest(decodeResult: success, version: HTTP/1.1, content: EmptyByteBufBE)
GET /session/23709c4048c8d929e3146365bf513e17/element/CA7267A01BA82AD04474E30EB6D4494C_element_8/text HTTP/1.1
User-Agent: selenium/4.9.1 (java windows)
Cache-Control: no-cache
Content-Type: application/json; charset=utf-8
host: localhost:2616
accept: */*

Response DefaultHttpResponse(decodeResult: success, version: HTTP/1.1)
HTTP/1.1 200 OK
Content-Length: 36
Content-Type: application/json; charset=utf-8
cache-control: no-cache

17:42:19.148 [AsyncHttpClient-1-4] DEBUG org.asynchttpclient.netty.channel.ChannelManager - Adding key: http://localhost:2616 for channel [id: 0x3f0d5218, L:/127.0.0.1:51609 - R:localhost/127.0.0.1:2616]
]]></system-out>
    <system-err><![CDATA[Starting ChromeDriver 114.0.5735.90 (386bc09e8f4f2e025eddae123f36f6263096ae49-refs/branch-heads/5735@{#1052}) on port 2616
Only local connections are allowed.
Please see https://chromedriver.chromium.org/security-considerations for suggestions on keeping ChromeDriver safe.
ChromeDriver was started successfully.
июл. 25, 2023 5:42:18 PM org.openqa.selenium.devtools.CdpVersionFinder findNearestMatch
WARNING: Unable to find an exact match for CDP version 114, so returning the closest version found: 113
]]></system-err>
  </testcase>
</testsuite>